<?xml version="1.0" encoding="UTF-8"?>
<testng-results skipped="19" failed="20" ignored="0" total="55" passed="16">
  <reporter-output>
  </reporter-output>
  <suite name="com.mycompany_DmsSeleniumMavenApp_jar_1.0-SNAPSHOT" duration-ms="1184913" started-at="2022-05-11T21:24:59 IST" finished-at="2022-05-11T21:44:44 IST">
    <groups>
    </groups>
    <test name="DMSWithLMS3" duration-ms="158081" started-at="2022-05-11T21:24:59 IST" finished-at="2022-05-11T21:27:38 IST">
      <class name="com.pss.dms.DMSRejectionFlow.DMSQAApprover">
        <test-method status="PASS" signature="setUp()[pri:0, instance:com.pss.dms.DMSRejectionFlow.DMSQAApprover@3e77a1ed]" name="setUp" is-config="true" duration-ms="4439" started-at="2022-05-11T21:26:34 IST" finished-at="2022-05-11T21:26:38 IST">
          <reporter-output>
          </reporter-output>
        </test-method> <!-- setUp -->
        <test-method status="PASS" signature="toDMSQAApprover()[pri:0, instance:com.pss.dms.DMSRejectionFlow.DMSQAApprover@3e77a1ed]" name="toDMSQAApprover" duration-ms="58545" started-at="2022-05-11T21:26:38 IST" finished-at="2022-05-11T21:27:37 IST">
          <reporter-output>
          </reporter-output>
        </test-method> <!-- toDMSQAApprover -->
        <test-method status="PASS" signature="testIT(org.testng.ITestResult)[pri:0, instance:com.pss.dms.DMSRejectionFlow.DMSQAApprover@3e77a1ed]" name="testIT" is-config="true" duration-ms="3" started-at="2022-05-11T21:27:37 IST" finished-at="2022-05-11T21:27:37 IST">
          <params>
            <param index="0">
              <value>
                <![CDATA[[TestResult name=toDMSQAApprover status=SUCCESS method=DMSQAApprover.toDMSQAApprover()[pri:0, instance:com.pss.dms.DMSRejectionFlow.DMSQAApprover@3e77a1ed] output={null}]]]>
              </value>
            </param>
          </params>
          <reporter-output>
          </reporter-output>
        </test-method> <!-- testIT -->
        <test-method status="PASS" signature="tearDown()[pri:0, instance:com.pss.dms.DMSRejectionFlow.DMSQAApprover@3e77a1ed]" name="tearDown" is-config="true" duration-ms="724" started-at="2022-05-11T21:27:37 IST" finished-at="2022-05-11T21:27:38 IST">
          <reporter-output>
          </reporter-output>
        </test-method> <!-- tearDown -->
      </class> <!-- com.pss.dms.DMSRejectionFlow.DMSQAApprover -->
      <class name="com.pss.dms.DMSRejectionFlow.DMSQAReviewer">
        <test-method status="PASS" signature="setUp()[pri:0, instance:com.pss.dms.DMSRejectionFlow.DMSQAReviewer@1dd02175]" name="setUp" is-config="true" duration-ms="6119" started-at="2022-05-11T21:25:00 IST" finished-at="2022-05-11T21:25:06 IST">
          <reporter-output>
          </reporter-output>
        </test-method> <!-- setUp -->
        <test-method status="PASS" signature="toDMSQAReviewerSOP()[pri:0, instance:com.pss.dms.DMSRejectionFlow.DMSQAReviewer@1dd02175]" name="toDMSQAReviewerSOP" duration-ms="50050" started-at="2022-05-11T21:25:06 IST" finished-at="2022-05-11T21:25:56 IST">
          <reporter-output>
          </reporter-output>
        </test-method> <!-- toDMSQAReviewerSOP -->
        <test-method status="PASS" signature="tearDown()[pri:0, instance:com.pss.dms.DMSRejectionFlow.DMSQAReviewer@1dd02175]" name="tearDown" is-config="true" duration-ms="740" started-at="2022-05-11T21:25:56 IST" finished-at="2022-05-11T21:25:57 IST">
          <reporter-output>
          </reporter-output>
        </test-method> <!-- tearDown -->
      </class> <!-- com.pss.dms.DMSRejectionFlow.DMSQAReviewer -->
      <class name="com.pss.dms.DMSRejectionFlow.DMScftReviewer">
        <test-method status="PASS" signature="setUp()[pri:0, instance:com.pss.dms.DMSRejectionFlow.DMScftReviewer@31206beb]" name="setUp" is-config="true" duration-ms="4615" started-at="2022-05-11T21:25:57 IST" finished-at="2022-05-11T21:26:01 IST">
          <reporter-output>
          </reporter-output>
        </test-method> <!-- setUp -->
        <test-method status="PASS" signature="toDMScftReviewerSOP()[pri:0, instance:com.pss.dms.DMSRejectionFlow.DMScftReviewer@31206beb]" name="toDMScftReviewerSOP" duration-ms="31959" started-at="2022-05-11T21:26:01 IST" finished-at="2022-05-11T21:26:33 IST">
          <reporter-output>
          </reporter-output>
        </test-method> <!-- toDMScftReviewerSOP -->
        <test-method status="PASS" signature="tearDown()[pri:0, instance:com.pss.dms.DMSRejectionFlow.DMScftReviewer@31206beb]" name="tearDown" is-config="true" duration-ms="706" started-at="2022-05-11T21:26:33 IST" finished-at="2022-05-11T21:26:34 IST">
          <reporter-output>
          </reporter-output>
        </test-method> <!-- tearDown -->
      </class> <!-- com.pss.dms.DMSRejectionFlow.DMScftReviewer -->
    </test> <!-- DMSWithLMS3 -->
    <test name="DMSWithLMS4" duration-ms="1024728" started-at="2022-05-11T21:27:38 IST" finished-at="2022-05-11T21:44:42 IST">
      <class name="com.pss.dms.LMSRejectionFlow.AdhocSchedule">
        <test-method status="PASS" signature="setUp()[pri:0, instance:com.pss.dms.LMSRejectionFlow.AdhocSchedule@f0f2775]" name="setUp" is-config="true" duration-ms="4887" started-at="2022-05-11T21:39:48 IST" finished-at="2022-05-11T21:39:53 IST">
          <reporter-output>
          </reporter-output>
        </test-method> <!-- setUp -->
        <test-method status="PASS" signature="toAdhocSchedule()[pri:0, instance:com.pss.dms.LMSRejectionFlow.AdhocSchedule@f0f2775]" name="toAdhocSchedule" duration-ms="162334" started-at="2022-05-11T21:39:53 IST" finished-at="2022-05-11T21:42:36 IST">
          <reporter-output>
          </reporter-output>
        </test-method> <!-- toAdhocSchedule -->
        <test-method status="PASS" signature="tearDown()[pri:0, instance:com.pss.dms.LMSRejectionFlow.AdhocSchedule@f0f2775]" name="tearDown" is-config="true" duration-ms="750" started-at="2022-05-11T21:42:36 IST" finished-at="2022-05-11T21:42:36 IST">
          <reporter-output>
          </reporter-output>
        </test-method> <!-- tearDown -->
      </class> <!-- com.pss.dms.LMSRejectionFlow.AdhocSchedule -->
      <class name="com.pss.dms.LMSRejectionFlow.QuestionPaper">
        <test-method status="FAIL" signature="setUp()[pri:0, instance:com.pss.dms.LMSRejectionFlow.QuestionPaper@279ad2e3]" name="setUp" is-config="true" duration-ms="-1652285682203" started-at="2022-05-11T21:44:42 IST" finished-at="1970-01-01T05:30:00 IST">
          <exception class="java.lang.RuntimeException">
            <message>
              <![CDATA[Test skipped due to a detected failure in the overall suite.]]>
            </message>
            <full-stacktrace>
              <![CDATA[java.lang.RuntimeException: Test skipped due to a detected failure in the overall suite.
at com.pss.dms.Listerners.SuiteFailingInvokedMethodListener.beforeInvocation(SuiteFailingInvokedMethodListener.java:17)
at org.testng.internal.invokers.InvokedMethodListenerInvoker$InvokeBeforeInvocationWithoutContextStrategy.callMethod(InvokedMethodListenerInvoker.java:88)
at org.testng.internal.invokers.InvokedMethodListenerInvoker.invokeListener(InvokedMethodListenerInvoker.java:61)
at org.testng.internal.BaseInvoker.runInvokedMethodListeners(BaseInvoker.java:55)
at org.testng.internal.ConfigInvoker.invokeConfigurationMethod(ConfigInvoker.java:325)
at org.testng.internal.ConfigInvoker.invokeConfigurations(ConfigInvoker.java:294)
at org.testng.internal.TestMethodWorker.invokeBeforeClassMethods(TestMethodWorker.java:176)
at org.testng.internal.TestMethodWorker.run(TestMethodWorker.java:122)
at java.util.ArrayList.forEach(ArrayList.java:1257)
at org.testng.TestRunner.privateRun(TestRunner.java:770)
at org.testng.TestRunner.run(TestRunner.java:591)
at org.testng.SuiteRunner.runTest(SuiteRunner.java:402)
at org.testng.SuiteRunner.runSequentially(SuiteRunner.java:396)
at org.testng.SuiteRunner.privateRun(SuiteRunner.java:355)
at org.testng.SuiteRunner.run(SuiteRunner.java:304)
at org.testng.SuiteRunnerWorker.runSuite(SuiteRunnerWorker.java:53)
at org.testng.SuiteRunnerWorker.run(SuiteRunnerWorker.java:96)
at org.testng.TestNG.runSuitesSequentially(TestNG.java:1180)
at org.testng.TestNG.runSuitesLocally(TestNG.java:1102)
at org.testng.TestNG.runSuites(TestNG.java:1032)
at org.testng.TestNG.run(TestNG.java:1000)
at org.testng.remote.AbstractRemoteTestNG.run(AbstractRemoteTestNG.java:115)
at org.testng.remote.RemoteTestNG.initAndRun(RemoteTestNG.java:251)
at org.testng.remote.RemoteTestNG.main(RemoteTestNG.java:77)
]]>
            </full-stacktrace>
          </exception> <!-- java.lang.RuntimeException -->
          <reporter-output>
          </reporter-output>
        </test-method> <!-- setUp -->
        <test-method status="SKIP" signature="toQuestionPaper()[pri:0, instance:com.pss.dms.LMSRejectionFlow.QuestionPaper@279ad2e3]" name="toQuestionPaper" duration-ms="0" started-at="2022-05-11T21:44:42 IST" finished-at="2022-05-11T21:44:42 IST">
          <exception class="java.lang.RuntimeException">
            <message>
              <![CDATA[Test skipped due to a detected failure in the overall suite.]]>
            </message>
            <full-stacktrace>
              <![CDATA[java.lang.RuntimeException: Test skipped due to a detected failure in the overall suite.
at com.pss.dms.Listerners.SuiteFailingInvokedMethodListener.beforeInvocation(SuiteFailingInvokedMethodListener.java:17)
at org.testng.internal.invokers.InvokedMethodListenerInvoker$InvokeBeforeInvocationWithoutContextStrategy.callMethod(InvokedMethodListenerInvoker.java:88)
at org.testng.internal.invokers.InvokedMethodListenerInvoker.invokeListener(InvokedMethodListenerInvoker.java:61)
at org.testng.internal.BaseInvoker.runInvokedMethodListeners(BaseInvoker.java:55)
at org.testng.internal.ConfigInvoker.invokeConfigurationMethod(ConfigInvoker.java:325)
at org.testng.internal.ConfigInvoker.invokeConfigurations(ConfigInvoker.java:294)
at org.testng.internal.TestMethodWorker.invokeBeforeClassMethods(TestMethodWorker.java:176)
at org.testng.internal.TestMethodWorker.run(TestMethodWorker.java:122)
at java.util.ArrayList.forEach(ArrayList.java:1257)
at org.testng.TestRunner.privateRun(TestRunner.java:770)
at org.testng.TestRunner.run(TestRunner.java:591)
at org.testng.SuiteRunner.runTest(SuiteRunner.java:402)
at org.testng.SuiteRunner.runSequentially(SuiteRunner.java:396)
at org.testng.SuiteRunner.privateRun(SuiteRunner.java:355)
at org.testng.SuiteRunner.run(SuiteRunner.java:304)
at org.testng.SuiteRunnerWorker.runSuite(SuiteRunnerWorker.java:53)
at org.testng.SuiteRunnerWorker.run(SuiteRunnerWorker.java:96)
at org.testng.TestNG.runSuitesSequentially(TestNG.java:1180)
at org.testng.TestNG.runSuitesLocally(TestNG.java:1102)
at org.testng.TestNG.runSuites(TestNG.java:1032)
at org.testng.TestNG.run(TestNG.java:1000)
at org.testng.remote.AbstractRemoteTestNG.run(AbstractRemoteTestNG.java:115)
at org.testng.remote.RemoteTestNG.initAndRun(RemoteTestNG.java:251)
at org.testng.remote.RemoteTestNG.main(RemoteTestNG.java:77)
]]>
            </full-stacktrace>
          </exception> <!-- java.lang.RuntimeException -->
          <reporter-output>
          </reporter-output>
        </test-method> <!-- toQuestionPaper -->
        <test-method status="FAIL" signature="toQuestionPaper()[pri:0, instance:com.pss.dms.LMSRejectionFlow.QuestionPaper@279ad2e3]" name="toQuestionPaper" duration-ms="3" started-at="2022-05-11T21:44:42 IST" finished-at="2022-05-11T21:44:42 IST">
          <exception class="java.lang.RuntimeException">
            <message>
              <![CDATA[Test skipped due to a detected failure in the overall suite.]]>
            </message>
            <full-stacktrace>
              <![CDATA[java.lang.RuntimeException: Test skipped due to a detected failure in the overall suite.
at com.pss.dms.Listerners.SuiteFailingInvokedMethodListener.beforeInvocation(SuiteFailingInvokedMethodListener.java:17)
at org.testng.internal.invokers.InvokedMethodListenerInvoker$InvokeBeforeInvocationWithoutContextStrategy.callMethod(InvokedMethodListenerInvoker.java:88)
at org.testng.internal.invokers.InvokedMethodListenerInvoker.invokeListener(InvokedMethodListenerInvoker.java:61)
at org.testng.internal.BaseInvoker.runInvokedMethodListeners(BaseInvoker.java:55)
at org.testng.internal.TestInvoker.invokeListenersForSkippedTestResult(TestInvoker.java:429)
at org.testng.internal.TestInvoker.invokeMethod(TestInvoker.java:529)
at org.testng.internal.TestInvoker.invokeTestMethod(TestInvoker.java:172)
at org.testng.internal.MethodRunner.runInSequence(MethodRunner.java:46)
at org.testng.internal.TestInvoker$MethodInvocationAgent.invoke(TestInvoker.java:804)
at org.testng.internal.TestInvoker.invokeTestMethods(TestInvoker.java:145)
at org.testng.internal.TestMethodWorker.invokeTestMethods(TestMethodWorker.java:146)
at org.testng.internal.TestMethodWorker.run(TestMethodWorker.java:128)
at java.util.ArrayList.forEach(ArrayList.java:1257)
at org.testng.TestRunner.privateRun(TestRunner.java:770)
at org.testng.TestRunner.run(TestRunner.java:591)
at org.testng.SuiteRunner.runTest(SuiteRunner.java:402)
at org.testng.SuiteRunner.runSequentially(SuiteRunner.java:396)
at org.testng.SuiteRunner.privateRun(SuiteRunner.java:355)
at org.testng.SuiteRunner.run(SuiteRunner.java:304)
at org.testng.SuiteRunnerWorker.runSuite(SuiteRunnerWorker.java:53)
at org.testng.SuiteRunnerWorker.run(SuiteRunnerWorker.java:96)
at org.testng.TestNG.runSuitesSequentially(TestNG.java:1180)
at org.testng.TestNG.runSuitesLocally(TestNG.java:1102)
at org.testng.TestNG.runSuites(TestNG.java:1032)
at org.testng.TestNG.run(TestNG.java:1000)
at org.testng.remote.AbstractRemoteTestNG.run(AbstractRemoteTestNG.java:115)
at org.testng.remote.RemoteTestNG.initAndRun(RemoteTestNG.java:251)
at org.testng.remote.RemoteTestNG.main(RemoteTestNG.java:77)
]]>
            </full-stacktrace>
          </exception> <!-- java.lang.RuntimeException -->
          <reporter-output>
          </reporter-output>
        </test-method> <!-- toQuestionPaper -->
        <test-method status="FAIL" signature="tearDown()[pri:0, instance:com.pss.dms.LMSRejectionFlow.QuestionPaper@279ad2e3]" name="tearDown" is-config="true" duration-ms="-1652285682354" started-at="2022-05-11T21:44:42 IST" finished-at="1970-01-01T05:30:00 IST">
          <exception class="java.lang.RuntimeException">
            <message>
              <![CDATA[Test skipped due to a detected failure in the overall suite.]]>
            </message>
            <full-stacktrace>
              <![CDATA[java.lang.RuntimeException: Test skipped due to a detected failure in the overall suite.
at com.pss.dms.Listerners.SuiteFailingInvokedMethodListener.beforeInvocation(SuiteFailingInvokedMethodListener.java:17)
at org.testng.internal.invokers.InvokedMethodListenerInvoker$InvokeBeforeInvocationWithoutContextStrategy.callMethod(InvokedMethodListenerInvoker.java:88)
at org.testng.internal.invokers.InvokedMethodListenerInvoker.invokeListener(InvokedMethodListenerInvoker.java:61)
at org.testng.internal.BaseInvoker.runInvokedMethodListeners(BaseInvoker.java:55)
at org.testng.internal.ConfigInvoker.invokeConfigurations(ConfigInvoker.java:257)
at org.testng.internal.TestMethodWorker.invokeAfterClassMethods(TestMethodWorker.java:217)
at org.testng.internal.TestMethodWorker.run(TestMethodWorker.java:130)
at java.util.ArrayList.forEach(ArrayList.java:1257)
at org.testng.TestRunner.privateRun(TestRunner.java:770)
at org.testng.TestRunner.run(TestRunner.java:591)
at org.testng.SuiteRunner.runTest(SuiteRunner.java:402)
at org.testng.SuiteRunner.runSequentially(SuiteRunner.java:396)
at org.testng.SuiteRunner.privateRun(SuiteRunner.java:355)
at org.testng.SuiteRunner.run(SuiteRunner.java:304)
at org.testng.SuiteRunnerWorker.runSuite(SuiteRunnerWorker.java:53)
at org.testng.SuiteRunnerWorker.run(SuiteRunnerWorker.java:96)
at org.testng.TestNG.runSuitesSequentially(TestNG.java:1180)
at org.testng.TestNG.runSuitesLocally(TestNG.java:1102)
at org.testng.TestNG.runSuites(TestNG.java:1032)
at org.testng.TestNG.run(TestNG.java:1000)
at org.testng.remote.AbstractRemoteTestNG.run(AbstractRemoteTestNG.java:115)
at org.testng.remote.RemoteTestNG.initAndRun(RemoteTestNG.java:251)
at org.testng.remote.RemoteTestNG.main(RemoteTestNG.java:77)
]]>
            </full-stacktrace>
          </exception> <!-- java.lang.RuntimeException -->
          <reporter-output>
          </reporter-output>
        </test-method> <!-- tearDown -->
      </class> <!-- com.pss.dms.LMSRejectionFlow.QuestionPaper -->
      <class name="com.pss.dms.DMSRejectionFlow.DMSCQAApproverReject">
        <test-method status="PASS" signature="setUp()[pri:0, instance:com.pss.dms.DMSRejectionFlow.DMSCQAApproverReject@709ba3fb]" name="setUp" is-config="true" duration-ms="4356" started-at="2022-05-11T21:27:38 IST" finished-at="2022-05-11T21:27:42 IST">
          <reporter-output>
          </reporter-output>
        </test-method> <!-- setUp -->
        <test-method status="PASS" signature="toDMSCQAApproverReject()[pri:0, instance:com.pss.dms.DMSRejectionFlow.DMSCQAApproverReject@709ba3fb]" name="toDMSCQAApproverReject" duration-ms="84771" started-at="2022-05-11T21:27:42 IST" finished-at="2022-05-11T21:29:07 IST">
          <reporter-output>
          </reporter-output>
        </test-method> <!-- toDMSCQAApproverReject -->
        <test-method status="PASS" signature="tearDown()[pri:0, instance:com.pss.dms.DMSRejectionFlow.DMSCQAApproverReject@709ba3fb]" name="tearDown" is-config="true" duration-ms="713" started-at="2022-05-11T21:29:07 IST" finished-at="2022-05-11T21:29:07 IST">
          <reporter-output>
          </reporter-output>
        </test-method> <!-- tearDown -->
      </class> <!-- com.pss.dms.DMSRejectionFlow.DMSCQAApproverReject -->
      <class name="com.pss.dms.DMSRejectionFlow.DMSQAApprover">
        <test-method status="PASS" signature="setUp()[pri:0, instance:com.pss.dms.DMSRejectionFlow.DMSQAApprover@58c1c010]" name="setUp" is-config="true" duration-ms="4751" started-at="2022-05-11T21:32:41 IST" finished-at="2022-05-11T21:32:46 IST">
          <reporter-output>
          </reporter-output>
        </test-method> <!-- setUp -->
        <test-method status="PASS" signature="toDMSQAApprover()[pri:0, instance:com.pss.dms.DMSRejectionFlow.DMSQAApprover@58c1c010]" name="toDMSQAApprover" duration-ms="58326" started-at="2022-05-11T21:32:46 IST" finished-at="2022-05-11T21:33:44 IST">
          <reporter-output>
          </reporter-output>
        </test-method> <!-- toDMSQAApprover -->
        <test-method status="PASS" signature="testIT(org.testng.ITestResult)[pri:0, instance:com.pss.dms.DMSRejectionFlow.DMSQAApprover@58c1c010]" name="testIT" is-config="true" duration-ms="5" started-at="2022-05-11T21:33:44 IST" finished-at="2022-05-11T21:33:44 IST">
          <params>
            <param index="0">
              <value>
                <![CDATA[[TestResult name=toDMSQAApprover status=SUCCESS method=DMSQAApprover.toDMSQAApprover()[pri:0, instance:com.pss.dms.DMSRejectionFlow.DMSQAApprover@58c1c010] output={null}]]]>
              </value>
            </param>
          </params>
          <reporter-output>
          </reporter-output>
        </test-method> <!-- testIT -->
        <test-method status="PASS" signature="tearDown()[pri:0, instance:com.pss.dms.DMSRejectionFlow.DMSQAApprover@58c1c010]" name="tearDown" is-config="true" duration-ms="773" started-at="2022-05-11T21:33:44 IST" finished-at="2022-05-11T21:33:45 IST">
          <reporter-output>
          </reporter-output>
        </test-method> <!-- tearDown -->
      </class> <!-- com.pss.dms.DMSRejectionFlow.DMSQAApprover -->
      <class name="com.pss.dms.LMSRejectionFlow.CreateTopic">
        <test-method status="PASS" signature="setUp()[pri:0, instance:com.pss.dms.LMSRejectionFlow.CreateTopic@69b794e2]" name="setUp" is-config="true" duration-ms="4417" started-at="2022-05-11T21:35:40 IST" finished-at="2022-05-11T21:35:45 IST">
          <reporter-output>
          </reporter-output>
        </test-method> <!-- setUp -->
        <test-method status="PASS" signature="toCreateTopic()[pri:0, instance:com.pss.dms.LMSRejectionFlow.CreateTopic@69b794e2]" name="toCreateTopic" duration-ms="51415" started-at="2022-05-11T21:35:45 IST" finished-at="2022-05-11T21:36:36 IST">
          <reporter-output>
          </reporter-output>
        </test-method> <!-- toCreateTopic -->
        <test-method status="PASS" signature="tearDown()[pri:0, instance:com.pss.dms.LMSRejectionFlow.CreateTopic@69b794e2]" name="tearDown" is-config="true" duration-ms="729" started-at="2022-05-11T21:36:36 IST" finished-at="2022-05-11T21:36:37 IST">
          <reporter-output>
          </reporter-output>
        </test-method> <!-- tearDown -->
      </class> <!-- com.pss.dms.LMSRejectionFlow.CreateTopic -->
      <class name="com.pss.dms.LMSRejectionFlow.AssignTrainerAndVenue">
        <test-method status="FAIL" signature="setUp()[pri:0, instance:com.pss.dms.LMSRejectionFlow.AssignTrainerAndVenue@429bd883]" name="setUp" is-config="true" duration-ms="-1652285681790" started-at="2022-05-11T21:44:41 IST" finished-at="1970-01-01T05:30:00 IST">
          <exception class="java.lang.RuntimeException">
            <message>
              <![CDATA[Test skipped due to a detected failure in the overall suite.]]>
            </message>
            <full-stacktrace>
              <![CDATA[java.lang.RuntimeException: Test skipped due to a detected failure in the overall suite.
at com.pss.dms.Listerners.SuiteFailingInvokedMethodListener.beforeInvocation(SuiteFailingInvokedMethodListener.java:17)
at org.testng.internal.invokers.InvokedMethodListenerInvoker$InvokeBeforeInvocationWithoutContextStrategy.callMethod(InvokedMethodListenerInvoker.java:88)
at org.testng.internal.invokers.InvokedMethodListenerInvoker.invokeListener(InvokedMethodListenerInvoker.java:61)
at org.testng.internal.BaseInvoker.runInvokedMethodListeners(BaseInvoker.java:55)
at org.testng.internal.ConfigInvoker.invokeConfigurationMethod(ConfigInvoker.java:325)
at org.testng.internal.ConfigInvoker.invokeConfigurations(ConfigInvoker.java:294)
at org.testng.internal.TestMethodWorker.invokeBeforeClassMethods(TestMethodWorker.java:176)
at org.testng.internal.TestMethodWorker.run(TestMethodWorker.java:122)
at java.util.ArrayList.forEach(ArrayList.java:1257)
at org.testng.TestRunner.privateRun(TestRunner.java:770)
at org.testng.TestRunner.run(TestRunner.java:591)
at org.testng.SuiteRunner.runTest(SuiteRunner.java:402)
at org.testng.SuiteRunner.runSequentially(SuiteRunner.java:396)
at org.testng.SuiteRunner.privateRun(SuiteRunner.java:355)
at org.testng.SuiteRunner.run(SuiteRunner.java:304)
at org.testng.SuiteRunnerWorker.runSuite(SuiteRunnerWorker.java:53)
at org.testng.SuiteRunnerWorker.run(SuiteRunnerWorker.java:96)
at org.testng.TestNG.runSuitesSequentially(TestNG.java:1180)
at org.testng.TestNG.runSuitesLocally(TestNG.java:1102)
at org.testng.TestNG.runSuites(TestNG.java:1032)
at org.testng.TestNG.run(TestNG.java:1000)
at org.testng.remote.AbstractRemoteTestNG.run(AbstractRemoteTestNG.java:115)
at org.testng.remote.RemoteTestNG.initAndRun(RemoteTestNG.java:251)
at org.testng.remote.RemoteTestNG.main(RemoteTestNG.java:77)
]]>
            </full-stacktrace>
          </exception> <!-- java.lang.RuntimeException -->
          <reporter-output>
          </reporter-output>
        </test-method> <!-- setUp -->
        <test-method status="SKIP" signature="createAssignTrainerAndVenue()[pri:0, instance:com.pss.dms.LMSRejectionFlow.AssignTrainerAndVenue@429bd883]" name="createAssignTrainerAndVenue" duration-ms="0" started-at="2022-05-11T21:44:41 IST" finished-at="2022-05-11T21:44:41 IST">
          <exception class="java.lang.RuntimeException">
            <message>
              <![CDATA[Test skipped due to a detected failure in the overall suite.]]>
            </message>
            <full-stacktrace>
              <![CDATA[java.lang.RuntimeException: Test skipped due to a detected failure in the overall suite.
at com.pss.dms.Listerners.SuiteFailingInvokedMethodListener.beforeInvocation(SuiteFailingInvokedMethodListener.java:17)
at org.testng.internal.invokers.InvokedMethodListenerInvoker$InvokeBeforeInvocationWithoutContextStrategy.callMethod(InvokedMethodListenerInvoker.java:88)
at org.testng.internal.invokers.InvokedMethodListenerInvoker.invokeListener(InvokedMethodListenerInvoker.java:61)
at org.testng.internal.BaseInvoker.runInvokedMethodListeners(BaseInvoker.java:55)
at org.testng.internal.ConfigInvoker.invokeConfigurationMethod(ConfigInvoker.java:325)
at org.testng.internal.ConfigInvoker.invokeConfigurations(ConfigInvoker.java:294)
at org.testng.internal.TestMethodWorker.invokeBeforeClassMethods(TestMethodWorker.java:176)
at org.testng.internal.TestMethodWorker.run(TestMethodWorker.java:122)
at java.util.ArrayList.forEach(ArrayList.java:1257)
at org.testng.TestRunner.privateRun(TestRunner.java:770)
at org.testng.TestRunner.run(TestRunner.java:591)
at org.testng.SuiteRunner.runTest(SuiteRunner.java:402)
at org.testng.SuiteRunner.runSequentially(SuiteRunner.java:396)
at org.testng.SuiteRunner.privateRun(SuiteRunner.java:355)
at org.testng.SuiteRunner.run(SuiteRunner.java:304)
at org.testng.SuiteRunnerWorker.runSuite(SuiteRunnerWorker.java:53)
at org.testng.SuiteRunnerWorker.run(SuiteRunnerWorker.java:96)
at org.testng.TestNG.runSuitesSequentially(TestNG.java:1180)
at org.testng.TestNG.runSuitesLocally(TestNG.java:1102)
at org.testng.TestNG.runSuites(TestNG.java:1032)
at org.testng.TestNG.run(TestNG.java:1000)
at org.testng.remote.AbstractRemoteTestNG.run(AbstractRemoteTestNG.java:115)
at org.testng.remote.RemoteTestNG.initAndRun(RemoteTestNG.java:251)
at org.testng.remote.RemoteTestNG.main(RemoteTestNG.java:77)
]]>
            </full-stacktrace>
          </exception> <!-- java.lang.RuntimeException -->
          <reporter-output>
          </reporter-output>
        </test-method> <!-- createAssignTrainerAndVenue -->
        <test-method status="FAIL" signature="createAssignTrainerAndVenue()[pri:0, instance:com.pss.dms.LMSRejectionFlow.AssignTrainerAndVenue@429bd883]" name="createAssignTrainerAndVenue" duration-ms="5" started-at="2022-05-11T21:44:41 IST" finished-at="2022-05-11T21:44:41 IST">
          <exception class="java.lang.RuntimeException">
            <message>
              <![CDATA[Test skipped due to a detected failure in the overall suite.]]>
            </message>
            <full-stacktrace>
              <![CDATA[java.lang.RuntimeException: Test skipped due to a detected failure in the overall suite.
at com.pss.dms.Listerners.SuiteFailingInvokedMethodListener.beforeInvocation(SuiteFailingInvokedMethodListener.java:17)
at org.testng.internal.invokers.InvokedMethodListenerInvoker$InvokeBeforeInvocationWithoutContextStrategy.callMethod(InvokedMethodListenerInvoker.java:88)
at org.testng.internal.invokers.InvokedMethodListenerInvoker.invokeListener(InvokedMethodListenerInvoker.java:61)
at org.testng.internal.BaseInvoker.runInvokedMethodListeners(BaseInvoker.java:55)
at org.testng.internal.TestInvoker.invokeListenersForSkippedTestResult(TestInvoker.java:429)
at org.testng.internal.TestInvoker.invokeMethod(TestInvoker.java:529)
at org.testng.internal.TestInvoker.invokeTestMethod(TestInvoker.java:172)
at org.testng.internal.MethodRunner.runInSequence(MethodRunner.java:46)
at org.testng.internal.TestInvoker$MethodInvocationAgent.invoke(TestInvoker.java:804)
at org.testng.internal.TestInvoker.invokeTestMethods(TestInvoker.java:145)
at org.testng.internal.TestMethodWorker.invokeTestMethods(TestMethodWorker.java:146)
at org.testng.internal.TestMethodWorker.run(TestMethodWorker.java:128)
at java.util.ArrayList.forEach(ArrayList.java:1257)
at org.testng.TestRunner.privateRun(TestRunner.java:770)
at org.testng.TestRunner.run(TestRunner.java:591)
at org.testng.SuiteRunner.runTest(SuiteRunner.java:402)
at org.testng.SuiteRunner.runSequentially(SuiteRunner.java:396)
at org.testng.SuiteRunner.privateRun(SuiteRunner.java:355)
at org.testng.SuiteRunner.run(SuiteRunner.java:304)
at org.testng.SuiteRunnerWorker.runSuite(SuiteRunnerWorker.java:53)
at org.testng.SuiteRunnerWorker.run(SuiteRunnerWorker.java:96)
at org.testng.TestNG.runSuitesSequentially(TestNG.java:1180)
at org.testng.TestNG.runSuitesLocally(TestNG.java:1102)
at org.testng.TestNG.runSuites(TestNG.java:1032)
at org.testng.TestNG.run(TestNG.java:1000)
at org.testng.remote.AbstractRemoteTestNG.run(AbstractRemoteTestNG.java:115)
at org.testng.remote.RemoteTestNG.initAndRun(RemoteTestNG.java:251)
at org.testng.remote.RemoteTestNG.main(RemoteTestNG.java:77)
]]>
            </full-stacktrace>
          </exception> <!-- java.lang.RuntimeException -->
          <reporter-output>
          </reporter-output>
        </test-method> <!-- createAssignTrainerAndVenue -->
        <test-method status="FAIL" signature="tearDown()[pri:0, instance:com.pss.dms.LMSRejectionFlow.AssignTrainerAndVenue@429bd883]" name="tearDown" is-config="true" duration-ms="-1652285681952" started-at="2022-05-11T21:44:41 IST" finished-at="1970-01-01T05:30:00 IST">
          <exception class="java.lang.RuntimeException">
            <message>
              <![CDATA[Test skipped due to a detected failure in the overall suite.]]>
            </message>
            <full-stacktrace>
              <![CDATA[java.lang.RuntimeException: Test skipped due to a detected failure in the overall suite.
at com.pss.dms.Listerners.SuiteFailingInvokedMethodListener.beforeInvocation(SuiteFailingInvokedMethodListener.java:17)
at org.testng.internal.invokers.InvokedMethodListenerInvoker$InvokeBeforeInvocationWithoutContextStrategy.callMethod(InvokedMethodListenerInvoker.java:88)
at org.testng.internal.invokers.InvokedMethodListenerInvoker.invokeListener(InvokedMethodListenerInvoker.java:61)
at org.testng.internal.BaseInvoker.runInvokedMethodListeners(BaseInvoker.java:55)
at org.testng.internal.ConfigInvoker.invokeConfigurations(ConfigInvoker.java:257)
at org.testng.internal.TestMethodWorker.invokeAfterClassMethods(TestMethodWorker.java:217)
at org.testng.internal.TestMethodWorker.run(TestMethodWorker.java:130)
at java.util.ArrayList.forEach(ArrayList.java:1257)
at org.testng.TestRunner.privateRun(TestRunner.java:770)
at org.testng.TestRunner.run(TestRunner.java:591)
at org.testng.SuiteRunner.runTest(SuiteRunner.java:402)
at org.testng.SuiteRunner.runSequentially(SuiteRunner.java:396)
at org.testng.SuiteRunner.privateRun(SuiteRunner.java:355)
at org.testng.SuiteRunner.run(SuiteRunner.java:304)
at org.testng.SuiteRunnerWorker.runSuite(SuiteRunnerWorker.java:53)
at org.testng.SuiteRunnerWorker.run(SuiteRunnerWorker.java:96)
at org.testng.TestNG.runSuitesSequentially(TestNG.java:1180)
at org.testng.TestNG.runSuitesLocally(TestNG.java:1102)
at org.testng.TestNG.runSuites(TestNG.java:1032)
at org.testng.TestNG.run(TestNG.java:1000)
at org.testng.remote.AbstractRemoteTestNG.run(AbstractRemoteTestNG.java:115)
at org.testng.remote.RemoteTestNG.initAndRun(RemoteTestNG.java:251)
at org.testng.remote.RemoteTestNG.main(RemoteTestNG.java:77)
]]>
            </full-stacktrace>
          </exception> <!-- java.lang.RuntimeException -->
          <reporter-output>
          </reporter-output>
        </test-method> <!-- tearDown -->
      </class> <!-- com.pss.dms.LMSRejectionFlow.AssignTrainerAndVenue -->
      <class name="com.pss.dms.LMSRejectionFlow.ModifyTrainer">
        <test-method status="PASS" signature="setUp()[pri:0, instance:com.pss.dms.LMSRejectionFlow.ModifyTrainer@4d339552]" name="setUp" is-config="true" duration-ms="4735" started-at="2022-05-11T21:38:30 IST" finished-at="2022-05-11T21:38:34 IST">
          <reporter-output>
          </reporter-output>
        </test-method> <!-- setUp -->
        <test-method status="PASS" signature="toModifyTrainer()[pri:0, instance:com.pss.dms.LMSRejectionFlow.ModifyTrainer@4d339552]" name="toModifyTrainer" duration-ms="73091" started-at="2022-05-11T21:38:34 IST" finished-at="2022-05-11T21:39:48 IST">
          <reporter-output>
          </reporter-output>
        </test-method> <!-- toModifyTrainer -->
        <test-method status="PASS" signature="tearDown()[pri:0, instance:com.pss.dms.LMSRejectionFlow.ModifyTrainer@4d339552]" name="tearDown" is-config="true" duration-ms="784" started-at="2022-05-11T21:39:48 IST" finished-at="2022-05-11T21:39:48 IST">
          <reporter-output>
          </reporter-output>
        </test-method> <!-- tearDown -->
      </class> <!-- com.pss.dms.LMSRejectionFlow.ModifyTrainer -->
      <class name="com.pss.dms.DMSRejectionFlow.DMSCQAApprover">
        <test-method status="PASS" signature="setUp()[pri:0, instance:com.pss.dms.DMSRejectionFlow.DMSCQAApprover@b7f23d9]" name="setUp" is-config="true" duration-ms="4937" started-at="2022-05-11T21:33:45 IST" finished-at="2022-05-11T21:33:50 IST">
          <reporter-output>
          </reporter-output>
        </test-method> <!-- setUp -->
        <test-method status="PASS" signature="toDMSCQAApprover()[pri:0, instance:com.pss.dms.DMSRejectionFlow.DMSCQAApprover@b7f23d9]" name="toDMSCQAApprover" duration-ms="53838" started-at="2022-05-11T21:33:50 IST" finished-at="2022-05-11T21:34:44 IST">
          <reporter-output>
          </reporter-output>
        </test-method> <!-- toDMSCQAApprover -->
        <test-method status="PASS" signature="testIT(org.testng.ITestResult)[pri:0, instance:com.pss.dms.DMSRejectionFlow.DMSCQAApprover@b7f23d9]" name="testIT" is-config="true" duration-ms="0" started-at="2022-05-11T21:34:44 IST" finished-at="2022-05-11T21:34:44 IST">
          <params>
            <param index="0">
              <value>
                <![CDATA[[TestResult name=toDMSCQAApprover status=SUCCESS method=DMSCQAApprover.toDMSCQAApprover()[pri:0, instance:com.pss.dms.DMSRejectionFlow.DMSCQAApprover@b7f23d9] output={null}]]]>
              </value>
            </param>
          </params>
          <reporter-output>
          </reporter-output>
        </test-method> <!-- testIT -->
        <test-method status="PASS" signature="tearDown()[pri:0, instance:com.pss.dms.DMSRejectionFlow.DMSCQAApprover@b7f23d9]" name="tearDown" is-config="true" duration-ms="760" started-at="2022-05-11T21:34:44 IST" finished-at="2022-05-11T21:34:44 IST">
          <reporter-output>
          </reporter-output>
        </test-method> <!-- tearDown -->
      </class> <!-- com.pss.dms.DMSRejectionFlow.DMSCQAApprover -->
      <class name="com.pss.dms.DMSRejectionFlow.TrainingCompletedList">
        <test-method status="FAIL" signature="setUp()[pri:0, instance:com.pss.dms.DMSRejectionFlow.TrainingCompletedList@4461c7e3]" name="setUp" is-config="true" duration-ms="-1652285682721" started-at="2022-05-11T21:44:42 IST" finished-at="1970-01-01T05:30:00 IST">
          <exception class="java.lang.RuntimeException">
            <message>
              <![CDATA[Test skipped due to a detected failure in the overall suite.]]>
            </message>
            <full-stacktrace>
              <![CDATA[java.lang.RuntimeException: Test skipped due to a detected failure in the overall suite.
at com.pss.dms.Listerners.SuiteFailingInvokedMethodListener.beforeInvocation(SuiteFailingInvokedMethodListener.java:17)
at org.testng.internal.invokers.InvokedMethodListenerInvoker$InvokeBeforeInvocationWithoutContextStrategy.callMethod(InvokedMethodListenerInvoker.java:88)
at org.testng.internal.invokers.InvokedMethodListenerInvoker.invokeListener(InvokedMethodListenerInvoker.java:61)
at org.testng.internal.BaseInvoker.runInvokedMethodListeners(BaseInvoker.java:55)
at org.testng.internal.ConfigInvoker.invokeConfigurationMethod(ConfigInvoker.java:325)
at org.testng.internal.ConfigInvoker.invokeConfigurations(ConfigInvoker.java:294)
at org.testng.internal.TestMethodWorker.invokeBeforeClassMethods(TestMethodWorker.java:176)
at org.testng.internal.TestMethodWorker.run(TestMethodWorker.java:122)
at java.util.ArrayList.forEach(ArrayList.java:1257)
at org.testng.TestRunner.privateRun(TestRunner.java:770)
at org.testng.TestRunner.run(TestRunner.java:591)
at org.testng.SuiteRunner.runTest(SuiteRunner.java:402)
at org.testng.SuiteRunner.runSequentially(SuiteRunner.java:396)
at org.testng.SuiteRunner.privateRun(SuiteRunner.java:355)
at org.testng.SuiteRunner.run(SuiteRunner.java:304)
at org.testng.SuiteRunnerWorker.runSuite(SuiteRunnerWorker.java:53)
at org.testng.SuiteRunnerWorker.run(SuiteRunnerWorker.java:96)
at org.testng.TestNG.runSuitesSequentially(TestNG.java:1180)
at org.testng.TestNG.runSuitesLocally(TestNG.java:1102)
at org.testng.TestNG.runSuites(TestNG.java:1032)
at org.testng.TestNG.run(TestNG.java:1000)
at org.testng.remote.AbstractRemoteTestNG.run(AbstractRemoteTestNG.java:115)
at org.testng.remote.RemoteTestNG.initAndRun(RemoteTestNG.java:251)
at org.testng.remote.RemoteTestNG.main(RemoteTestNG.java:77)
]]>
            </full-stacktrace>
          </exception> <!-- java.lang.RuntimeException -->
          <reporter-output>
          </reporter-output>
        </test-method> <!-- setUp -->
        <test-method status="SKIP" signature="toTrainingCompletedList()[pri:0, instance:com.pss.dms.DMSRejectionFlow.TrainingCompletedList@4461c7e3]" name="toTrainingCompletedList" duration-ms="0" started-at="2022-05-11T21:44:42 IST" finished-at="2022-05-11T21:44:42 IST">
          <exception class="java.lang.RuntimeException">
            <message>
              <![CDATA[Test skipped due to a detected failure in the overall suite.]]>
            </message>
            <full-stacktrace>
              <![CDATA[java.lang.RuntimeException: Test skipped due to a detected failure in the overall suite.
at com.pss.dms.Listerners.SuiteFailingInvokedMethodListener.beforeInvocation(SuiteFailingInvokedMethodListener.java:17)
at org.testng.internal.invokers.InvokedMethodListenerInvoker$InvokeBeforeInvocationWithoutContextStrategy.callMethod(InvokedMethodListenerInvoker.java:88)
at org.testng.internal.invokers.InvokedMethodListenerInvoker.invokeListener(InvokedMethodListenerInvoker.java:61)
at org.testng.internal.BaseInvoker.runInvokedMethodListeners(BaseInvoker.java:55)
at org.testng.internal.ConfigInvoker.invokeConfigurationMethod(ConfigInvoker.java:325)
at org.testng.internal.ConfigInvoker.invokeConfigurations(ConfigInvoker.java:294)
at org.testng.internal.TestMethodWorker.invokeBeforeClassMethods(TestMethodWorker.java:176)
at org.testng.internal.TestMethodWorker.run(TestMethodWorker.java:122)
at java.util.ArrayList.forEach(ArrayList.java:1257)
at org.testng.TestRunner.privateRun(TestRunner.java:770)
at org.testng.TestRunner.run(TestRunner.java:591)
at org.testng.SuiteRunner.runTest(SuiteRunner.java:402)
at org.testng.SuiteRunner.runSequentially(SuiteRunner.java:396)
at org.testng.SuiteRunner.privateRun(SuiteRunner.java:355)
at org.testng.SuiteRunner.run(SuiteRunner.java:304)
at org.testng.SuiteRunnerWorker.runSuite(SuiteRunnerWorker.java:53)
at org.testng.SuiteRunnerWorker.run(SuiteRunnerWorker.java:96)
at org.testng.TestNG.runSuitesSequentially(TestNG.java:1180)
at org.testng.TestNG.runSuitesLocally(TestNG.java:1102)
at org.testng.TestNG.runSuites(TestNG.java:1032)
at org.testng.TestNG.run(TestNG.java:1000)
at org.testng.remote.AbstractRemoteTestNG.run(AbstractRemoteTestNG.java:115)
at org.testng.remote.RemoteTestNG.initAndRun(RemoteTestNG.java:251)
at org.testng.remote.RemoteTestNG.main(RemoteTestNG.java:77)
]]>
            </full-stacktrace>
          </exception> <!-- java.lang.RuntimeException -->
          <reporter-output>
          </reporter-output>
        </test-method> <!-- toTrainingCompletedList -->
        <test-method status="FAIL" signature="toTrainingCompletedList()[pri:0, instance:com.pss.dms.DMSRejectionFlow.TrainingCompletedList@4461c7e3]" name="toTrainingCompletedList" duration-ms="2" started-at="2022-05-11T21:44:42 IST" finished-at="2022-05-11T21:44:42 IST">
          <exception class="java.lang.RuntimeException">
            <message>
              <![CDATA[Test skipped due to a detected failure in the overall suite.]]>
            </message>
            <full-stacktrace>
              <![CDATA[java.lang.RuntimeException: Test skipped due to a detected failure in the overall suite.
at com.pss.dms.Listerners.SuiteFailingInvokedMethodListener.beforeInvocation(SuiteFailingInvokedMethodListener.java:17)
at org.testng.internal.invokers.InvokedMethodListenerInvoker$InvokeBeforeInvocationWithoutContextStrategy.callMethod(InvokedMethodListenerInvoker.java:88)
at org.testng.internal.invokers.InvokedMethodListenerInvoker.invokeListener(InvokedMethodListenerInvoker.java:61)
at org.testng.internal.BaseInvoker.runInvokedMethodListeners(BaseInvoker.java:55)
at org.testng.internal.TestInvoker.invokeListenersForSkippedTestResult(TestInvoker.java:429)
at org.testng.internal.TestInvoker.invokeMethod(TestInvoker.java:529)
at org.testng.internal.TestInvoker.invokeTestMethod(TestInvoker.java:172)
at org.testng.internal.MethodRunner.runInSequence(MethodRunner.java:46)
at org.testng.internal.TestInvoker$MethodInvocationAgent.invoke(TestInvoker.java:804)
at org.testng.internal.TestInvoker.invokeTestMethods(TestInvoker.java:145)
at org.testng.internal.TestMethodWorker.invokeTestMethods(TestMethodWorker.java:146)
at org.testng.internal.TestMethodWorker.run(TestMethodWorker.java:128)
at java.util.ArrayList.forEach(ArrayList.java:1257)
at org.testng.TestRunner.privateRun(TestRunner.java:770)
at org.testng.TestRunner.run(TestRunner.java:591)
at org.testng.SuiteRunner.runTest(SuiteRunner.java:402)
at org.testng.SuiteRunner.runSequentially(SuiteRunner.java:396)
at org.testng.SuiteRunner.privateRun(SuiteRunner.java:355)
at org.testng.SuiteRunner.run(SuiteRunner.java:304)
at org.testng.SuiteRunnerWorker.runSuite(SuiteRunnerWorker.java:53)
at org.testng.SuiteRunnerWorker.run(SuiteRunnerWorker.java:96)
at org.testng.TestNG.runSuitesSequentially(TestNG.java:1180)
at org.testng.TestNG.runSuitesLocally(TestNG.java:1102)
at org.testng.TestNG.runSuites(TestNG.java:1032)
at org.testng.TestNG.run(TestNG.java:1000)
at org.testng.remote.AbstractRemoteTestNG.run(AbstractRemoteTestNG.java:115)
at org.testng.remote.RemoteTestNG.initAndRun(RemoteTestNG.java:251)
at org.testng.remote.RemoteTestNG.main(RemoteTestNG.java:77)
]]>
            </full-stacktrace>
          </exception> <!-- java.lang.RuntimeException -->
          <reporter-output>
          </reporter-output>
        </test-method> <!-- toTrainingCompletedList -->
        <test-method status="FAIL" signature="tearDown()[pri:0, instance:com.pss.dms.DMSRejectionFlow.TrainingCompletedList@4461c7e3]" name="tearDown" is-config="true" duration-ms="-1652285682864" started-at="2022-05-11T21:44:42 IST" finished-at="1970-01-01T05:30:00 IST">
          <exception class="java.lang.RuntimeException">
            <message>
              <![CDATA[Test skipped due to a detected failure in the overall suite.]]>
            </message>
            <full-stacktrace>
              <![CDATA[java.lang.RuntimeException: Test skipped due to a detected failure in the overall suite.
at com.pss.dms.Listerners.SuiteFailingInvokedMethodListener.beforeInvocation(SuiteFailingInvokedMethodListener.java:17)
at org.testng.internal.invokers.InvokedMethodListenerInvoker$InvokeBeforeInvocationWithoutContextStrategy.callMethod(InvokedMethodListenerInvoker.java:88)
at org.testng.internal.invokers.InvokedMethodListenerInvoker.invokeListener(InvokedMethodListenerInvoker.java:61)
at org.testng.internal.BaseInvoker.runInvokedMethodListeners(BaseInvoker.java:55)
at org.testng.internal.ConfigInvoker.invokeConfigurations(ConfigInvoker.java:257)
at org.testng.internal.TestMethodWorker.invokeAfterClassMethods(TestMethodWorker.java:217)
at org.testng.internal.TestMethodWorker.run(TestMethodWorker.java:130)
at java.util.ArrayList.forEach(ArrayList.java:1257)
at org.testng.TestRunner.privateRun(TestRunner.java:770)
at org.testng.TestRunner.run(TestRunner.java:591)
at org.testng.SuiteRunner.runTest(SuiteRunner.java:402)
at org.testng.SuiteRunner.runSequentially(SuiteRunner.java:396)
at org.testng.SuiteRunner.privateRun(SuiteRunner.java:355)
at org.testng.SuiteRunner.run(SuiteRunner.java:304)
at org.testng.SuiteRunnerWorker.runSuite(SuiteRunnerWorker.java:53)
at org.testng.SuiteRunnerWorker.run(SuiteRunnerWorker.java:96)
at org.testng.TestNG.runSuitesSequentially(TestNG.java:1180)
at org.testng.TestNG.runSuitesLocally(TestNG.java:1102)
at org.testng.TestNG.runSuites(TestNG.java:1032)
at org.testng.TestNG.run(TestNG.java:1000)
at org.testng.remote.AbstractRemoteTestNG.run(AbstractRemoteTestNG.java:115)
at org.testng.remote.RemoteTestNG.initAndRun(RemoteTestNG.java:251)
at org.testng.remote.RemoteTestNG.main(RemoteTestNG.java:77)
]]>
            </full-stacktrace>
          </exception> <!-- java.lang.RuntimeException -->
          <reporter-output>
          </reporter-output>
        </test-method> <!-- tearDown -->
      </class> <!-- com.pss.dms.DMSRejectionFlow.TrainingCompletedList -->
      <class name="com.pss.dms.DMSRejectionFlow.DMScftReviewer">
        <test-method status="PASS" signature="setUp()[pri:0, instance:com.pss.dms.DMSRejectionFlow.DMScftReviewer@525b461a]" name="setUp" is-config="true" duration-ms="4533" started-at="2022-05-11T21:32:03 IST" finished-at="2022-05-11T21:32:08 IST">
          <reporter-output>
          </reporter-output>
        </test-method> <!-- setUp -->
        <test-method status="PASS" signature="toDMScftReviewerSOP()[pri:0, instance:com.pss.dms.DMSRejectionFlow.DMScftReviewer@525b461a]" name="toDMScftReviewerSOP" duration-ms="32550" started-at="2022-05-11T21:32:08 IST" finished-at="2022-05-11T21:32:40 IST">
          <reporter-output>
          </reporter-output>
        </test-method> <!-- toDMScftReviewerSOP -->
        <test-method status="PASS" signature="tearDown()[pri:0, instance:com.pss.dms.DMSRejectionFlow.DMScftReviewer@525b461a]" name="tearDown" is-config="true" duration-ms="765" started-at="2022-05-11T21:32:40 IST" finished-at="2022-05-11T21:32:41 IST">
          <reporter-output>
          </reporter-output>
        </test-method> <!-- tearDown -->
      </class> <!-- com.pss.dms.DMSRejectionFlow.DMScftReviewer -->
      <class name="com.pss.dms.DMSRejectionFlow.DMSTrainingNotificatiomList">
        <test-method status="PASS" signature="setUp()[pri:0, instance:com.pss.dms.DMSRejectionFlow.DMSTrainingNotificatiomList@61d47554]" name="setUp" is-config="true" duration-ms="4894" started-at="2022-05-11T21:34:44 IST" finished-at="2022-05-11T21:34:49 IST">
          <reporter-output>
          </reporter-output>
        </test-method> <!-- setUp -->
        <test-method status="PASS" signature="toDMSTrainingNotificationList()[pri:0, instance:com.pss.dms.DMSRejectionFlow.DMSTrainingNotificatiomList@61d47554]" name="toDMSTrainingNotificationList" duration-ms="50332" started-at="2022-05-11T21:34:49 IST" finished-at="2022-05-11T21:35:40 IST">
          <reporter-output>
          </reporter-output>
        </test-method> <!-- toDMSTrainingNotificationList -->
        <test-method status="PASS" signature="tearDown()[pri:0, instance:com.pss.dms.DMSRejectionFlow.DMSTrainingNotificatiomList@61d47554]" name="tearDown" is-config="true" duration-ms="740" started-at="2022-05-11T21:35:40 IST" finished-at="2022-05-11T21:35:40 IST">
          <reporter-output>
          </reporter-output>
        </test-method> <!-- tearDown -->
      </class> <!-- com.pss.dms.DMSRejectionFlow.DMSTrainingNotificatiomList -->
      <class name="com.pss.dms.LMSRejectionFlow.NotifyDocController">
        <test-method status="FAIL" signature="setUp()[pri:0, instance:com.pss.dms.LMSRejectionFlow.NotifyDocController@4450d156]" name="setUp" is-config="true" duration-ms="-1652285682554" started-at="2022-05-11T21:44:42 IST" finished-at="1970-01-01T05:30:00 IST">
          <exception class="java.lang.RuntimeException">
            <message>
              <![CDATA[Test skipped due to a detected failure in the overall suite.]]>
            </message>
            <full-stacktrace>
              <![CDATA[java.lang.RuntimeException: Test skipped due to a detected failure in the overall suite.
at com.pss.dms.Listerners.SuiteFailingInvokedMethodListener.beforeInvocation(SuiteFailingInvokedMethodListener.java:17)
at org.testng.internal.invokers.InvokedMethodListenerInvoker$InvokeBeforeInvocationWithoutContextStrategy.callMethod(InvokedMethodListenerInvoker.java:88)
at org.testng.internal.invokers.InvokedMethodListenerInvoker.invokeListener(InvokedMethodListenerInvoker.java:61)
at org.testng.internal.BaseInvoker.runInvokedMethodListeners(BaseInvoker.java:55)
at org.testng.internal.ConfigInvoker.invokeConfigurationMethod(ConfigInvoker.java:325)
at org.testng.internal.ConfigInvoker.invokeConfigurations(ConfigInvoker.java:294)
at org.testng.internal.TestMethodWorker.invokeBeforeClassMethods(TestMethodWorker.java:176)
at org.testng.internal.TestMethodWorker.run(TestMethodWorker.java:122)
at java.util.ArrayList.forEach(ArrayList.java:1257)
at org.testng.TestRunner.privateRun(TestRunner.java:770)
at org.testng.TestRunner.run(TestRunner.java:591)
at org.testng.SuiteRunner.runTest(SuiteRunner.java:402)
at org.testng.SuiteRunner.runSequentially(SuiteRunner.java:396)
at org.testng.SuiteRunner.privateRun(SuiteRunner.java:355)
at org.testng.SuiteRunner.run(SuiteRunner.java:304)
at org.testng.SuiteRunnerWorker.runSuite(SuiteRunnerWorker.java:53)
at org.testng.SuiteRunnerWorker.run(SuiteRunnerWorker.java:96)
at org.testng.TestNG.runSuitesSequentially(TestNG.java:1180)
at org.testng.TestNG.runSuitesLocally(TestNG.java:1102)
at org.testng.TestNG.runSuites(TestNG.java:1032)
at org.testng.TestNG.run(TestNG.java:1000)
at org.testng.remote.AbstractRemoteTestNG.run(AbstractRemoteTestNG.java:115)
at org.testng.remote.RemoteTestNG.initAndRun(RemoteTestNG.java:251)
at org.testng.remote.RemoteTestNG.main(RemoteTestNG.java:77)
]]>
            </full-stacktrace>
          </exception> <!-- java.lang.RuntimeException -->
          <reporter-output>
          </reporter-output>
        </test-method> <!-- setUp -->
        <test-method status="FAIL" signature="toNotifyDocController()[pri:0, instance:com.pss.dms.LMSRejectionFlow.NotifyDocController@4450d156]" name="toNotifyDocController" duration-ms="3" started-at="2022-05-11T21:44:42 IST" finished-at="2022-05-11T21:44:42 IST">
          <exception class="java.lang.RuntimeException">
            <message>
              <![CDATA[Test skipped due to a detected failure in the overall suite.]]>
            </message>
            <full-stacktrace>
              <![CDATA[java.lang.RuntimeException: Test skipped due to a detected failure in the overall suite.
at com.pss.dms.Listerners.SuiteFailingInvokedMethodListener.beforeInvocation(SuiteFailingInvokedMethodListener.java:17)
at org.testng.internal.invokers.InvokedMethodListenerInvoker$InvokeBeforeInvocationWithoutContextStrategy.callMethod(InvokedMethodListenerInvoker.java:88)
at org.testng.internal.invokers.InvokedMethodListenerInvoker.invokeListener(InvokedMethodListenerInvoker.java:61)
at org.testng.internal.BaseInvoker.runInvokedMethodListeners(BaseInvoker.java:55)
at org.testng.internal.TestInvoker.invokeListenersForSkippedTestResult(TestInvoker.java:429)
at org.testng.internal.TestInvoker.invokeMethod(TestInvoker.java:529)
at org.testng.internal.TestInvoker.invokeTestMethod(TestInvoker.java:172)
at org.testng.internal.MethodRunner.runInSequence(MethodRunner.java:46)
at org.testng.internal.TestInvoker$MethodInvocationAgent.invoke(TestInvoker.java:804)
at org.testng.internal.TestInvoker.invokeTestMethods(TestInvoker.java:145)
at org.testng.internal.TestMethodWorker.invokeTestMethods(TestMethodWorker.java:146)
at org.testng.internal.TestMethodWorker.run(TestMethodWorker.java:128)
at java.util.ArrayList.forEach(ArrayList.java:1257)
at org.testng.TestRunner.privateRun(TestRunner.java:770)
at org.testng.TestRunner.run(TestRunner.java:591)
at org.testng.SuiteRunner.runTest(SuiteRunner.java:402)
at org.testng.SuiteRunner.runSequentially(SuiteRunner.java:396)
at org.testng.SuiteRunner.privateRun(SuiteRunner.java:355)
at org.testng.SuiteRunner.run(SuiteRunner.java:304)
at org.testng.SuiteRunnerWorker.runSuite(SuiteRunnerWorker.java:53)
at org.testng.SuiteRunnerWorker.run(SuiteRunnerWorker.java:96)
at org.testng.TestNG.runSuitesSequentially(TestNG.java:1180)
at org.testng.TestNG.runSuitesLocally(TestNG.java:1102)
at org.testng.TestNG.runSuites(TestNG.java:1032)
at org.testng.TestNG.run(TestNG.java:1000)
at org.testng.remote.AbstractRemoteTestNG.run(AbstractRemoteTestNG.java:115)
at org.testng.remote.RemoteTestNG.initAndRun(RemoteTestNG.java:251)
at org.testng.remote.RemoteTestNG.main(RemoteTestNG.java:77)
]]>
            </full-stacktrace>
          </exception> <!-- java.lang.RuntimeException -->
          <reporter-output>
          </reporter-output>
        </test-method> <!-- toNotifyDocController -->
        <test-method status="SKIP" signature="toNotifyDocController()[pri:0, instance:com.pss.dms.LMSRejectionFlow.NotifyDocController@4450d156]" name="toNotifyDocController" duration-ms="0" started-at="2022-05-11T21:44:42 IST" finished-at="2022-05-11T21:44:42 IST">
          <exception class="java.lang.RuntimeException">
            <message>
              <![CDATA[Test skipped due to a detected failure in the overall suite.]]>
            </message>
            <full-stacktrace>
              <![CDATA[java.lang.RuntimeException: Test skipped due to a detected failure in the overall suite.
at com.pss.dms.Listerners.SuiteFailingInvokedMethodListener.beforeInvocation(SuiteFailingInvokedMethodListener.java:17)
at org.testng.internal.invokers.InvokedMethodListenerInvoker$InvokeBeforeInvocationWithoutContextStrategy.callMethod(InvokedMethodListenerInvoker.java:88)
at org.testng.internal.invokers.InvokedMethodListenerInvoker.invokeListener(InvokedMethodListenerInvoker.java:61)
at org.testng.internal.BaseInvoker.runInvokedMethodListeners(BaseInvoker.java:55)
at org.testng.internal.ConfigInvoker.invokeConfigurationMethod(ConfigInvoker.java:325)
at org.testng.internal.ConfigInvoker.invokeConfigurations(ConfigInvoker.java:294)
at org.testng.internal.TestMethodWorker.invokeBeforeClassMethods(TestMethodWorker.java:176)
at org.testng.internal.TestMethodWorker.run(TestMethodWorker.java:122)
at java.util.ArrayList.forEach(ArrayList.java:1257)
at org.testng.TestRunner.privateRun(TestRunner.java:770)
at org.testng.TestRunner.run(TestRunner.java:591)
at org.testng.SuiteRunner.runTest(SuiteRunner.java:402)
at org.testng.SuiteRunner.runSequentially(SuiteRunner.java:396)
at org.testng.SuiteRunner.privateRun(SuiteRunner.java:355)
at org.testng.SuiteRunner.run(SuiteRunner.java:304)
at org.testng.SuiteRunnerWorker.runSuite(SuiteRunnerWorker.java:53)
at org.testng.SuiteRunnerWorker.run(SuiteRunnerWorker.java:96)
at org.testng.TestNG.runSuitesSequentially(TestNG.java:1180)
at org.testng.TestNG.runSuitesLocally(TestNG.java:1102)
at org.testng.TestNG.runSuites(TestNG.java:1032)
at org.testng.TestNG.run(TestNG.java:1000)
at org.testng.remote.AbstractRemoteTestNG.run(AbstractRemoteTestNG.java:115)
at org.testng.remote.RemoteTestNG.initAndRun(RemoteTestNG.java:251)
at org.testng.remote.RemoteTestNG.main(RemoteTestNG.java:77)
]]>
            </full-stacktrace>
          </exception> <!-- java.lang.RuntimeException -->
          <reporter-output>
          </reporter-output>
        </test-method> <!-- toNotifyDocController -->
        <test-method status="FAIL" signature="tearDown()[pri:0, instance:com.pss.dms.LMSRejectionFlow.NotifyDocController@4450d156]" name="tearDown" is-config="true" duration-ms="-1652285682720" started-at="2022-05-11T21:44:42 IST" finished-at="1970-01-01T05:30:00 IST">
          <exception class="java.lang.RuntimeException">
            <message>
              <![CDATA[Test skipped due to a detected failure in the overall suite.]]>
            </message>
            <full-stacktrace>
              <![CDATA[java.lang.RuntimeException: Test skipped due to a detected failure in the overall suite.
at com.pss.dms.Listerners.SuiteFailingInvokedMethodListener.beforeInvocation(SuiteFailingInvokedMethodListener.java:17)
at org.testng.internal.invokers.InvokedMethodListenerInvoker$InvokeBeforeInvocationWithoutContextStrategy.callMethod(InvokedMethodListenerInvoker.java:88)
at org.testng.internal.invokers.InvokedMethodListenerInvoker.invokeListener(InvokedMethodListenerInvoker.java:61)
at org.testng.internal.BaseInvoker.runInvokedMethodListeners(BaseInvoker.java:55)
at org.testng.internal.ConfigInvoker.invokeConfigurations(ConfigInvoker.java:257)
at org.testng.internal.TestMethodWorker.invokeAfterClassMethods(TestMethodWorker.java:217)
at org.testng.internal.TestMethodWorker.run(TestMethodWorker.java:130)
at java.util.ArrayList.forEach(ArrayList.java:1257)
at org.testng.TestRunner.privateRun(TestRunner.java:770)
at org.testng.TestRunner.run(TestRunner.java:591)
at org.testng.SuiteRunner.runTest(SuiteRunner.java:402)
at org.testng.SuiteRunner.runSequentially(SuiteRunner.java:396)
at org.testng.SuiteRunner.privateRun(SuiteRunner.java:355)
at org.testng.SuiteRunner.run(SuiteRunner.java:304)
at org.testng.SuiteRunnerWorker.runSuite(SuiteRunnerWorker.java:53)
at org.testng.SuiteRunnerWorker.run(SuiteRunnerWorker.java:96)
at org.testng.TestNG.runSuitesSequentially(TestNG.java:1180)
at org.testng.TestNG.runSuitesLocally(TestNG.java:1102)
at org.testng.TestNG.runSuites(TestNG.java:1032)
at org.testng.TestNG.run(TestNG.java:1000)
at org.testng.remote.AbstractRemoteTestNG.run(AbstractRemoteTestNG.java:115)
at org.testng.remote.RemoteTestNG.initAndRun(RemoteTestNG.java:251)
at org.testng.remote.RemoteTestNG.main(RemoteTestNG.java:77)
]]>
            </full-stacktrace>
          </exception> <!-- java.lang.RuntimeException -->
          <reporter-output>
          </reporter-output>
        </test-method> <!-- tearDown -->
      </class> <!-- com.pss.dms.LMSRejectionFlow.NotifyDocController -->
      <class name="com.pss.dms.DMSRejectionFlow.DMSQAReviewer">
        <test-method status="PASS" signature="setUp()[pri:0, instance:com.pss.dms.DMSRejectionFlow.DMSQAReviewer@7ff2a664]" name="setUp" is-config="true" duration-ms="4903" started-at="2022-05-11T21:31:08 IST" finished-at="2022-05-11T21:31:13 IST">
          <reporter-output>
          </reporter-output>
        </test-method> <!-- setUp -->
        <test-method status="PASS" signature="toDMSQAReviewerSOP()[pri:0, instance:com.pss.dms.DMSRejectionFlow.DMSQAReviewer@7ff2a664]" name="toDMSQAReviewerSOP" duration-ms="49285" started-at="2022-05-11T21:31:13 IST" finished-at="2022-05-11T21:32:02 IST">
          <reporter-output>
          </reporter-output>
        </test-method> <!-- toDMSQAReviewerSOP -->
        <test-method status="PASS" signature="tearDown()[pri:0, instance:com.pss.dms.DMSRejectionFlow.DMSQAReviewer@7ff2a664]" name="tearDown" is-config="true" duration-ms="714" started-at="2022-05-11T21:32:02 IST" finished-at="2022-05-11T21:32:03 IST">
          <reporter-output>
          </reporter-output>
        </test-method> <!-- tearDown -->
      </class> <!-- com.pss.dms.DMSRejectionFlow.DMSQAReviewer -->
      <class name="com.pss.dms.LMSRejectionFlow.TrainingAttendence">
        <test-method status="FAIL" signature="setUp()[pri:0, instance:com.pss.dms.LMSRejectionFlow.TrainingAttendence@4d49af10]" name="setUp" is-config="true" duration-ms="-1652285681955" started-at="2022-05-11T21:44:41 IST" finished-at="1970-01-01T05:30:00 IST">
          <exception class="java.lang.RuntimeException">
            <message>
              <![CDATA[Test skipped due to a detected failure in the overall suite.]]>
            </message>
            <full-stacktrace>
              <![CDATA[java.lang.RuntimeException: Test skipped due to a detected failure in the overall suite.
at com.pss.dms.Listerners.SuiteFailingInvokedMethodListener.beforeInvocation(SuiteFailingInvokedMethodListener.java:17)
at org.testng.internal.invokers.InvokedMethodListenerInvoker$InvokeBeforeInvocationWithoutContextStrategy.callMethod(InvokedMethodListenerInvoker.java:88)
at org.testng.internal.invokers.InvokedMethodListenerInvoker.invokeListener(InvokedMethodListenerInvoker.java:61)
at org.testng.internal.BaseInvoker.runInvokedMethodListeners(BaseInvoker.java:55)
at org.testng.internal.ConfigInvoker.invokeConfigurationMethod(ConfigInvoker.java:325)
at org.testng.internal.ConfigInvoker.invokeConfigurations(ConfigInvoker.java:294)
at org.testng.internal.TestMethodWorker.invokeBeforeClassMethods(TestMethodWorker.java:176)
at org.testng.internal.TestMethodWorker.run(TestMethodWorker.java:122)
at java.util.ArrayList.forEach(ArrayList.java:1257)
at org.testng.TestRunner.privateRun(TestRunner.java:770)
at org.testng.TestRunner.run(TestRunner.java:591)
at org.testng.SuiteRunner.runTest(SuiteRunner.java:402)
at org.testng.SuiteRunner.runSequentially(SuiteRunner.java:396)
at org.testng.SuiteRunner.privateRun(SuiteRunner.java:355)
at org.testng.SuiteRunner.run(SuiteRunner.java:304)
at org.testng.SuiteRunnerWorker.runSuite(SuiteRunnerWorker.java:53)
at org.testng.SuiteRunnerWorker.run(SuiteRunnerWorker.java:96)
at org.testng.TestNG.runSuitesSequentially(TestNG.java:1180)
at org.testng.TestNG.runSuitesLocally(TestNG.java:1102)
at org.testng.TestNG.runSuites(TestNG.java:1032)
at org.testng.TestNG.run(TestNG.java:1000)
at org.testng.remote.AbstractRemoteTestNG.run(AbstractRemoteTestNG.java:115)
at org.testng.remote.RemoteTestNG.initAndRun(RemoteTestNG.java:251)
at org.testng.remote.RemoteTestNG.main(RemoteTestNG.java:77)
]]>
            </full-stacktrace>
          </exception> <!-- java.lang.RuntimeException -->
          <reporter-output>
          </reporter-output>
        </test-method> <!-- setUp -->
        <test-method status="FAIL" signature="toTrainingAttendence()[pri:0, instance:com.pss.dms.LMSRejectionFlow.TrainingAttendence@4d49af10]" name="toTrainingAttendence" duration-ms="7" started-at="2022-05-11T21:44:41 IST" finished-at="2022-05-11T21:44:41 IST">
          <exception class="java.lang.RuntimeException">
            <message>
              <![CDATA[Test skipped due to a detected failure in the overall suite.]]>
            </message>
            <full-stacktrace>
              <![CDATA[java.lang.RuntimeException: Test skipped due to a detected failure in the overall suite.
at com.pss.dms.Listerners.SuiteFailingInvokedMethodListener.beforeInvocation(SuiteFailingInvokedMethodListener.java:17)
at org.testng.internal.invokers.InvokedMethodListenerInvoker$InvokeBeforeInvocationWithoutContextStrategy.callMethod(InvokedMethodListenerInvoker.java:88)
at org.testng.internal.invokers.InvokedMethodListenerInvoker.invokeListener(InvokedMethodListenerInvoker.java:61)
at org.testng.internal.BaseInvoker.runInvokedMethodListeners(BaseInvoker.java:55)
at org.testng.internal.TestInvoker.invokeListenersForSkippedTestResult(TestInvoker.java:429)
at org.testng.internal.TestInvoker.invokeMethod(TestInvoker.java:529)
at org.testng.internal.TestInvoker.invokeTestMethod(TestInvoker.java:172)
at org.testng.internal.MethodRunner.runInSequence(MethodRunner.java:46)
at org.testng.internal.TestInvoker$MethodInvocationAgent.invoke(TestInvoker.java:804)
at org.testng.internal.TestInvoker.invokeTestMethods(TestInvoker.java:145)
at org.testng.internal.TestMethodWorker.invokeTestMethods(TestMethodWorker.java:146)
at org.testng.internal.TestMethodWorker.run(TestMethodWorker.java:128)
at java.util.ArrayList.forEach(ArrayList.java:1257)
at org.testng.TestRunner.privateRun(TestRunner.java:770)
at org.testng.TestRunner.run(TestRunner.java:591)
at org.testng.SuiteRunner.runTest(SuiteRunner.java:402)
at org.testng.SuiteRunner.runSequentially(SuiteRunner.java:396)
at org.testng.SuiteRunner.privateRun(SuiteRunner.java:355)
at org.testng.SuiteRunner.run(SuiteRunner.java:304)
at org.testng.SuiteRunnerWorker.runSuite(SuiteRunnerWorker.java:53)
at org.testng.SuiteRunnerWorker.run(SuiteRunnerWorker.java:96)
at org.testng.TestNG.runSuitesSequentially(TestNG.java:1180)
at org.testng.TestNG.runSuitesLocally(TestNG.java:1102)
at org.testng.TestNG.runSuites(TestNG.java:1032)
at org.testng.TestNG.run(TestNG.java:1000)
at org.testng.remote.AbstractRemoteTestNG.run(AbstractRemoteTestNG.java:115)
at org.testng.remote.RemoteTestNG.initAndRun(RemoteTestNG.java:251)
at org.testng.remote.RemoteTestNG.main(RemoteTestNG.java:77)
]]>
            </full-stacktrace>
          </exception> <!-- java.lang.RuntimeException -->
          <reporter-output>
          </reporter-output>
        </test-method> <!-- toTrainingAttendence -->
        <test-method status="SKIP" signature="toTrainingAttendence()[pri:0, instance:com.pss.dms.LMSRejectionFlow.TrainingAttendence@4d49af10]" name="toTrainingAttendence" duration-ms="0" started-at="2022-05-11T21:44:41 IST" finished-at="2022-05-11T21:44:41 IST">
          <exception class="java.lang.RuntimeException">
            <message>
              <![CDATA[Test skipped due to a detected failure in the overall suite.]]>
            </message>
            <full-stacktrace>
              <![CDATA[java.lang.RuntimeException: Test skipped due to a detected failure in the overall suite.
at com.pss.dms.Listerners.SuiteFailingInvokedMethodListener.beforeInvocation(SuiteFailingInvokedMethodListener.java:17)
at org.testng.internal.invokers.InvokedMethodListenerInvoker$InvokeBeforeInvocationWithoutContextStrategy.callMethod(InvokedMethodListenerInvoker.java:88)
at org.testng.internal.invokers.InvokedMethodListenerInvoker.invokeListener(InvokedMethodListenerInvoker.java:61)
at org.testng.internal.BaseInvoker.runInvokedMethodListeners(BaseInvoker.java:55)
at org.testng.internal.ConfigInvoker.invokeConfigurationMethod(ConfigInvoker.java:325)
at org.testng.internal.ConfigInvoker.invokeConfigurations(ConfigInvoker.java:294)
at org.testng.internal.TestMethodWorker.invokeBeforeClassMethods(TestMethodWorker.java:176)
at org.testng.internal.TestMethodWorker.run(TestMethodWorker.java:122)
at java.util.ArrayList.forEach(ArrayList.java:1257)
at org.testng.TestRunner.privateRun(TestRunner.java:770)
at org.testng.TestRunner.run(TestRunner.java:591)
at org.testng.SuiteRunner.runTest(SuiteRunner.java:402)
at org.testng.SuiteRunner.runSequentially(SuiteRunner.java:396)
at org.testng.SuiteRunner.privateRun(SuiteRunner.java:355)
at org.testng.SuiteRunner.run(SuiteRunner.java:304)
at org.testng.SuiteRunnerWorker.runSuite(SuiteRunnerWorker.java:53)
at org.testng.SuiteRunnerWorker.run(SuiteRunnerWorker.java:96)
at org.testng.TestNG.runSuitesSequentially(TestNG.java:1180)
at org.testng.TestNG.runSuitesLocally(TestNG.java:1102)
at org.testng.TestNG.runSuites(TestNG.java:1032)
at org.testng.TestNG.run(TestNG.java:1000)
at org.testng.remote.AbstractRemoteTestNG.run(AbstractRemoteTestNG.java:115)
at org.testng.remote.RemoteTestNG.initAndRun(RemoteTestNG.java:251)
at org.testng.remote.RemoteTestNG.main(RemoteTestNG.java:77)
]]>
            </full-stacktrace>
          </exception> <!-- java.lang.RuntimeException -->
          <reporter-output>
          </reporter-output>
        </test-method> <!-- toTrainingAttendence -->
        <test-method status="FAIL" signature="tearDown()[pri:0, instance:com.pss.dms.LMSRejectionFlow.TrainingAttendence@4d49af10]" name="tearDown" is-config="true" duration-ms="-1652285682201" started-at="2022-05-11T21:44:42 IST" finished-at="1970-01-01T05:30:00 IST">
          <exception class="java.lang.RuntimeException">
            <message>
              <![CDATA[Test skipped due to a detected failure in the overall suite.]]>
            </message>
            <full-stacktrace>
              <![CDATA[java.lang.RuntimeException: Test skipped due to a detected failure in the overall suite.
at com.pss.dms.Listerners.SuiteFailingInvokedMethodListener.beforeInvocation(SuiteFailingInvokedMethodListener.java:17)
at org.testng.internal.invokers.InvokedMethodListenerInvoker$InvokeBeforeInvocationWithoutContextStrategy.callMethod(InvokedMethodListenerInvoker.java:88)
at org.testng.internal.invokers.InvokedMethodListenerInvoker.invokeListener(InvokedMethodListenerInvoker.java:61)
at org.testng.internal.BaseInvoker.runInvokedMethodListeners(BaseInvoker.java:55)
at org.testng.internal.ConfigInvoker.invokeConfigurations(ConfigInvoker.java:257)
at org.testng.internal.TestMethodWorker.invokeAfterClassMethods(TestMethodWorker.java:217)
at org.testng.internal.TestMethodWorker.run(TestMethodWorker.java:130)
at java.util.ArrayList.forEach(ArrayList.java:1257)
at org.testng.TestRunner.privateRun(TestRunner.java:770)
at org.testng.TestRunner.run(TestRunner.java:591)
at org.testng.SuiteRunner.runTest(SuiteRunner.java:402)
at org.testng.SuiteRunner.runSequentially(SuiteRunner.java:396)
at org.testng.SuiteRunner.privateRun(SuiteRunner.java:355)
at org.testng.SuiteRunner.run(SuiteRunner.java:304)
at org.testng.SuiteRunnerWorker.runSuite(SuiteRunnerWorker.java:53)
at org.testng.SuiteRunnerWorker.run(SuiteRunnerWorker.java:96)
at org.testng.TestNG.runSuitesSequentially(TestNG.java:1180)
at org.testng.TestNG.runSuitesLocally(TestNG.java:1102)
at org.testng.TestNG.runSuites(TestNG.java:1032)
at org.testng.TestNG.run(TestNG.java:1000)
at org.testng.remote.AbstractRemoteTestNG.run(AbstractRemoteTestNG.java:115)
at org.testng.remote.RemoteTestNG.initAndRun(RemoteTestNG.java:251)
at org.testng.remote.RemoteTestNG.main(RemoteTestNG.java:77)
]]>
            </full-stacktrace>
          </exception> <!-- java.lang.RuntimeException -->
          <reporter-output>
          </reporter-output>
        </test-method> <!-- tearDown -->
      </class> <!-- com.pss.dms.LMSRejectionFlow.TrainingAttendence -->
      <class name="com.pss.dms.LMSRejectionFlow.AdhocReSchedule">
        <test-method status="PASS" signature="setUp()[pri:0, instance:com.pss.dms.LMSRejectionFlow.AdhocReSchedule@6591f517]" name="setUp" is-config="true" duration-ms="4756" started-at="2022-05-11T21:43:20 IST" finished-at="2022-05-11T21:43:25 IST">
          <reporter-output>
          </reporter-output>
        </test-method> <!-- setUp -->
        <test-method status="FAIL" signature="toAdhocSchedule()[pri:0, instance:com.pss.dms.LMSRejectionFlow.AdhocReSchedule@6591f517]" name="toAdhocSchedule" duration-ms="76341" started-at="2022-05-11T21:43:25 IST" finished-at="2022-05-11T21:44:41 IST">
          <exception class="org.openqa.selenium.UnhandledAlertException">
            <message>
              <![CDATA[unexpected alert open: {Alert text : Error-Submission Failed sggg}
  (Session info: chrome=101.0.4951.54): Error-Submission Failed sggg
Build info: version: '3.141.59', revision: 'e82be7d358', time: '2018-11-14T08:17:03'
System info: host: 'DESKTOP-SKPPPFG', ip: '192.168.0.100', os.name: 'Windows 10', os.arch: 'amd64', os.version: '10.0', java.version: '1.8.0_221'
Driver info: org.openqa.selenium.chrome.ChromeDriver
Capabilities {acceptInsecureCerts: false, browserName: chrome, browserVersion: 101.0.4951.54, chrome: {chromedriverVersion: 101.0.4951.41 (93c720db8323..., userDataDir: C:\Users\Hi\AppData\Local\T...}, goog:chromeOptions: {debuggerAddress: localhost:56496}, javascriptEnabled: true, networkConnectionEnabled: false, pageLoadStrategy: normal, platform: WINDOWS, platformName: WINDOWS, proxy: Proxy(), setWindowRect: true, strictFileInteractability: false, timeouts: {implicit: 0, pageLoad: 300000, script: 30000}, unhandledPromptBehavior: dismiss and notify, webauthn:extension:credBlob: true, webauthn:extension:largeBlob: true, webauthn:virtualAuthenticators: true}
Session ID: 249f595c1f40db2b4b40dde7cdeb3302
*** Element info: {Using=class name, value=modal-btn}]]>
            </message>
            <full-stacktrace>
              <![CDATA[org.openqa.selenium.UnhandledAlertException: unexpected alert open: {Alert text : Error-Submission Failed sggg}
  (Session info: chrome=101.0.4951.54): Error-Submission Failed sggg
Build info: version: '3.141.59', revision: 'e82be7d358', time: '2018-11-14T08:17:03'
System info: host: 'DESKTOP-SKPPPFG', ip: '192.168.0.100', os.name: 'Windows 10', os.arch: 'amd64', os.version: '10.0', java.version: '1.8.0_221'
Driver info: org.openqa.selenium.chrome.ChromeDriver
Capabilities {acceptInsecureCerts: false, browserName: chrome, browserVersion: 101.0.4951.54, chrome: {chromedriverVersion: 101.0.4951.41 (93c720db8323..., userDataDir: C:\Users\Hi\AppData\Local\T...}, goog:chromeOptions: {debuggerAddress: localhost:56496}, javascriptEnabled: true, networkConnectionEnabled: false, pageLoadStrategy: normal, platform: WINDOWS, platformName: WINDOWS, proxy: Proxy(), setWindowRect: true, strictFileInteractability: false, timeouts: {implicit: 0, pageLoad: 300000, script: 30000}, unhandledPromptBehavior: dismiss and notify, webauthn:extension:credBlob: true, webauthn:extension:largeBlob: true, webauthn:virtualAuthenticators: true}
Session ID: 249f595c1f40db2b4b40dde7cdeb3302
*** Element info: {Using=class name, value=modal-btn}
at org.openqa.selenium.remote.http.W3CHttpResponseCodec.decode(W3CHttpResponseCodec.java:120)
at org.openqa.selenium.remote.http.W3CHttpResponseCodec.decode(W3CHttpResponseCodec.java:49)
at org.openqa.selenium.remote.HttpCommandExecutor.execute(HttpCommandExecutor.java:158)
at org.openqa.selenium.remote.service.DriverCommandExecutor.execute(DriverCommandExecutor.java:83)
at org.openqa.selenium.remote.RemoteWebDriver.execute(RemoteWebDriver.java:552)
at org.openqa.selenium.remote.RemoteWebDriver.findElement(RemoteWebDriver.java:323)
at org.openqa.selenium.remote.RemoteWebDriver.findElementByClassName(RemoteWebDriver.java:412)
at org.openqa.selenium.By$ByClassName.findElement(By.java:389)
at org.openqa.selenium.remote.RemoteWebDriver.findElement(RemoteWebDriver.java:315)
at org.openqa.selenium.support.ui.ExpectedConditions$6.apply(ExpectedConditions.java:182)
at org.openqa.selenium.support.ui.ExpectedConditions$6.apply(ExpectedConditions.java:179)
at org.openqa.selenium.support.ui.FluentWait.until(FluentWait.java:249)
at com.pss.dms.LMSRejectionFlow.AdhocReSchedule.methodToCreateAdhocSchedule(AdhocReSchedule.java:186)
at com.pss.dms.LMSRejectionFlow.AdhocReSchedule.toAdhocSchedule(AdhocReSchedule.java:86)
at sun.reflect.NativeMethodAccessorImpl.invoke0(Native Method)
at sun.reflect.NativeMethodAccessorImpl.invoke(NativeMethodAccessorImpl.java:62)
at sun.reflect.DelegatingMethodAccessorImpl.invoke(DelegatingMethodAccessorImpl.java:43)
at java.lang.reflect.Method.invoke(Method.java:498)
at org.testng.internal.MethodInvocationHelper.invokeMethod(MethodInvocationHelper.java:133)
at org.testng.internal.TestInvoker.invokeMethod(TestInvoker.java:584)
at org.testng.internal.TestInvoker.invokeTestMethod(TestInvoker.java:172)
at org.testng.internal.MethodRunner.runInSequence(MethodRunner.java:46)
at org.testng.internal.TestInvoker$MethodInvocationAgent.invoke(TestInvoker.java:804)
at org.testng.internal.TestInvoker.invokeTestMethods(TestInvoker.java:145)
at org.testng.internal.TestMethodWorker.invokeTestMethods(TestMethodWorker.java:146)
at org.testng.internal.TestMethodWorker.run(TestMethodWorker.java:128)
at java.util.ArrayList.forEach(ArrayList.java:1257)
at org.testng.TestRunner.privateRun(TestRunner.java:770)
at org.testng.TestRunner.run(TestRunner.java:591)
at org.testng.SuiteRunner.runTest(SuiteRunner.java:402)
at org.testng.SuiteRunner.runSequentially(SuiteRunner.java:396)
at org.testng.SuiteRunner.privateRun(SuiteRunner.java:355)
at org.testng.SuiteRunner.run(SuiteRunner.java:304)
at org.testng.SuiteRunnerWorker.runSuite(SuiteRunnerWorker.java:53)
at org.testng.SuiteRunnerWorker.run(SuiteRunnerWorker.java:96)
at org.testng.TestNG.runSuitesSequentially(TestNG.java:1180)
at org.testng.TestNG.runSuitesLocally(TestNG.java:1102)
at org.testng.TestNG.runSuites(TestNG.java:1032)
at org.testng.TestNG.run(TestNG.java:1000)
at org.testng.remote.AbstractRemoteTestNG.run(AbstractRemoteTestNG.java:115)
at org.testng.remote.RemoteTestNG.initAndRun(RemoteTestNG.java:251)
at org.testng.remote.RemoteTestNG.main(RemoteTestNG.java:77)
]]>
            </full-stacktrace>
          </exception> <!-- org.openqa.selenium.UnhandledAlertException -->
          <reporter-output>
          </reporter-output>
        </test-method> <!-- toAdhocSchedule -->
        <test-method status="FAIL" signature="tearDown()[pri:0, instance:com.pss.dms.LMSRejectionFlow.AdhocReSchedule@6591f517]" name="tearDown" is-config="true" duration-ms="-1652285681616" started-at="2022-05-11T21:44:41 IST" finished-at="1970-01-01T05:30:00 IST">
          <exception class="java.lang.RuntimeException">
            <message>
              <![CDATA[Test skipped due to a detected failure in the overall suite.]]>
            </message>
            <full-stacktrace>
              <![CDATA[java.lang.RuntimeException: Test skipped due to a detected failure in the overall suite.
at com.pss.dms.Listerners.SuiteFailingInvokedMethodListener.beforeInvocation(SuiteFailingInvokedMethodListener.java:17)
at org.testng.internal.invokers.InvokedMethodListenerInvoker$InvokeBeforeInvocationWithoutContextStrategy.callMethod(InvokedMethodListenerInvoker.java:88)
at org.testng.internal.invokers.InvokedMethodListenerInvoker.invokeListener(InvokedMethodListenerInvoker.java:61)
at org.testng.internal.BaseInvoker.runInvokedMethodListeners(BaseInvoker.java:55)
at org.testng.internal.ConfigInvoker.invokeConfigurationMethod(ConfigInvoker.java:325)
at org.testng.internal.ConfigInvoker.invokeConfigurations(ConfigInvoker.java:294)
at org.testng.internal.TestMethodWorker.invokeAfterClassMethods(TestMethodWorker.java:217)
at org.testng.internal.TestMethodWorker.run(TestMethodWorker.java:130)
at java.util.ArrayList.forEach(ArrayList.java:1257)
at org.testng.TestRunner.privateRun(TestRunner.java:770)
at org.testng.TestRunner.run(TestRunner.java:591)
at org.testng.SuiteRunner.runTest(SuiteRunner.java:402)
at org.testng.SuiteRunner.runSequentially(SuiteRunner.java:396)
at org.testng.SuiteRunner.privateRun(SuiteRunner.java:355)
at org.testng.SuiteRunner.run(SuiteRunner.java:304)
at org.testng.SuiteRunnerWorker.runSuite(SuiteRunnerWorker.java:53)
at org.testng.SuiteRunnerWorker.run(SuiteRunnerWorker.java:96)
at org.testng.TestNG.runSuitesSequentially(TestNG.java:1180)
at org.testng.TestNG.runSuitesLocally(TestNG.java:1102)
at org.testng.TestNG.runSuites(TestNG.java:1032)
at org.testng.TestNG.run(TestNG.java:1000)
at org.testng.remote.AbstractRemoteTestNG.run(AbstractRemoteTestNG.java:115)
at org.testng.remote.RemoteTestNG.initAndRun(RemoteTestNG.java:251)
at org.testng.remote.RemoteTestNG.main(RemoteTestNG.java:77)
]]>
            </full-stacktrace>
          </exception> <!-- java.lang.RuntimeException -->
          <reporter-output>
          </reporter-output>
        </test-method> <!-- tearDown -->
      </class> <!-- com.pss.dms.LMSRejectionFlow.AdhocReSchedule -->
      <class name="com.pss.dms.DMSRejectionFlow.DMSDeptReviewer">
        <test-method status="PASS" signature="setUp()[pri:0, instance:com.pss.dms.DMSRejectionFlow.DMSDeptReviewer@6a472554]" name="setUp" is-config="true" duration-ms="4543" started-at="2022-05-11T21:30:27 IST" finished-at="2022-05-11T21:30:32 IST">
          <reporter-output>
          </reporter-output>
        </test-method> <!-- setUp -->
        <test-method status="PASS" signature="toDMSDeptReviewerSOP()[pri:0, instance:com.pss.dms.DMSRejectionFlow.DMSDeptReviewer@6a472554]" name="toDMSDeptReviewerSOP" duration-ms="35658" started-at="2022-05-11T21:30:32 IST" finished-at="2022-05-11T21:31:07 IST">
          <reporter-output>
          </reporter-output>
        </test-method> <!-- toDMSDeptReviewerSOP -->
        <test-method status="PASS" signature="tearDown()[pri:0, instance:com.pss.dms.DMSRejectionFlow.DMSDeptReviewer@6a472554]" name="tearDown" is-config="true" duration-ms="827" started-at="2022-05-11T21:31:07 IST" finished-at="2022-05-11T21:31:08 IST">
          <reporter-output>
          </reporter-output>
        </test-method> <!-- tearDown -->
      </class> <!-- com.pss.dms.DMSRejectionFlow.DMSDeptReviewer -->
      <class name="com.pss.dms.DMSRejectionFlow.DMSReInitiateDocument">
        <test-method status="PASS" signature="setUp()[pri:0, instance:com.pss.dms.DMSRejectionFlow.DMSReInitiateDocument@3d36e4cd]" name="setUp" is-config="true" duration-ms="4403" started-at="2022-05-11T21:29:07 IST" finished-at="2022-05-11T21:29:12 IST">
          <reporter-output>
          </reporter-output>
        </test-method> <!-- setUp -->
        <test-method status="PASS" signature="toDMSReInitiateDocument()[pri:0, instance:com.pss.dms.DMSRejectionFlow.DMSReInitiateDocument@3d36e4cd]" name="toDMSReInitiateDocument" duration-ms="74585" started-at="2022-05-11T21:29:12 IST" finished-at="2022-05-11T21:30:26 IST">
          <reporter-output>
          </reporter-output>
        </test-method> <!-- toDMSReInitiateDocument -->
        <test-method status="PASS" signature="tearDown()[pri:0, instance:com.pss.dms.DMSRejectionFlow.DMSReInitiateDocument@3d36e4cd]" name="tearDown" is-config="true" duration-ms="725" started-at="2022-05-11T21:30:26 IST" finished-at="2022-05-11T21:30:27 IST">
          <reporter-output>
          </reporter-output>
        </test-method> <!-- tearDown -->
      </class> <!-- com.pss.dms.DMSRejectionFlow.DMSReInitiateDocument -->
      <class name="com.pss.dms.LMSRejectionFlow.EvaluateQuestions">
        <test-method status="FAIL" signature="setUp()[pri:0, instance:com.pss.dms.LMSRejectionFlow.EvaluateQuestions@58134517]" name="setUp" is-config="true" duration-ms="-1652285682357" started-at="2022-05-11T21:44:42 IST" finished-at="1970-01-01T05:30:00 IST">
          <exception class="java.lang.RuntimeException">
            <message>
              <![CDATA[Test skipped due to a detected failure in the overall suite.]]>
            </message>
            <full-stacktrace>
              <![CDATA[java.lang.RuntimeException: Test skipped due to a detected failure in the overall suite.
at com.pss.dms.Listerners.SuiteFailingInvokedMethodListener.beforeInvocation(SuiteFailingInvokedMethodListener.java:17)
at org.testng.internal.invokers.InvokedMethodListenerInvoker$InvokeBeforeInvocationWithoutContextStrategy.callMethod(InvokedMethodListenerInvoker.java:88)
at org.testng.internal.invokers.InvokedMethodListenerInvoker.invokeListener(InvokedMethodListenerInvoker.java:61)
at org.testng.internal.BaseInvoker.runInvokedMethodListeners(BaseInvoker.java:55)
at org.testng.internal.ConfigInvoker.invokeConfigurationMethod(ConfigInvoker.java:325)
at org.testng.internal.ConfigInvoker.invokeConfigurations(ConfigInvoker.java:294)
at org.testng.internal.TestMethodWorker.invokeBeforeClassMethods(TestMethodWorker.java:176)
at org.testng.internal.TestMethodWorker.run(TestMethodWorker.java:122)
at java.util.ArrayList.forEach(ArrayList.java:1257)
at org.testng.TestRunner.privateRun(TestRunner.java:770)
at org.testng.TestRunner.run(TestRunner.java:591)
at org.testng.SuiteRunner.runTest(SuiteRunner.java:402)
at org.testng.SuiteRunner.runSequentially(SuiteRunner.java:396)
at org.testng.SuiteRunner.privateRun(SuiteRunner.java:355)
at org.testng.SuiteRunner.run(SuiteRunner.java:304)
at org.testng.SuiteRunnerWorker.runSuite(SuiteRunnerWorker.java:53)
at org.testng.SuiteRunnerWorker.run(SuiteRunnerWorker.java:96)
at org.testng.TestNG.runSuitesSequentially(TestNG.java:1180)
at org.testng.TestNG.runSuitesLocally(TestNG.java:1102)
at org.testng.TestNG.runSuites(TestNG.java:1032)
at org.testng.TestNG.run(TestNG.java:1000)
at org.testng.remote.AbstractRemoteTestNG.run(AbstractRemoteTestNG.java:115)
at org.testng.remote.RemoteTestNG.initAndRun(RemoteTestNG.java:251)
at org.testng.remote.RemoteTestNG.main(RemoteTestNG.java:77)
]]>
            </full-stacktrace>
          </exception> <!-- java.lang.RuntimeException -->
          <reporter-output>
          </reporter-output>
        </test-method> <!-- setUp -->
        <test-method status="FAIL" signature="toEvaluateQuestions()[pri:0, instance:com.pss.dms.LMSRejectionFlow.EvaluateQuestions@58134517]" name="toEvaluateQuestions" duration-ms="5" started-at="2022-05-11T21:44:42 IST" finished-at="2022-05-11T21:44:42 IST">
          <exception class="java.lang.RuntimeException">
            <message>
              <![CDATA[Test skipped due to a detected failure in the overall suite.]]>
            </message>
            <full-stacktrace>
              <![CDATA[java.lang.RuntimeException: Test skipped due to a detected failure in the overall suite.
at com.pss.dms.Listerners.SuiteFailingInvokedMethodListener.beforeInvocation(SuiteFailingInvokedMethodListener.java:17)
at org.testng.internal.invokers.InvokedMethodListenerInvoker$InvokeBeforeInvocationWithoutContextStrategy.callMethod(InvokedMethodListenerInvoker.java:88)
at org.testng.internal.invokers.InvokedMethodListenerInvoker.invokeListener(InvokedMethodListenerInvoker.java:61)
at org.testng.internal.BaseInvoker.runInvokedMethodListeners(BaseInvoker.java:55)
at org.testng.internal.TestInvoker.invokeListenersForSkippedTestResult(TestInvoker.java:429)
at org.testng.internal.TestInvoker.invokeMethod(TestInvoker.java:529)
at org.testng.internal.TestInvoker.invokeTestMethod(TestInvoker.java:172)
at org.testng.internal.MethodRunner.runInSequence(MethodRunner.java:46)
at org.testng.internal.TestInvoker$MethodInvocationAgent.invoke(TestInvoker.java:804)
at org.testng.internal.TestInvoker.invokeTestMethods(TestInvoker.java:145)
at org.testng.internal.TestMethodWorker.invokeTestMethods(TestMethodWorker.java:146)
at org.testng.internal.TestMethodWorker.run(TestMethodWorker.java:128)
at java.util.ArrayList.forEach(ArrayList.java:1257)
at org.testng.TestRunner.privateRun(TestRunner.java:770)
at org.testng.TestRunner.run(TestRunner.java:591)
at org.testng.SuiteRunner.runTest(SuiteRunner.java:402)
at org.testng.SuiteRunner.runSequentially(SuiteRunner.java:396)
at org.testng.SuiteRunner.privateRun(SuiteRunner.java:355)
at org.testng.SuiteRunner.run(SuiteRunner.java:304)
at org.testng.SuiteRunnerWorker.runSuite(SuiteRunnerWorker.java:53)
at org.testng.SuiteRunnerWorker.run(SuiteRunnerWorker.java:96)
at org.testng.TestNG.runSuitesSequentially(TestNG.java:1180)
at org.testng.TestNG.runSuitesLocally(TestNG.java:1102)
at org.testng.TestNG.runSuites(TestNG.java:1032)
at org.testng.TestNG.run(TestNG.java:1000)
at org.testng.remote.AbstractRemoteTestNG.run(AbstractRemoteTestNG.java:115)
at org.testng.remote.RemoteTestNG.initAndRun(RemoteTestNG.java:251)
at org.testng.remote.RemoteTestNG.main(RemoteTestNG.java:77)
]]>
            </full-stacktrace>
          </exception> <!-- java.lang.RuntimeException -->
          <reporter-output>
          </reporter-output>
        </test-method> <!-- toEvaluateQuestions -->
        <test-method status="SKIP" signature="toEvaluateQuestions()[pri:0, instance:com.pss.dms.LMSRejectionFlow.EvaluateQuestions@58134517]" name="toEvaluateQuestions" duration-ms="0" started-at="2022-05-11T21:44:42 IST" finished-at="2022-05-11T21:44:42 IST">
          <exception class="java.lang.RuntimeException">
            <message>
              <![CDATA[Test skipped due to a detected failure in the overall suite.]]>
            </message>
            <full-stacktrace>
              <![CDATA[java.lang.RuntimeException: Test skipped due to a detected failure in the overall suite.
at com.pss.dms.Listerners.SuiteFailingInvokedMethodListener.beforeInvocation(SuiteFailingInvokedMethodListener.java:17)
at org.testng.internal.invokers.InvokedMethodListenerInvoker$InvokeBeforeInvocationWithoutContextStrategy.callMethod(InvokedMethodListenerInvoker.java:88)
at org.testng.internal.invokers.InvokedMethodListenerInvoker.invokeListener(InvokedMethodListenerInvoker.java:61)
at org.testng.internal.BaseInvoker.runInvokedMethodListeners(BaseInvoker.java:55)
at org.testng.internal.ConfigInvoker.invokeConfigurationMethod(ConfigInvoker.java:325)
at org.testng.internal.ConfigInvoker.invokeConfigurations(ConfigInvoker.java:294)
at org.testng.internal.TestMethodWorker.invokeBeforeClassMethods(TestMethodWorker.java:176)
at org.testng.internal.TestMethodWorker.run(TestMethodWorker.java:122)
at java.util.ArrayList.forEach(ArrayList.java:1257)
at org.testng.TestRunner.privateRun(TestRunner.java:770)
at org.testng.TestRunner.run(TestRunner.java:591)
at org.testng.SuiteRunner.runTest(SuiteRunner.java:402)
at org.testng.SuiteRunner.runSequentially(SuiteRunner.java:396)
at org.testng.SuiteRunner.privateRun(SuiteRunner.java:355)
at org.testng.SuiteRunner.run(SuiteRunner.java:304)
at org.testng.SuiteRunnerWorker.runSuite(SuiteRunnerWorker.java:53)
at org.testng.SuiteRunnerWorker.run(SuiteRunnerWorker.java:96)
at org.testng.TestNG.runSuitesSequentially(TestNG.java:1180)
at org.testng.TestNG.runSuitesLocally(TestNG.java:1102)
at org.testng.TestNG.runSuites(TestNG.java:1032)
at org.testng.TestNG.run(TestNG.java:1000)
at org.testng.remote.AbstractRemoteTestNG.run(AbstractRemoteTestNG.java:115)
at org.testng.remote.RemoteTestNG.initAndRun(RemoteTestNG.java:251)
at org.testng.remote.RemoteTestNG.main(RemoteTestNG.java:77)
]]>
            </full-stacktrace>
          </exception> <!-- java.lang.RuntimeException -->
          <reporter-output>
          </reporter-output>
        </test-method> <!-- toEvaluateQuestions -->
        <test-method status="FAIL" signature="tearDown()[pri:0, instance:com.pss.dms.LMSRejectionFlow.EvaluateQuestions@58134517]" name="tearDown" is-config="true" duration-ms="-1652285682552" started-at="2022-05-11T21:44:42 IST" finished-at="1970-01-01T05:30:00 IST">
          <exception class="java.lang.RuntimeException">
            <message>
              <![CDATA[Test skipped due to a detected failure in the overall suite.]]>
            </message>
            <full-stacktrace>
              <![CDATA[java.lang.RuntimeException: Test skipped due to a detected failure in the overall suite.
at com.pss.dms.Listerners.SuiteFailingInvokedMethodListener.beforeInvocation(SuiteFailingInvokedMethodListener.java:17)
at org.testng.internal.invokers.InvokedMethodListenerInvoker$InvokeBeforeInvocationWithoutContextStrategy.callMethod(InvokedMethodListenerInvoker.java:88)
at org.testng.internal.invokers.InvokedMethodListenerInvoker.invokeListener(InvokedMethodListenerInvoker.java:61)
at org.testng.internal.BaseInvoker.runInvokedMethodListeners(BaseInvoker.java:55)
at org.testng.internal.ConfigInvoker.invokeConfigurations(ConfigInvoker.java:257)
at org.testng.internal.TestMethodWorker.invokeAfterClassMethods(TestMethodWorker.java:217)
at org.testng.internal.TestMethodWorker.run(TestMethodWorker.java:130)
at java.util.ArrayList.forEach(ArrayList.java:1257)
at org.testng.TestRunner.privateRun(TestRunner.java:770)
at org.testng.TestRunner.run(TestRunner.java:591)
at org.testng.SuiteRunner.runTest(SuiteRunner.java:402)
at org.testng.SuiteRunner.runSequentially(SuiteRunner.java:396)
at org.testng.SuiteRunner.privateRun(SuiteRunner.java:355)
at org.testng.SuiteRunner.run(SuiteRunner.java:304)
at org.testng.SuiteRunnerWorker.runSuite(SuiteRunnerWorker.java:53)
at org.testng.SuiteRunnerWorker.run(SuiteRunnerWorker.java:96)
at org.testng.TestNG.runSuitesSequentially(TestNG.java:1180)
at org.testng.TestNG.runSuitesLocally(TestNG.java:1102)
at org.testng.TestNG.runSuites(TestNG.java:1032)
at org.testng.TestNG.run(TestNG.java:1000)
at org.testng.remote.AbstractRemoteTestNG.run(AbstractRemoteTestNG.java:115)
at org.testng.remote.RemoteTestNG.initAndRun(RemoteTestNG.java:251)
at org.testng.remote.RemoteTestNG.main(RemoteTestNG.java:77)
]]>
            </full-stacktrace>
          </exception> <!-- java.lang.RuntimeException -->
          <reporter-output>
          </reporter-output>
        </test-method> <!-- tearDown -->
      </class> <!-- com.pss.dms.LMSRejectionFlow.EvaluateQuestions -->
      <class name="com.pss.dms.LMSRejectionFlow.CreateTopicQuestions">
        <test-method status="PASS" signature="setUp()[pri:0, instance:com.pss.dms.LMSRejectionFlow.CreateTopicQuestions@3f200884]" name="setUp" is-config="true" duration-ms="4749" started-at="2022-05-11T21:36:37 IST" finished-at="2022-05-11T21:36:42 IST">
          <reporter-output>
          </reporter-output>
        </test-method> <!-- setUp -->
        <test-method status="PASS" signature="toCeateTopicQuestions()[pri:0, instance:com.pss.dms.LMSRejectionFlow.CreateTopicQuestions@3f200884]" name="toCeateTopicQuestions" duration-ms="107287" started-at="2022-05-11T21:36:42 IST" finished-at="2022-05-11T21:38:29 IST">
          <reporter-output>
          </reporter-output>
        </test-method> <!-- toCeateTopicQuestions -->
        <test-method status="PASS" signature="tearDown()[pri:0, instance:com.pss.dms.LMSRejectionFlow.CreateTopicQuestions@3f200884]" name="tearDown" is-config="true" duration-ms="758" started-at="2022-05-11T21:38:29 IST" finished-at="2022-05-11T21:38:30 IST">
          <reporter-output>
          </reporter-output>
        </test-method> <!-- tearDown -->
      </class> <!-- com.pss.dms.LMSRejectionFlow.CreateTopicQuestions -->
      <class name="com.pss.dms.LMSRejectionFlow.AdhocScheduleRevert">
        <test-method status="PASS" signature="setUp()[pri:0, instance:com.pss.dms.LMSRejectionFlow.AdhocScheduleRevert@5a4aa2f2]" name="setUp" is-config="true" duration-ms="5116" started-at="2022-05-11T21:42:36 IST" finished-at="2022-05-11T21:42:41 IST">
          <reporter-output>
          </reporter-output>
        </test-method> <!-- setUp -->
        <test-method status="PASS" signature="toAdhocScheduleRevert()[pri:0, instance:com.pss.dms.LMSRejectionFlow.AdhocScheduleRevert@5a4aa2f2]" name="toAdhocScheduleRevert" duration-ms="37602" started-at="2022-05-11T21:42:41 IST" finished-at="2022-05-11T21:43:19 IST">
          <reporter-output>
          </reporter-output>
        </test-method> <!-- toAdhocScheduleRevert -->
        <test-method status="PASS" signature="tearDown()[pri:0, instance:com.pss.dms.LMSRejectionFlow.AdhocScheduleRevert@5a4aa2f2]" name="tearDown" is-config="true" duration-ms="694" started-at="2022-05-11T21:43:19 IST" finished-at="2022-05-11T21:43:20 IST">
          <reporter-output>
          </reporter-output>
        </test-method> <!-- tearDown -->
      </class> <!-- com.pss.dms.LMSRejectionFlow.AdhocScheduleRevert -->
      <class name="com.pss.dms.LMSRejectionFlow.AdhocScheduleApproval">
        <test-method status="FAIL" signature="setUp()[pri:0, instance:com.pss.dms.LMSRejectionFlow.AdhocScheduleApproval@345965f2]" name="setUp" is-config="true" duration-ms="-1652285681624" started-at="2022-05-11T21:44:41 IST" finished-at="1970-01-01T05:30:00 IST">
          <exception class="java.lang.RuntimeException">
            <message>
              <![CDATA[Test skipped due to a detected failure in the overall suite.]]>
            </message>
            <full-stacktrace>
              <![CDATA[java.lang.RuntimeException: Test skipped due to a detected failure in the overall suite.
at com.pss.dms.Listerners.SuiteFailingInvokedMethodListener.beforeInvocation(SuiteFailingInvokedMethodListener.java:17)
at org.testng.internal.invokers.InvokedMethodListenerInvoker$InvokeBeforeInvocationWithoutContextStrategy.callMethod(InvokedMethodListenerInvoker.java:88)
at org.testng.internal.invokers.InvokedMethodListenerInvoker.invokeListener(InvokedMethodListenerInvoker.java:61)
at org.testng.internal.BaseInvoker.runInvokedMethodListeners(BaseInvoker.java:55)
at org.testng.internal.ConfigInvoker.invokeConfigurationMethod(ConfigInvoker.java:325)
at org.testng.internal.ConfigInvoker.invokeConfigurations(ConfigInvoker.java:294)
at org.testng.internal.TestMethodWorker.invokeBeforeClassMethods(TestMethodWorker.java:176)
at org.testng.internal.TestMethodWorker.run(TestMethodWorker.java:122)
at java.util.ArrayList.forEach(ArrayList.java:1257)
at org.testng.TestRunner.privateRun(TestRunner.java:770)
at org.testng.TestRunner.run(TestRunner.java:591)
at org.testng.SuiteRunner.runTest(SuiteRunner.java:402)
at org.testng.SuiteRunner.runSequentially(SuiteRunner.java:396)
at org.testng.SuiteRunner.privateRun(SuiteRunner.java:355)
at org.testng.SuiteRunner.run(SuiteRunner.java:304)
at org.testng.SuiteRunnerWorker.runSuite(SuiteRunnerWorker.java:53)
at org.testng.SuiteRunnerWorker.run(SuiteRunnerWorker.java:96)
at org.testng.TestNG.runSuitesSequentially(TestNG.java:1180)
at org.testng.TestNG.runSuitesLocally(TestNG.java:1102)
at org.testng.TestNG.runSuites(TestNG.java:1032)
at org.testng.TestNG.run(TestNG.java:1000)
at org.testng.remote.AbstractRemoteTestNG.run(AbstractRemoteTestNG.java:115)
at org.testng.remote.RemoteTestNG.initAndRun(RemoteTestNG.java:251)
at org.testng.remote.RemoteTestNG.main(RemoteTestNG.java:77)
]]>
            </full-stacktrace>
          </exception> <!-- java.lang.RuntimeException -->
          <reporter-output>
          </reporter-output>
        </test-method> <!-- setUp -->
        <test-method status="FAIL" signature="toAdhocScheduleApproval()[pri:0, instance:com.pss.dms.LMSRejectionFlow.AdhocScheduleApproval@345965f2]" name="toAdhocScheduleApproval" duration-ms="8" started-at="2022-05-11T21:44:41 IST" finished-at="2022-05-11T21:44:41 IST">
          <exception class="java.lang.RuntimeException">
            <message>
              <![CDATA[Test skipped due to a detected failure in the overall suite.]]>
            </message>
            <full-stacktrace>
              <![CDATA[java.lang.RuntimeException: Test skipped due to a detected failure in the overall suite.
at com.pss.dms.Listerners.SuiteFailingInvokedMethodListener.beforeInvocation(SuiteFailingInvokedMethodListener.java:17)
at org.testng.internal.invokers.InvokedMethodListenerInvoker$InvokeBeforeInvocationWithoutContextStrategy.callMethod(InvokedMethodListenerInvoker.java:88)
at org.testng.internal.invokers.InvokedMethodListenerInvoker.invokeListener(InvokedMethodListenerInvoker.java:61)
at org.testng.internal.BaseInvoker.runInvokedMethodListeners(BaseInvoker.java:55)
at org.testng.internal.TestInvoker.invokeListenersForSkippedTestResult(TestInvoker.java:429)
at org.testng.internal.TestInvoker.invokeMethod(TestInvoker.java:529)
at org.testng.internal.TestInvoker.invokeTestMethod(TestInvoker.java:172)
at org.testng.internal.MethodRunner.runInSequence(MethodRunner.java:46)
at org.testng.internal.TestInvoker$MethodInvocationAgent.invoke(TestInvoker.java:804)
at org.testng.internal.TestInvoker.invokeTestMethods(TestInvoker.java:145)
at org.testng.internal.TestMethodWorker.invokeTestMethods(TestMethodWorker.java:146)
at org.testng.internal.TestMethodWorker.run(TestMethodWorker.java:128)
at java.util.ArrayList.forEach(ArrayList.java:1257)
at org.testng.TestRunner.privateRun(TestRunner.java:770)
at org.testng.TestRunner.run(TestRunner.java:591)
at org.testng.SuiteRunner.runTest(SuiteRunner.java:402)
at org.testng.SuiteRunner.runSequentially(SuiteRunner.java:396)
at org.testng.SuiteRunner.privateRun(SuiteRunner.java:355)
at org.testng.SuiteRunner.run(SuiteRunner.java:304)
at org.testng.SuiteRunnerWorker.runSuite(SuiteRunnerWorker.java:53)
at org.testng.SuiteRunnerWorker.run(SuiteRunnerWorker.java:96)
at org.testng.TestNG.runSuitesSequentially(TestNG.java:1180)
at org.testng.TestNG.runSuitesLocally(TestNG.java:1102)
at org.testng.TestNG.runSuites(TestNG.java:1032)
at org.testng.TestNG.run(TestNG.java:1000)
at org.testng.remote.AbstractRemoteTestNG.run(AbstractRemoteTestNG.java:115)
at org.testng.remote.RemoteTestNG.initAndRun(RemoteTestNG.java:251)
at org.testng.remote.RemoteTestNG.main(RemoteTestNG.java:77)
]]>
            </full-stacktrace>
          </exception> <!-- java.lang.RuntimeException -->
          <reporter-output>
          </reporter-output>
        </test-method> <!-- toAdhocScheduleApproval -->
        <test-method status="SKIP" signature="toAdhocScheduleApproval()[pri:0, instance:com.pss.dms.LMSRejectionFlow.AdhocScheduleApproval@345965f2]" name="toAdhocScheduleApproval" duration-ms="0" started-at="2022-05-11T21:44:41 IST" finished-at="2022-05-11T21:44:41 IST">
          <exception class="java.lang.RuntimeException">
            <message>
              <![CDATA[Test skipped due to a detected failure in the overall suite.]]>
            </message>
            <full-stacktrace>
              <![CDATA[java.lang.RuntimeException: Test skipped due to a detected failure in the overall suite.
at com.pss.dms.Listerners.SuiteFailingInvokedMethodListener.beforeInvocation(SuiteFailingInvokedMethodListener.java:17)
at org.testng.internal.invokers.InvokedMethodListenerInvoker$InvokeBeforeInvocationWithoutContextStrategy.callMethod(InvokedMethodListenerInvoker.java:88)
at org.testng.internal.invokers.InvokedMethodListenerInvoker.invokeListener(InvokedMethodListenerInvoker.java:61)
at org.testng.internal.BaseInvoker.runInvokedMethodListeners(BaseInvoker.java:55)
at org.testng.internal.ConfigInvoker.invokeConfigurationMethod(ConfigInvoker.java:325)
at org.testng.internal.ConfigInvoker.invokeConfigurations(ConfigInvoker.java:294)
at org.testng.internal.TestMethodWorker.invokeBeforeClassMethods(TestMethodWorker.java:176)
at org.testng.internal.TestMethodWorker.run(TestMethodWorker.java:122)
at java.util.ArrayList.forEach(ArrayList.java:1257)
at org.testng.TestRunner.privateRun(TestRunner.java:770)
at org.testng.TestRunner.run(TestRunner.java:591)
at org.testng.SuiteRunner.runTest(SuiteRunner.java:402)
at org.testng.SuiteRunner.runSequentially(SuiteRunner.java:396)
at org.testng.SuiteRunner.privateRun(SuiteRunner.java:355)
at org.testng.SuiteRunner.run(SuiteRunner.java:304)
at org.testng.SuiteRunnerWorker.runSuite(SuiteRunnerWorker.java:53)
at org.testng.SuiteRunnerWorker.run(SuiteRunnerWorker.java:96)
at org.testng.TestNG.runSuitesSequentially(TestNG.java:1180)
at org.testng.TestNG.runSuitesLocally(TestNG.java:1102)
at org.testng.TestNG.runSuites(TestNG.java:1032)
at org.testng.TestNG.run(TestNG.java:1000)
at org.testng.remote.AbstractRemoteTestNG.run(AbstractRemoteTestNG.java:115)
at org.testng.remote.RemoteTestNG.initAndRun(RemoteTestNG.java:251)
at org.testng.remote.RemoteTestNG.main(RemoteTestNG.java:77)
]]>
            </full-stacktrace>
          </exception> <!-- java.lang.RuntimeException -->
          <reporter-output>
          </reporter-output>
        </test-method> <!-- toAdhocScheduleApproval -->
        <test-method status="FAIL" signature="tearDown()[pri:0, instance:com.pss.dms.LMSRejectionFlow.AdhocScheduleApproval@345965f2]" name="tearDown" is-config="true" duration-ms="-1652285681786" started-at="2022-05-11T21:44:41 IST" finished-at="1970-01-01T05:30:00 IST">
          <exception class="java.lang.RuntimeException">
            <message>
              <![CDATA[Test skipped due to a detected failure in the overall suite.]]>
            </message>
            <full-stacktrace>
              <![CDATA[java.lang.RuntimeException: Test skipped due to a detected failure in the overall suite.
at com.pss.dms.Listerners.SuiteFailingInvokedMethodListener.beforeInvocation(SuiteFailingInvokedMethodListener.java:17)
at org.testng.internal.invokers.InvokedMethodListenerInvoker$InvokeBeforeInvocationWithoutContextStrategy.callMethod(InvokedMethodListenerInvoker.java:88)
at org.testng.internal.invokers.InvokedMethodListenerInvoker.invokeListener(InvokedMethodListenerInvoker.java:61)
at org.testng.internal.BaseInvoker.runInvokedMethodListeners(BaseInvoker.java:55)
at org.testng.internal.ConfigInvoker.invokeConfigurations(ConfigInvoker.java:257)
at org.testng.internal.TestMethodWorker.invokeAfterClassMethods(TestMethodWorker.java:217)
at org.testng.internal.TestMethodWorker.run(TestMethodWorker.java:130)
at java.util.ArrayList.forEach(ArrayList.java:1257)
at org.testng.TestRunner.privateRun(TestRunner.java:770)
at org.testng.TestRunner.run(TestRunner.java:591)
at org.testng.SuiteRunner.runTest(SuiteRunner.java:402)
at org.testng.SuiteRunner.runSequentially(SuiteRunner.java:396)
at org.testng.SuiteRunner.privateRun(SuiteRunner.java:355)
at org.testng.SuiteRunner.run(SuiteRunner.java:304)
at org.testng.SuiteRunnerWorker.runSuite(SuiteRunnerWorker.java:53)
at org.testng.SuiteRunnerWorker.run(SuiteRunnerWorker.java:96)
at org.testng.TestNG.runSuitesSequentially(TestNG.java:1180)
at org.testng.TestNG.runSuitesLocally(TestNG.java:1102)
at org.testng.TestNG.runSuites(TestNG.java:1032)
at org.testng.TestNG.run(TestNG.java:1000)
at org.testng.remote.AbstractRemoteTestNG.run(AbstractRemoteTestNG.java:115)
at org.testng.remote.RemoteTestNG.initAndRun(RemoteTestNG.java:251)
at org.testng.remote.RemoteTestNG.main(RemoteTestNG.java:77)
]]>
            </full-stacktrace>
          </exception> <!-- java.lang.RuntimeException -->
          <reporter-output>
          </reporter-output>
        </test-method> <!-- tearDown -->
      </class> <!-- com.pss.dms.LMSRejectionFlow.AdhocScheduleApproval -->
    </test> <!-- DMSWithLMS4 -->
    <test name="CCWithDMSAndLMS ActionItemPerformandReview" duration-ms="769" started-at="2022-05-11T21:44:42 IST" finished-at="2022-05-11T21:44:43 IST">
      <class name="com.pss.dms.CCRejectionFlow.ActionItemPerformAfterReject">
        <test-method status="FAIL" signature="setUp()[pri:0, instance:com.pss.dms.CCRejectionFlow.ActionItemPerformAfterReject@491666ad]" name="setUp" is-config="true" duration-ms="-1652285683318" started-at="2022-05-11T21:44:43 IST" finished-at="1970-01-01T05:30:00 IST">
          <exception class="java.lang.RuntimeException">
            <message>
              <![CDATA[Test skipped due to a detected failure in the overall suite.]]>
            </message>
            <full-stacktrace>
              <![CDATA[java.lang.RuntimeException: Test skipped due to a detected failure in the overall suite.
at com.pss.dms.Listerners.SuiteFailingInvokedMethodListener.beforeInvocation(SuiteFailingInvokedMethodListener.java:17)
at org.testng.internal.invokers.InvokedMethodListenerInvoker$InvokeBeforeInvocationWithoutContextStrategy.callMethod(InvokedMethodListenerInvoker.java:88)
at org.testng.internal.invokers.InvokedMethodListenerInvoker.invokeListener(InvokedMethodListenerInvoker.java:61)
at org.testng.internal.BaseInvoker.runInvokedMethodListeners(BaseInvoker.java:55)
at org.testng.internal.ConfigInvoker.invokeConfigurationMethod(ConfigInvoker.java:325)
at org.testng.internal.ConfigInvoker.invokeConfigurations(ConfigInvoker.java:294)
at org.testng.internal.TestMethodWorker.invokeBeforeClassMethods(TestMethodWorker.java:176)
at org.testng.internal.TestMethodWorker.run(TestMethodWorker.java:122)
at java.util.ArrayList.forEach(ArrayList.java:1257)
at org.testng.TestRunner.privateRun(TestRunner.java:770)
at org.testng.TestRunner.run(TestRunner.java:591)
at org.testng.SuiteRunner.runTest(SuiteRunner.java:402)
at org.testng.SuiteRunner.runSequentially(SuiteRunner.java:396)
at org.testng.SuiteRunner.privateRun(SuiteRunner.java:355)
at org.testng.SuiteRunner.run(SuiteRunner.java:304)
at org.testng.SuiteRunnerWorker.runSuite(SuiteRunnerWorker.java:53)
at org.testng.SuiteRunnerWorker.run(SuiteRunnerWorker.java:96)
at org.testng.TestNG.runSuitesSequentially(TestNG.java:1180)
at org.testng.TestNG.runSuitesLocally(TestNG.java:1102)
at org.testng.TestNG.runSuites(TestNG.java:1032)
at org.testng.TestNG.run(TestNG.java:1000)
at org.testng.remote.AbstractRemoteTestNG.run(AbstractRemoteTestNG.java:115)
at org.testng.remote.RemoteTestNG.initAndRun(RemoteTestNG.java:251)
at org.testng.remote.RemoteTestNG.main(RemoteTestNG.java:77)
]]>
            </full-stacktrace>
          </exception> <!-- java.lang.RuntimeException -->
          <reporter-output>
          </reporter-output>
        </test-method> <!-- setUp -->
        <test-method status="SKIP" signature="toActionItemPerformAfterReject()[pri:0, instance:com.pss.dms.CCRejectionFlow.ActionItemPerformAfterReject@491666ad]" name="toActionItemPerformAfterReject" duration-ms="0" started-at="2022-05-11T21:44:43 IST" finished-at="2022-05-11T21:44:43 IST">
          <exception class="java.lang.RuntimeException">
            <message>
              <![CDATA[Test skipped due to a detected failure in the overall suite.]]>
            </message>
            <full-stacktrace>
              <![CDATA[java.lang.RuntimeException: Test skipped due to a detected failure in the overall suite.
at com.pss.dms.Listerners.SuiteFailingInvokedMethodListener.beforeInvocation(SuiteFailingInvokedMethodListener.java:17)
at org.testng.internal.invokers.InvokedMethodListenerInvoker$InvokeBeforeInvocationWithoutContextStrategy.callMethod(InvokedMethodListenerInvoker.java:88)
at org.testng.internal.invokers.InvokedMethodListenerInvoker.invokeListener(InvokedMethodListenerInvoker.java:61)
at org.testng.internal.BaseInvoker.runInvokedMethodListeners(BaseInvoker.java:55)
at org.testng.internal.ConfigInvoker.invokeConfigurationMethod(ConfigInvoker.java:325)
at org.testng.internal.ConfigInvoker.invokeConfigurations(ConfigInvoker.java:294)
at org.testng.internal.TestMethodWorker.invokeBeforeClassMethods(TestMethodWorker.java:176)
at org.testng.internal.TestMethodWorker.run(TestMethodWorker.java:122)
at java.util.ArrayList.forEach(ArrayList.java:1257)
at org.testng.TestRunner.privateRun(TestRunner.java:770)
at org.testng.TestRunner.run(TestRunner.java:591)
at org.testng.SuiteRunner.runTest(SuiteRunner.java:402)
at org.testng.SuiteRunner.runSequentially(SuiteRunner.java:396)
at org.testng.SuiteRunner.privateRun(SuiteRunner.java:355)
at org.testng.SuiteRunner.run(SuiteRunner.java:304)
at org.testng.SuiteRunnerWorker.runSuite(SuiteRunnerWorker.java:53)
at org.testng.SuiteRunnerWorker.run(SuiteRunnerWorker.java:96)
at org.testng.TestNG.runSuitesSequentially(TestNG.java:1180)
at org.testng.TestNG.runSuitesLocally(TestNG.java:1102)
at org.testng.TestNG.runSuites(TestNG.java:1032)
at org.testng.TestNG.run(TestNG.java:1000)
at org.testng.remote.AbstractRemoteTestNG.run(AbstractRemoteTestNG.java:115)
at org.testng.remote.RemoteTestNG.initAndRun(RemoteTestNG.java:251)
at org.testng.remote.RemoteTestNG.main(RemoteTestNG.java:77)
]]>
            </full-stacktrace>
          </exception> <!-- java.lang.RuntimeException -->
          <reporter-output>
          </reporter-output>
        </test-method> <!-- toActionItemPerformAfterReject -->
        <test-method status="FAIL" signature="toActionItemPerformAfterReject()[pri:0, instance:com.pss.dms.CCRejectionFlow.ActionItemPerformAfterReject@491666ad]" name="toActionItemPerformAfterReject" duration-ms="2" started-at="2022-05-11T21:44:43 IST" finished-at="2022-05-11T21:44:43 IST">
          <exception class="java.lang.RuntimeException">
            <message>
              <![CDATA[Test skipped due to a detected failure in the overall suite.]]>
            </message>
            <full-stacktrace>
              <![CDATA[java.lang.RuntimeException: Test skipped due to a detected failure in the overall suite.
at com.pss.dms.Listerners.SuiteFailingInvokedMethodListener.beforeInvocation(SuiteFailingInvokedMethodListener.java:17)
at org.testng.internal.invokers.InvokedMethodListenerInvoker$InvokeBeforeInvocationWithoutContextStrategy.callMethod(InvokedMethodListenerInvoker.java:88)
at org.testng.internal.invokers.InvokedMethodListenerInvoker.invokeListener(InvokedMethodListenerInvoker.java:61)
at org.testng.internal.BaseInvoker.runInvokedMethodListeners(BaseInvoker.java:55)
at org.testng.internal.TestInvoker.invokeListenersForSkippedTestResult(TestInvoker.java:429)
at org.testng.internal.TestInvoker.invokeMethod(TestInvoker.java:529)
at org.testng.internal.TestInvoker.invokeTestMethod(TestInvoker.java:172)
at org.testng.internal.MethodRunner.runInSequence(MethodRunner.java:46)
at org.testng.internal.TestInvoker$MethodInvocationAgent.invoke(TestInvoker.java:804)
at org.testng.internal.TestInvoker.invokeTestMethods(TestInvoker.java:145)
at org.testng.internal.TestMethodWorker.invokeTestMethods(TestMethodWorker.java:146)
at org.testng.internal.TestMethodWorker.run(TestMethodWorker.java:128)
at java.util.ArrayList.forEach(ArrayList.java:1257)
at org.testng.TestRunner.privateRun(TestRunner.java:770)
at org.testng.TestRunner.run(TestRunner.java:591)
at org.testng.SuiteRunner.runTest(SuiteRunner.java:402)
at org.testng.SuiteRunner.runSequentially(SuiteRunner.java:396)
at org.testng.SuiteRunner.privateRun(SuiteRunner.java:355)
at org.testng.SuiteRunner.run(SuiteRunner.java:304)
at org.testng.SuiteRunnerWorker.runSuite(SuiteRunnerWorker.java:53)
at org.testng.SuiteRunnerWorker.run(SuiteRunnerWorker.java:96)
at org.testng.TestNG.runSuitesSequentially(TestNG.java:1180)
at org.testng.TestNG.runSuitesLocally(TestNG.java:1102)
at org.testng.TestNG.runSuites(TestNG.java:1032)
at org.testng.TestNG.run(TestNG.java:1000)
at org.testng.remote.AbstractRemoteTestNG.run(AbstractRemoteTestNG.java:115)
at org.testng.remote.RemoteTestNG.initAndRun(RemoteTestNG.java:251)
at org.testng.remote.RemoteTestNG.main(RemoteTestNG.java:77)
]]>
            </full-stacktrace>
          </exception> <!-- java.lang.RuntimeException -->
          <reporter-output>
          </reporter-output>
        </test-method> <!-- toActionItemPerformAfterReject -->
        <test-method status="FAIL" signature="tearDown()[pri:0, instance:com.pss.dms.CCRejectionFlow.ActionItemPerformAfterReject@491666ad]" name="tearDown" is-config="true" duration-ms="-1652285683469" started-at="2022-05-11T21:44:43 IST" finished-at="1970-01-01T05:30:00 IST">
          <exception class="java.lang.RuntimeException">
            <message>
              <![CDATA[Test skipped due to a detected failure in the overall suite.]]>
            </message>
            <full-stacktrace>
              <![CDATA[java.lang.RuntimeException: Test skipped due to a detected failure in the overall suite.
at com.pss.dms.Listerners.SuiteFailingInvokedMethodListener.beforeInvocation(SuiteFailingInvokedMethodListener.java:17)
at org.testng.internal.invokers.InvokedMethodListenerInvoker$InvokeBeforeInvocationWithoutContextStrategy.callMethod(InvokedMethodListenerInvoker.java:88)
at org.testng.internal.invokers.InvokedMethodListenerInvoker.invokeListener(InvokedMethodListenerInvoker.java:61)
at org.testng.internal.BaseInvoker.runInvokedMethodListeners(BaseInvoker.java:55)
at org.testng.internal.ConfigInvoker.invokeConfigurations(ConfigInvoker.java:257)
at org.testng.internal.TestMethodWorker.invokeAfterClassMethods(TestMethodWorker.java:217)
at org.testng.internal.TestMethodWorker.run(TestMethodWorker.java:130)
at java.util.ArrayList.forEach(ArrayList.java:1257)
at org.testng.TestRunner.privateRun(TestRunner.java:770)
at org.testng.TestRunner.run(TestRunner.java:591)
at org.testng.SuiteRunner.runTest(SuiteRunner.java:402)
at org.testng.SuiteRunner.runSequentially(SuiteRunner.java:396)
at org.testng.SuiteRunner.privateRun(SuiteRunner.java:355)
at org.testng.SuiteRunner.run(SuiteRunner.java:304)
at org.testng.SuiteRunnerWorker.runSuite(SuiteRunnerWorker.java:53)
at org.testng.SuiteRunnerWorker.run(SuiteRunnerWorker.java:96)
at org.testng.TestNG.runSuitesSequentially(TestNG.java:1180)
at org.testng.TestNG.runSuitesLocally(TestNG.java:1102)
at org.testng.TestNG.runSuites(TestNG.java:1032)
at org.testng.TestNG.run(TestNG.java:1000)
at org.testng.remote.AbstractRemoteTestNG.run(AbstractRemoteTestNG.java:115)
at org.testng.remote.RemoteTestNG.initAndRun(RemoteTestNG.java:251)
at org.testng.remote.RemoteTestNG.main(RemoteTestNG.java:77)
]]>
            </full-stacktrace>
          </exception> <!-- java.lang.RuntimeException -->
          <reporter-output>
          </reporter-output>
        </test-method> <!-- tearDown -->
      </class> <!-- com.pss.dms.CCRejectionFlow.ActionItemPerformAfterReject -->
      <class name="com.pss.dms.CCRejectionFlow.ActionItemPerform">
        <test-method status="FAIL" signature="setUp()[pri:0, instance:com.pss.dms.CCRejectionFlow.ActionItemPerform@4f9a3314]" name="setUp" is-config="true" duration-ms="-1652285683001" started-at="2022-05-11T21:44:43 IST" finished-at="1970-01-01T05:30:00 IST">
          <exception class="java.lang.RuntimeException">
            <message>
              <![CDATA[Test skipped due to a detected failure in the overall suite.]]>
            </message>
            <full-stacktrace>
              <![CDATA[java.lang.RuntimeException: Test skipped due to a detected failure in the overall suite.
at com.pss.dms.Listerners.SuiteFailingInvokedMethodListener.beforeInvocation(SuiteFailingInvokedMethodListener.java:17)
at org.testng.internal.invokers.InvokedMethodListenerInvoker$InvokeBeforeInvocationWithoutContextStrategy.callMethod(InvokedMethodListenerInvoker.java:88)
at org.testng.internal.invokers.InvokedMethodListenerInvoker.invokeListener(InvokedMethodListenerInvoker.java:61)
at org.testng.internal.BaseInvoker.runInvokedMethodListeners(BaseInvoker.java:55)
at org.testng.internal.ConfigInvoker.invokeConfigurationMethod(ConfigInvoker.java:325)
at org.testng.internal.ConfigInvoker.invokeConfigurations(ConfigInvoker.java:294)
at org.testng.internal.TestMethodWorker.invokeBeforeClassMethods(TestMethodWorker.java:176)
at org.testng.internal.TestMethodWorker.run(TestMethodWorker.java:122)
at java.util.ArrayList.forEach(ArrayList.java:1257)
at org.testng.TestRunner.privateRun(TestRunner.java:770)
at org.testng.TestRunner.run(TestRunner.java:591)
at org.testng.SuiteRunner.runTest(SuiteRunner.java:402)
at org.testng.SuiteRunner.runSequentially(SuiteRunner.java:396)
at org.testng.SuiteRunner.privateRun(SuiteRunner.java:355)
at org.testng.SuiteRunner.run(SuiteRunner.java:304)
at org.testng.SuiteRunnerWorker.runSuite(SuiteRunnerWorker.java:53)
at org.testng.SuiteRunnerWorker.run(SuiteRunnerWorker.java:96)
at org.testng.TestNG.runSuitesSequentially(TestNG.java:1180)
at org.testng.TestNG.runSuitesLocally(TestNG.java:1102)
at org.testng.TestNG.runSuites(TestNG.java:1032)
at org.testng.TestNG.run(TestNG.java:1000)
at org.testng.remote.AbstractRemoteTestNG.run(AbstractRemoteTestNG.java:115)
at org.testng.remote.RemoteTestNG.initAndRun(RemoteTestNG.java:251)
at org.testng.remote.RemoteTestNG.main(RemoteTestNG.java:77)
]]>
            </full-stacktrace>
          </exception> <!-- java.lang.RuntimeException -->
          <reporter-output>
          </reporter-output>
        </test-method> <!-- setUp -->
        <test-method status="SKIP" signature="toActionItemPerform()[pri:0, instance:com.pss.dms.CCRejectionFlow.ActionItemPerform@4f9a3314]" name="toActionItemPerform" duration-ms="0" started-at="2022-05-11T21:44:43 IST" finished-at="2022-05-11T21:44:43 IST">
          <exception class="java.lang.RuntimeException">
            <message>
              <![CDATA[Test skipped due to a detected failure in the overall suite.]]>
            </message>
            <full-stacktrace>
              <![CDATA[java.lang.RuntimeException: Test skipped due to a detected failure in the overall suite.
at com.pss.dms.Listerners.SuiteFailingInvokedMethodListener.beforeInvocation(SuiteFailingInvokedMethodListener.java:17)
at org.testng.internal.invokers.InvokedMethodListenerInvoker$InvokeBeforeInvocationWithoutContextStrategy.callMethod(InvokedMethodListenerInvoker.java:88)
at org.testng.internal.invokers.InvokedMethodListenerInvoker.invokeListener(InvokedMethodListenerInvoker.java:61)
at org.testng.internal.BaseInvoker.runInvokedMethodListeners(BaseInvoker.java:55)
at org.testng.internal.ConfigInvoker.invokeConfigurationMethod(ConfigInvoker.java:325)
at org.testng.internal.ConfigInvoker.invokeConfigurations(ConfigInvoker.java:294)
at org.testng.internal.TestMethodWorker.invokeBeforeClassMethods(TestMethodWorker.java:176)
at org.testng.internal.TestMethodWorker.run(TestMethodWorker.java:122)
at java.util.ArrayList.forEach(ArrayList.java:1257)
at org.testng.TestRunner.privateRun(TestRunner.java:770)
at org.testng.TestRunner.run(TestRunner.java:591)
at org.testng.SuiteRunner.runTest(SuiteRunner.java:402)
at org.testng.SuiteRunner.runSequentially(SuiteRunner.java:396)
at org.testng.SuiteRunner.privateRun(SuiteRunner.java:355)
at org.testng.SuiteRunner.run(SuiteRunner.java:304)
at org.testng.SuiteRunnerWorker.runSuite(SuiteRunnerWorker.java:53)
at org.testng.SuiteRunnerWorker.run(SuiteRunnerWorker.java:96)
at org.testng.TestNG.runSuitesSequentially(TestNG.java:1180)
at org.testng.TestNG.runSuitesLocally(TestNG.java:1102)
at org.testng.TestNG.runSuites(TestNG.java:1032)
at org.testng.TestNG.run(TestNG.java:1000)
at org.testng.remote.AbstractRemoteTestNG.run(AbstractRemoteTestNG.java:115)
at org.testng.remote.RemoteTestNG.initAndRun(RemoteTestNG.java:251)
at org.testng.remote.RemoteTestNG.main(RemoteTestNG.java:77)
]]>
            </full-stacktrace>
          </exception> <!-- java.lang.RuntimeException -->
          <reporter-output>
          </reporter-output>
        </test-method> <!-- toActionItemPerform -->
        <test-method status="FAIL" signature="toActionItemPerform()[pri:0, instance:com.pss.dms.CCRejectionFlow.ActionItemPerform@4f9a3314]" name="toActionItemPerform" duration-ms="11" started-at="2022-05-11T21:44:43 IST" finished-at="2022-05-11T21:44:43 IST">
          <exception class="java.lang.RuntimeException">
            <message>
              <![CDATA[Test skipped due to a detected failure in the overall suite.]]>
            </message>
            <full-stacktrace>
              <![CDATA[java.lang.RuntimeException: Test skipped due to a detected failure in the overall suite.
at com.pss.dms.Listerners.SuiteFailingInvokedMethodListener.beforeInvocation(SuiteFailingInvokedMethodListener.java:17)
at org.testng.internal.invokers.InvokedMethodListenerInvoker$InvokeBeforeInvocationWithoutContextStrategy.callMethod(InvokedMethodListenerInvoker.java:88)
at org.testng.internal.invokers.InvokedMethodListenerInvoker.invokeListener(InvokedMethodListenerInvoker.java:61)
at org.testng.internal.BaseInvoker.runInvokedMethodListeners(BaseInvoker.java:55)
at org.testng.internal.TestInvoker.invokeListenersForSkippedTestResult(TestInvoker.java:429)
at org.testng.internal.TestInvoker.invokeMethod(TestInvoker.java:529)
at org.testng.internal.TestInvoker.invokeTestMethod(TestInvoker.java:172)
at org.testng.internal.MethodRunner.runInSequence(MethodRunner.java:46)
at org.testng.internal.TestInvoker$MethodInvocationAgent.invoke(TestInvoker.java:804)
at org.testng.internal.TestInvoker.invokeTestMethods(TestInvoker.java:145)
at org.testng.internal.TestMethodWorker.invokeTestMethods(TestMethodWorker.java:146)
at org.testng.internal.TestMethodWorker.run(TestMethodWorker.java:128)
at java.util.ArrayList.forEach(ArrayList.java:1257)
at org.testng.TestRunner.privateRun(TestRunner.java:770)
at org.testng.TestRunner.run(TestRunner.java:591)
at org.testng.SuiteRunner.runTest(SuiteRunner.java:402)
at org.testng.SuiteRunner.runSequentially(SuiteRunner.java:396)
at org.testng.SuiteRunner.privateRun(SuiteRunner.java:355)
at org.testng.SuiteRunner.run(SuiteRunner.java:304)
at org.testng.SuiteRunnerWorker.runSuite(SuiteRunnerWorker.java:53)
at org.testng.SuiteRunnerWorker.run(SuiteRunnerWorker.java:96)
at org.testng.TestNG.runSuitesSequentially(TestNG.java:1180)
at org.testng.TestNG.runSuitesLocally(TestNG.java:1102)
at org.testng.TestNG.runSuites(TestNG.java:1032)
at org.testng.TestNG.run(TestNG.java:1000)
at org.testng.remote.AbstractRemoteTestNG.run(AbstractRemoteTestNG.java:115)
at org.testng.remote.RemoteTestNG.initAndRun(RemoteTestNG.java:251)
at org.testng.remote.RemoteTestNG.main(RemoteTestNG.java:77)
]]>
            </full-stacktrace>
          </exception> <!-- java.lang.RuntimeException -->
          <reporter-output>
          </reporter-output>
        </test-method> <!-- toActionItemPerform -->
        <test-method status="FAIL" signature="tearDown()[pri:0, instance:com.pss.dms.CCRejectionFlow.ActionItemPerform@4f9a3314]" name="tearDown" is-config="true" duration-ms="-1652285683165" started-at="2022-05-11T21:44:43 IST" finished-at="1970-01-01T05:30:00 IST">
          <exception class="java.lang.RuntimeException">
            <message>
              <![CDATA[Test skipped due to a detected failure in the overall suite.]]>
            </message>
            <full-stacktrace>
              <![CDATA[java.lang.RuntimeException: Test skipped due to a detected failure in the overall suite.
at com.pss.dms.Listerners.SuiteFailingInvokedMethodListener.beforeInvocation(SuiteFailingInvokedMethodListener.java:17)
at org.testng.internal.invokers.InvokedMethodListenerInvoker$InvokeBeforeInvocationWithoutContextStrategy.callMethod(InvokedMethodListenerInvoker.java:88)
at org.testng.internal.invokers.InvokedMethodListenerInvoker.invokeListener(InvokedMethodListenerInvoker.java:61)
at org.testng.internal.BaseInvoker.runInvokedMethodListeners(BaseInvoker.java:55)
at org.testng.internal.ConfigInvoker.invokeConfigurations(ConfigInvoker.java:257)
at org.testng.internal.TestMethodWorker.invokeAfterClassMethods(TestMethodWorker.java:217)
at org.testng.internal.TestMethodWorker.run(TestMethodWorker.java:130)
at java.util.ArrayList.forEach(ArrayList.java:1257)
at org.testng.TestRunner.privateRun(TestRunner.java:770)
at org.testng.TestRunner.run(TestRunner.java:591)
at org.testng.SuiteRunner.runTest(SuiteRunner.java:402)
at org.testng.SuiteRunner.runSequentially(SuiteRunner.java:396)
at org.testng.SuiteRunner.privateRun(SuiteRunner.java:355)
at org.testng.SuiteRunner.run(SuiteRunner.java:304)
at org.testng.SuiteRunnerWorker.runSuite(SuiteRunnerWorker.java:53)
at org.testng.SuiteRunnerWorker.run(SuiteRunnerWorker.java:96)
at org.testng.TestNG.runSuitesSequentially(TestNG.java:1180)
at org.testng.TestNG.runSuitesLocally(TestNG.java:1102)
at org.testng.TestNG.runSuites(TestNG.java:1032)
at org.testng.TestNG.run(TestNG.java:1000)
at org.testng.remote.AbstractRemoteTestNG.run(AbstractRemoteTestNG.java:115)
at org.testng.remote.RemoteTestNG.initAndRun(RemoteTestNG.java:251)
at org.testng.remote.RemoteTestNG.main(RemoteTestNG.java:77)
]]>
            </full-stacktrace>
          </exception> <!-- java.lang.RuntimeException -->
          <reporter-output>
          </reporter-output>
        </test-method> <!-- tearDown -->
      </class> <!-- com.pss.dms.CCRejectionFlow.ActionItemPerform -->
      <class name="com.pss.dms.CCRejectionFlow.ActionItemReview">
        <test-method status="FAIL" signature="setUp()[pri:0, instance:com.pss.dms.CCRejectionFlow.ActionItemReview@176d53b2]" name="setUp" is-config="true" duration-ms="-1652285683471" started-at="2022-05-11T21:44:43 IST" finished-at="1970-01-01T05:30:00 IST">
          <exception class="java.lang.RuntimeException">
            <message>
              <![CDATA[Test skipped due to a detected failure in the overall suite.]]>
            </message>
            <full-stacktrace>
              <![CDATA[java.lang.RuntimeException: Test skipped due to a detected failure in the overall suite.
at com.pss.dms.Listerners.SuiteFailingInvokedMethodListener.beforeInvocation(SuiteFailingInvokedMethodListener.java:17)
at org.testng.internal.invokers.InvokedMethodListenerInvoker$InvokeBeforeInvocationWithoutContextStrategy.callMethod(InvokedMethodListenerInvoker.java:88)
at org.testng.internal.invokers.InvokedMethodListenerInvoker.invokeListener(InvokedMethodListenerInvoker.java:61)
at org.testng.internal.BaseInvoker.runInvokedMethodListeners(BaseInvoker.java:55)
at org.testng.internal.ConfigInvoker.invokeConfigurationMethod(ConfigInvoker.java:325)
at org.testng.internal.ConfigInvoker.invokeConfigurations(ConfigInvoker.java:294)
at org.testng.internal.TestMethodWorker.invokeBeforeClassMethods(TestMethodWorker.java:176)
at org.testng.internal.TestMethodWorker.run(TestMethodWorker.java:122)
at java.util.ArrayList.forEach(ArrayList.java:1257)
at org.testng.TestRunner.privateRun(TestRunner.java:770)
at org.testng.TestRunner.run(TestRunner.java:591)
at org.testng.SuiteRunner.runTest(SuiteRunner.java:402)
at org.testng.SuiteRunner.runSequentially(SuiteRunner.java:396)
at org.testng.SuiteRunner.privateRun(SuiteRunner.java:355)
at org.testng.SuiteRunner.run(SuiteRunner.java:304)
at org.testng.SuiteRunnerWorker.runSuite(SuiteRunnerWorker.java:53)
at org.testng.SuiteRunnerWorker.run(SuiteRunnerWorker.java:96)
at org.testng.TestNG.runSuitesSequentially(TestNG.java:1180)
at org.testng.TestNG.runSuitesLocally(TestNG.java:1102)
at org.testng.TestNG.runSuites(TestNG.java:1032)
at org.testng.TestNG.run(TestNG.java:1000)
at org.testng.remote.AbstractRemoteTestNG.run(AbstractRemoteTestNG.java:115)
at org.testng.remote.RemoteTestNG.initAndRun(RemoteTestNG.java:251)
at org.testng.remote.RemoteTestNG.main(RemoteTestNG.java:77)
]]>
            </full-stacktrace>
          </exception> <!-- java.lang.RuntimeException -->
          <reporter-output>
          </reporter-output>
        </test-method> <!-- setUp -->
        <test-method status="FAIL" signature="toActionItemReview()[pri:0, instance:com.pss.dms.CCRejectionFlow.ActionItemReview@176d53b2]" name="toActionItemReview" duration-ms="2" started-at="2022-05-11T21:44:43 IST" finished-at="2022-05-11T21:44:43 IST">
          <exception class="java.lang.RuntimeException">
            <message>
              <![CDATA[Test skipped due to a detected failure in the overall suite.]]>
            </message>
            <full-stacktrace>
              <![CDATA[java.lang.RuntimeException: Test skipped due to a detected failure in the overall suite.
at com.pss.dms.Listerners.SuiteFailingInvokedMethodListener.beforeInvocation(SuiteFailingInvokedMethodListener.java:17)
at org.testng.internal.invokers.InvokedMethodListenerInvoker$InvokeBeforeInvocationWithoutContextStrategy.callMethod(InvokedMethodListenerInvoker.java:88)
at org.testng.internal.invokers.InvokedMethodListenerInvoker.invokeListener(InvokedMethodListenerInvoker.java:61)
at org.testng.internal.BaseInvoker.runInvokedMethodListeners(BaseInvoker.java:55)
at org.testng.internal.TestInvoker.invokeListenersForSkippedTestResult(TestInvoker.java:429)
at org.testng.internal.TestInvoker.invokeMethod(TestInvoker.java:529)
at org.testng.internal.TestInvoker.invokeTestMethod(TestInvoker.java:172)
at org.testng.internal.MethodRunner.runInSequence(MethodRunner.java:46)
at org.testng.internal.TestInvoker$MethodInvocationAgent.invoke(TestInvoker.java:804)
at org.testng.internal.TestInvoker.invokeTestMethods(TestInvoker.java:145)
at org.testng.internal.TestMethodWorker.invokeTestMethods(TestMethodWorker.java:146)
at org.testng.internal.TestMethodWorker.run(TestMethodWorker.java:128)
at java.util.ArrayList.forEach(ArrayList.java:1257)
at org.testng.TestRunner.privateRun(TestRunner.java:770)
at org.testng.TestRunner.run(TestRunner.java:591)
at org.testng.SuiteRunner.runTest(SuiteRunner.java:402)
at org.testng.SuiteRunner.runSequentially(SuiteRunner.java:396)
at org.testng.SuiteRunner.privateRun(SuiteRunner.java:355)
at org.testng.SuiteRunner.run(SuiteRunner.java:304)
at org.testng.SuiteRunnerWorker.runSuite(SuiteRunnerWorker.java:53)
at org.testng.SuiteRunnerWorker.run(SuiteRunnerWorker.java:96)
at org.testng.TestNG.runSuitesSequentially(TestNG.java:1180)
at org.testng.TestNG.runSuitesLocally(TestNG.java:1102)
at org.testng.TestNG.runSuites(TestNG.java:1032)
at org.testng.TestNG.run(TestNG.java:1000)
at org.testng.remote.AbstractRemoteTestNG.run(AbstractRemoteTestNG.java:115)
at org.testng.remote.RemoteTestNG.initAndRun(RemoteTestNG.java:251)
at org.testng.remote.RemoteTestNG.main(RemoteTestNG.java:77)
]]>
            </full-stacktrace>
          </exception> <!-- java.lang.RuntimeException -->
          <reporter-output>
          </reporter-output>
        </test-method> <!-- toActionItemReview -->
        <test-method status="SKIP" signature="toActionItemReview()[pri:0, instance:com.pss.dms.CCRejectionFlow.ActionItemReview@176d53b2]" name="toActionItemReview" duration-ms="0" started-at="2022-05-11T21:44:43 IST" finished-at="2022-05-11T21:44:43 IST">
          <exception class="java.lang.RuntimeException">
            <message>
              <![CDATA[Test skipped due to a detected failure in the overall suite.]]>
            </message>
            <full-stacktrace>
              <![CDATA[java.lang.RuntimeException: Test skipped due to a detected failure in the overall suite.
at com.pss.dms.Listerners.SuiteFailingInvokedMethodListener.beforeInvocation(SuiteFailingInvokedMethodListener.java:17)
at org.testng.internal.invokers.InvokedMethodListenerInvoker$InvokeBeforeInvocationWithoutContextStrategy.callMethod(InvokedMethodListenerInvoker.java:88)
at org.testng.internal.invokers.InvokedMethodListenerInvoker.invokeListener(InvokedMethodListenerInvoker.java:61)
at org.testng.internal.BaseInvoker.runInvokedMethodListeners(BaseInvoker.java:55)
at org.testng.internal.ConfigInvoker.invokeConfigurationMethod(ConfigInvoker.java:325)
at org.testng.internal.ConfigInvoker.invokeConfigurations(ConfigInvoker.java:294)
at org.testng.internal.TestMethodWorker.invokeBeforeClassMethods(TestMethodWorker.java:176)
at org.testng.internal.TestMethodWorker.run(TestMethodWorker.java:122)
at java.util.ArrayList.forEach(ArrayList.java:1257)
at org.testng.TestRunner.privateRun(TestRunner.java:770)
at org.testng.TestRunner.run(TestRunner.java:591)
at org.testng.SuiteRunner.runTest(SuiteRunner.java:402)
at org.testng.SuiteRunner.runSequentially(SuiteRunner.java:396)
at org.testng.SuiteRunner.privateRun(SuiteRunner.java:355)
at org.testng.SuiteRunner.run(SuiteRunner.java:304)
at org.testng.SuiteRunnerWorker.runSuite(SuiteRunnerWorker.java:53)
at org.testng.SuiteRunnerWorker.run(SuiteRunnerWorker.java:96)
at org.testng.TestNG.runSuitesSequentially(TestNG.java:1180)
at org.testng.TestNG.runSuitesLocally(TestNG.java:1102)
at org.testng.TestNG.runSuites(TestNG.java:1032)
at org.testng.TestNG.run(TestNG.java:1000)
at org.testng.remote.AbstractRemoteTestNG.run(AbstractRemoteTestNG.java:115)
at org.testng.remote.RemoteTestNG.initAndRun(RemoteTestNG.java:251)
at org.testng.remote.RemoteTestNG.main(RemoteTestNG.java:77)
]]>
            </full-stacktrace>
          </exception> <!-- java.lang.RuntimeException -->
          <reporter-output>
          </reporter-output>
        </test-method> <!-- toActionItemReview -->
        <test-method status="FAIL" signature="tearDown()[pri:0, instance:com.pss.dms.CCRejectionFlow.ActionItemReview@176d53b2]" name="tearDown" is-config="true" duration-ms="-1652285683619" started-at="2022-05-11T21:44:43 IST" finished-at="1970-01-01T05:30:00 IST">
          <exception class="java.lang.RuntimeException">
            <message>
              <![CDATA[Test skipped due to a detected failure in the overall suite.]]>
            </message>
            <full-stacktrace>
              <![CDATA[java.lang.RuntimeException: Test skipped due to a detected failure in the overall suite.
at com.pss.dms.Listerners.SuiteFailingInvokedMethodListener.beforeInvocation(SuiteFailingInvokedMethodListener.java:17)
at org.testng.internal.invokers.InvokedMethodListenerInvoker$InvokeBeforeInvocationWithoutContextStrategy.callMethod(InvokedMethodListenerInvoker.java:88)
at org.testng.internal.invokers.InvokedMethodListenerInvoker.invokeListener(InvokedMethodListenerInvoker.java:61)
at org.testng.internal.BaseInvoker.runInvokedMethodListeners(BaseInvoker.java:55)
at org.testng.internal.ConfigInvoker.invokeConfigurations(ConfigInvoker.java:257)
at org.testng.internal.TestMethodWorker.invokeAfterClassMethods(TestMethodWorker.java:217)
at org.testng.internal.TestMethodWorker.run(TestMethodWorker.java:130)
at java.util.ArrayList.forEach(ArrayList.java:1257)
at org.testng.TestRunner.privateRun(TestRunner.java:770)
at org.testng.TestRunner.run(TestRunner.java:591)
at org.testng.SuiteRunner.runTest(SuiteRunner.java:402)
at org.testng.SuiteRunner.runSequentially(SuiteRunner.java:396)
at org.testng.SuiteRunner.privateRun(SuiteRunner.java:355)
at org.testng.SuiteRunner.run(SuiteRunner.java:304)
at org.testng.SuiteRunnerWorker.runSuite(SuiteRunnerWorker.java:53)
at org.testng.SuiteRunnerWorker.run(SuiteRunnerWorker.java:96)
at org.testng.TestNG.runSuitesSequentially(TestNG.java:1180)
at org.testng.TestNG.runSuitesLocally(TestNG.java:1102)
at org.testng.TestNG.runSuites(TestNG.java:1032)
at org.testng.TestNG.run(TestNG.java:1000)
at org.testng.remote.AbstractRemoteTestNG.run(AbstractRemoteTestNG.java:115)
at org.testng.remote.RemoteTestNG.initAndRun(RemoteTestNG.java:251)
at org.testng.remote.RemoteTestNG.main(RemoteTestNG.java:77)
]]>
            </full-stacktrace>
          </exception> <!-- java.lang.RuntimeException -->
          <reporter-output>
          </reporter-output>
        </test-method> <!-- tearDown -->
      </class> <!-- com.pss.dms.CCRejectionFlow.ActionItemReview -->
      <class name="com.pss.dms.CCRejectionFlow.ActionItemReviewerRevert">
        <test-method status="FAIL" signature="setUp()[pri:0, instance:com.pss.dms.CCRejectionFlow.ActionItemReviewerRevert@3b2c72c2]" name="setUp" is-config="true" duration-ms="-1652285683167" started-at="2022-05-11T21:44:43 IST" finished-at="1970-01-01T05:30:00 IST">
          <exception class="java.lang.RuntimeException">
            <message>
              <![CDATA[Test skipped due to a detected failure in the overall suite.]]>
            </message>
            <full-stacktrace>
              <![CDATA[java.lang.RuntimeException: Test skipped due to a detected failure in the overall suite.
at com.pss.dms.Listerners.SuiteFailingInvokedMethodListener.beforeInvocation(SuiteFailingInvokedMethodListener.java:17)
at org.testng.internal.invokers.InvokedMethodListenerInvoker$InvokeBeforeInvocationWithoutContextStrategy.callMethod(InvokedMethodListenerInvoker.java:88)
at org.testng.internal.invokers.InvokedMethodListenerInvoker.invokeListener(InvokedMethodListenerInvoker.java:61)
at org.testng.internal.BaseInvoker.runInvokedMethodListeners(BaseInvoker.java:55)
at org.testng.internal.ConfigInvoker.invokeConfigurationMethod(ConfigInvoker.java:325)
at org.testng.internal.ConfigInvoker.invokeConfigurations(ConfigInvoker.java:294)
at org.testng.internal.TestMethodWorker.invokeBeforeClassMethods(TestMethodWorker.java:176)
at org.testng.internal.TestMethodWorker.run(TestMethodWorker.java:122)
at java.util.ArrayList.forEach(ArrayList.java:1257)
at org.testng.TestRunner.privateRun(TestRunner.java:770)
at org.testng.TestRunner.run(TestRunner.java:591)
at org.testng.SuiteRunner.runTest(SuiteRunner.java:402)
at org.testng.SuiteRunner.runSequentially(SuiteRunner.java:396)
at org.testng.SuiteRunner.privateRun(SuiteRunner.java:355)
at org.testng.SuiteRunner.run(SuiteRunner.java:304)
at org.testng.SuiteRunnerWorker.runSuite(SuiteRunnerWorker.java:53)
at org.testng.SuiteRunnerWorker.run(SuiteRunnerWorker.java:96)
at org.testng.TestNG.runSuitesSequentially(TestNG.java:1180)
at org.testng.TestNG.runSuitesLocally(TestNG.java:1102)
at org.testng.TestNG.runSuites(TestNG.java:1032)
at org.testng.TestNG.run(TestNG.java:1000)
at org.testng.remote.AbstractRemoteTestNG.run(AbstractRemoteTestNG.java:115)
at org.testng.remote.RemoteTestNG.initAndRun(RemoteTestNG.java:251)
at org.testng.remote.RemoteTestNG.main(RemoteTestNG.java:77)
]]>
            </full-stacktrace>
          </exception> <!-- java.lang.RuntimeException -->
          <reporter-output>
          </reporter-output>
        </test-method> <!-- setUp -->
        <test-method status="FAIL" signature="toActionItemRevert()[pri:0, instance:com.pss.dms.CCRejectionFlow.ActionItemReviewerRevert@3b2c72c2]" name="toActionItemRevert" duration-ms="3" started-at="2022-05-11T21:44:43 IST" finished-at="2022-05-11T21:44:43 IST">
          <exception class="java.lang.RuntimeException">
            <message>
              <![CDATA[Test skipped due to a detected failure in the overall suite.]]>
            </message>
            <full-stacktrace>
              <![CDATA[java.lang.RuntimeException: Test skipped due to a detected failure in the overall suite.
at com.pss.dms.Listerners.SuiteFailingInvokedMethodListener.beforeInvocation(SuiteFailingInvokedMethodListener.java:17)
at org.testng.internal.invokers.InvokedMethodListenerInvoker$InvokeBeforeInvocationWithoutContextStrategy.callMethod(InvokedMethodListenerInvoker.java:88)
at org.testng.internal.invokers.InvokedMethodListenerInvoker.invokeListener(InvokedMethodListenerInvoker.java:61)
at org.testng.internal.BaseInvoker.runInvokedMethodListeners(BaseInvoker.java:55)
at org.testng.internal.TestInvoker.invokeListenersForSkippedTestResult(TestInvoker.java:429)
at org.testng.internal.TestInvoker.invokeMethod(TestInvoker.java:529)
at org.testng.internal.TestInvoker.invokeTestMethod(TestInvoker.java:172)
at org.testng.internal.MethodRunner.runInSequence(MethodRunner.java:46)
at org.testng.internal.TestInvoker$MethodInvocationAgent.invoke(TestInvoker.java:804)
at org.testng.internal.TestInvoker.invokeTestMethods(TestInvoker.java:145)
at org.testng.internal.TestMethodWorker.invokeTestMethods(TestMethodWorker.java:146)
at org.testng.internal.TestMethodWorker.run(TestMethodWorker.java:128)
at java.util.ArrayList.forEach(ArrayList.java:1257)
at org.testng.TestRunner.privateRun(TestRunner.java:770)
at org.testng.TestRunner.run(TestRunner.java:591)
at org.testng.SuiteRunner.runTest(SuiteRunner.java:402)
at org.testng.SuiteRunner.runSequentially(SuiteRunner.java:396)
at org.testng.SuiteRunner.privateRun(SuiteRunner.java:355)
at org.testng.SuiteRunner.run(SuiteRunner.java:304)
at org.testng.SuiteRunnerWorker.runSuite(SuiteRunnerWorker.java:53)
at org.testng.SuiteRunnerWorker.run(SuiteRunnerWorker.java:96)
at org.testng.TestNG.runSuitesSequentially(TestNG.java:1180)
at org.testng.TestNG.runSuitesLocally(TestNG.java:1102)
at org.testng.TestNG.runSuites(TestNG.java:1032)
at org.testng.TestNG.run(TestNG.java:1000)
at org.testng.remote.AbstractRemoteTestNG.run(AbstractRemoteTestNG.java:115)
at org.testng.remote.RemoteTestNG.initAndRun(RemoteTestNG.java:251)
at org.testng.remote.RemoteTestNG.main(RemoteTestNG.java:77)
]]>
            </full-stacktrace>
          </exception> <!-- java.lang.RuntimeException -->
          <reporter-output>
          </reporter-output>
        </test-method> <!-- toActionItemRevert -->
        <test-method status="SKIP" signature="toActionItemRevert()[pri:0, instance:com.pss.dms.CCRejectionFlow.ActionItemReviewerRevert@3b2c72c2]" name="toActionItemRevert" duration-ms="0" started-at="2022-05-11T21:44:43 IST" finished-at="2022-05-11T21:44:43 IST">
          <exception class="java.lang.RuntimeException">
            <message>
              <![CDATA[Test skipped due to a detected failure in the overall suite.]]>
            </message>
            <full-stacktrace>
              <![CDATA[java.lang.RuntimeException: Test skipped due to a detected failure in the overall suite.
at com.pss.dms.Listerners.SuiteFailingInvokedMethodListener.beforeInvocation(SuiteFailingInvokedMethodListener.java:17)
at org.testng.internal.invokers.InvokedMethodListenerInvoker$InvokeBeforeInvocationWithoutContextStrategy.callMethod(InvokedMethodListenerInvoker.java:88)
at org.testng.internal.invokers.InvokedMethodListenerInvoker.invokeListener(InvokedMethodListenerInvoker.java:61)
at org.testng.internal.BaseInvoker.runInvokedMethodListeners(BaseInvoker.java:55)
at org.testng.internal.ConfigInvoker.invokeConfigurationMethod(ConfigInvoker.java:325)
at org.testng.internal.ConfigInvoker.invokeConfigurations(ConfigInvoker.java:294)
at org.testng.internal.TestMethodWorker.invokeBeforeClassMethods(TestMethodWorker.java:176)
at org.testng.internal.TestMethodWorker.run(TestMethodWorker.java:122)
at java.util.ArrayList.forEach(ArrayList.java:1257)
at org.testng.TestRunner.privateRun(TestRunner.java:770)
at org.testng.TestRunner.run(TestRunner.java:591)
at org.testng.SuiteRunner.runTest(SuiteRunner.java:402)
at org.testng.SuiteRunner.runSequentially(SuiteRunner.java:396)
at org.testng.SuiteRunner.privateRun(SuiteRunner.java:355)
at org.testng.SuiteRunner.run(SuiteRunner.java:304)
at org.testng.SuiteRunnerWorker.runSuite(SuiteRunnerWorker.java:53)
at org.testng.SuiteRunnerWorker.run(SuiteRunnerWorker.java:96)
at org.testng.TestNG.runSuitesSequentially(TestNG.java:1180)
at org.testng.TestNG.runSuitesLocally(TestNG.java:1102)
at org.testng.TestNG.runSuites(TestNG.java:1032)
at org.testng.TestNG.run(TestNG.java:1000)
at org.testng.remote.AbstractRemoteTestNG.run(AbstractRemoteTestNG.java:115)
at org.testng.remote.RemoteTestNG.initAndRun(RemoteTestNG.java:251)
at org.testng.remote.RemoteTestNG.main(RemoteTestNG.java:77)
]]>
            </full-stacktrace>
          </exception> <!-- java.lang.RuntimeException -->
          <reporter-output>
          </reporter-output>
        </test-method> <!-- toActionItemRevert -->
        <test-method status="FAIL" signature="tearDown()[pri:0, instance:com.pss.dms.CCRejectionFlow.ActionItemReviewerRevert@3b2c72c2]" name="tearDown" is-config="true" duration-ms="-1652285683316" started-at="2022-05-11T21:44:43 IST" finished-at="1970-01-01T05:30:00 IST">
          <exception class="java.lang.RuntimeException">
            <message>
              <![CDATA[Test skipped due to a detected failure in the overall suite.]]>
            </message>
            <full-stacktrace>
              <![CDATA[java.lang.RuntimeException: Test skipped due to a detected failure in the overall suite.
at com.pss.dms.Listerners.SuiteFailingInvokedMethodListener.beforeInvocation(SuiteFailingInvokedMethodListener.java:17)
at org.testng.internal.invokers.InvokedMethodListenerInvoker$InvokeBeforeInvocationWithoutContextStrategy.callMethod(InvokedMethodListenerInvoker.java:88)
at org.testng.internal.invokers.InvokedMethodListenerInvoker.invokeListener(InvokedMethodListenerInvoker.java:61)
at org.testng.internal.BaseInvoker.runInvokedMethodListeners(BaseInvoker.java:55)
at org.testng.internal.ConfigInvoker.invokeConfigurations(ConfigInvoker.java:257)
at org.testng.internal.TestMethodWorker.invokeAfterClassMethods(TestMethodWorker.java:217)
at org.testng.internal.TestMethodWorker.run(TestMethodWorker.java:130)
at java.util.ArrayList.forEach(ArrayList.java:1257)
at org.testng.TestRunner.privateRun(TestRunner.java:770)
at org.testng.TestRunner.run(TestRunner.java:591)
at org.testng.SuiteRunner.runTest(SuiteRunner.java:402)
at org.testng.SuiteRunner.runSequentially(SuiteRunner.java:396)
at org.testng.SuiteRunner.privateRun(SuiteRunner.java:355)
at org.testng.SuiteRunner.run(SuiteRunner.java:304)
at org.testng.SuiteRunnerWorker.runSuite(SuiteRunnerWorker.java:53)
at org.testng.SuiteRunnerWorker.run(SuiteRunnerWorker.java:96)
at org.testng.TestNG.runSuitesSequentially(TestNG.java:1180)
at org.testng.TestNG.runSuitesLocally(TestNG.java:1102)
at org.testng.TestNG.runSuites(TestNG.java:1032)
at org.testng.TestNG.run(TestNG.java:1000)
at org.testng.remote.AbstractRemoteTestNG.run(AbstractRemoteTestNG.java:115)
at org.testng.remote.RemoteTestNG.initAndRun(RemoteTestNG.java:251)
at org.testng.remote.RemoteTestNG.main(RemoteTestNG.java:77)
]]>
            </full-stacktrace>
          </exception> <!-- java.lang.RuntimeException -->
          <reporter-output>
          </reporter-output>
        </test-method> <!-- tearDown -->
      </class> <!-- com.pss.dms.CCRejectionFlow.ActionItemReviewerRevert -->
      <class name="com.pss.dms.CCRejectionFlow.ActionItemApproveReject">
        <test-method status="FAIL" signature="setUp()[pri:0, instance:com.pss.dms.CCRejectionFlow.ActionItemApproveReject@971d0d8]" name="setUp" is-config="true" duration-ms="-1652285683620" started-at="2022-05-11T21:44:43 IST" finished-at="1970-01-01T05:30:00 IST">
          <exception class="java.lang.RuntimeException">
            <message>
              <![CDATA[Test skipped due to a detected failure in the overall suite.]]>
            </message>
            <full-stacktrace>
              <![CDATA[java.lang.RuntimeException: Test skipped due to a detected failure in the overall suite.
at com.pss.dms.Listerners.SuiteFailingInvokedMethodListener.beforeInvocation(SuiteFailingInvokedMethodListener.java:17)
at org.testng.internal.invokers.InvokedMethodListenerInvoker$InvokeBeforeInvocationWithoutContextStrategy.callMethod(InvokedMethodListenerInvoker.java:88)
at org.testng.internal.invokers.InvokedMethodListenerInvoker.invokeListener(InvokedMethodListenerInvoker.java:61)
at org.testng.internal.BaseInvoker.runInvokedMethodListeners(BaseInvoker.java:55)
at org.testng.internal.ConfigInvoker.invokeConfigurationMethod(ConfigInvoker.java:325)
at org.testng.internal.ConfigInvoker.invokeConfigurations(ConfigInvoker.java:294)
at org.testng.internal.TestMethodWorker.invokeBeforeClassMethods(TestMethodWorker.java:176)
at org.testng.internal.TestMethodWorker.run(TestMethodWorker.java:122)
at java.util.ArrayList.forEach(ArrayList.java:1257)
at org.testng.TestRunner.privateRun(TestRunner.java:770)
at org.testng.TestRunner.run(TestRunner.java:591)
at org.testng.SuiteRunner.runTest(SuiteRunner.java:402)
at org.testng.SuiteRunner.runSequentially(SuiteRunner.java:396)
at org.testng.SuiteRunner.privateRun(SuiteRunner.java:355)
at org.testng.SuiteRunner.run(SuiteRunner.java:304)
at org.testng.SuiteRunnerWorker.runSuite(SuiteRunnerWorker.java:53)
at org.testng.SuiteRunnerWorker.run(SuiteRunnerWorker.java:96)
at org.testng.TestNG.runSuitesSequentially(TestNG.java:1180)
at org.testng.TestNG.runSuitesLocally(TestNG.java:1102)
at org.testng.TestNG.runSuites(TestNG.java:1032)
at org.testng.TestNG.run(TestNG.java:1000)
at org.testng.remote.AbstractRemoteTestNG.run(AbstractRemoteTestNG.java:115)
at org.testng.remote.RemoteTestNG.initAndRun(RemoteTestNG.java:251)
at org.testng.remote.RemoteTestNG.main(RemoteTestNG.java:77)
]]>
            </full-stacktrace>
          </exception> <!-- java.lang.RuntimeException -->
          <reporter-output>
          </reporter-output>
        </test-method> <!-- setUp -->
        <test-method status="FAIL" signature="toActionItemApproveReject()[pri:0, instance:com.pss.dms.CCRejectionFlow.ActionItemApproveReject@971d0d8]" name="toActionItemApproveReject" duration-ms="2" started-at="2022-05-11T21:44:43 IST" finished-at="2022-05-11T21:44:43 IST">
          <exception class="java.lang.RuntimeException">
            <message>
              <![CDATA[Test skipped due to a detected failure in the overall suite.]]>
            </message>
            <full-stacktrace>
              <![CDATA[java.lang.RuntimeException: Test skipped due to a detected failure in the overall suite.
at com.pss.dms.Listerners.SuiteFailingInvokedMethodListener.beforeInvocation(SuiteFailingInvokedMethodListener.java:17)
at org.testng.internal.invokers.InvokedMethodListenerInvoker$InvokeBeforeInvocationWithoutContextStrategy.callMethod(InvokedMethodListenerInvoker.java:88)
at org.testng.internal.invokers.InvokedMethodListenerInvoker.invokeListener(InvokedMethodListenerInvoker.java:61)
at org.testng.internal.BaseInvoker.runInvokedMethodListeners(BaseInvoker.java:55)
at org.testng.internal.TestInvoker.invokeListenersForSkippedTestResult(TestInvoker.java:429)
at org.testng.internal.TestInvoker.invokeMethod(TestInvoker.java:529)
at org.testng.internal.TestInvoker.invokeTestMethod(TestInvoker.java:172)
at org.testng.internal.MethodRunner.runInSequence(MethodRunner.java:46)
at org.testng.internal.TestInvoker$MethodInvocationAgent.invoke(TestInvoker.java:804)
at org.testng.internal.TestInvoker.invokeTestMethods(TestInvoker.java:145)
at org.testng.internal.TestMethodWorker.invokeTestMethods(TestMethodWorker.java:146)
at org.testng.internal.TestMethodWorker.run(TestMethodWorker.java:128)
at java.util.ArrayList.forEach(ArrayList.java:1257)
at org.testng.TestRunner.privateRun(TestRunner.java:770)
at org.testng.TestRunner.run(TestRunner.java:591)
at org.testng.SuiteRunner.runTest(SuiteRunner.java:402)
at org.testng.SuiteRunner.runSequentially(SuiteRunner.java:396)
at org.testng.SuiteRunner.privateRun(SuiteRunner.java:355)
at org.testng.SuiteRunner.run(SuiteRunner.java:304)
at org.testng.SuiteRunnerWorker.runSuite(SuiteRunnerWorker.java:53)
at org.testng.SuiteRunnerWorker.run(SuiteRunnerWorker.java:96)
at org.testng.TestNG.runSuitesSequentially(TestNG.java:1180)
at org.testng.TestNG.runSuitesLocally(TestNG.java:1102)
at org.testng.TestNG.runSuites(TestNG.java:1032)
at org.testng.TestNG.run(TestNG.java:1000)
at org.testng.remote.AbstractRemoteTestNG.run(AbstractRemoteTestNG.java:115)
at org.testng.remote.RemoteTestNG.initAndRun(RemoteTestNG.java:251)
at org.testng.remote.RemoteTestNG.main(RemoteTestNG.java:77)
]]>
            </full-stacktrace>
          </exception> <!-- java.lang.RuntimeException -->
          <reporter-output>
          </reporter-output>
        </test-method> <!-- toActionItemApproveReject -->
        <test-method status="SKIP" signature="toActionItemApproveReject()[pri:0, instance:com.pss.dms.CCRejectionFlow.ActionItemApproveReject@971d0d8]" name="toActionItemApproveReject" duration-ms="0" started-at="2022-05-11T21:44:43 IST" finished-at="2022-05-11T21:44:43 IST">
          <exception class="java.lang.RuntimeException">
            <message>
              <![CDATA[Test skipped due to a detected failure in the overall suite.]]>
            </message>
            <full-stacktrace>
              <![CDATA[java.lang.RuntimeException: Test skipped due to a detected failure in the overall suite.
at com.pss.dms.Listerners.SuiteFailingInvokedMethodListener.beforeInvocation(SuiteFailingInvokedMethodListener.java:17)
at org.testng.internal.invokers.InvokedMethodListenerInvoker$InvokeBeforeInvocationWithoutContextStrategy.callMethod(InvokedMethodListenerInvoker.java:88)
at org.testng.internal.invokers.InvokedMethodListenerInvoker.invokeListener(InvokedMethodListenerInvoker.java:61)
at org.testng.internal.BaseInvoker.runInvokedMethodListeners(BaseInvoker.java:55)
at org.testng.internal.ConfigInvoker.invokeConfigurationMethod(ConfigInvoker.java:325)
at org.testng.internal.ConfigInvoker.invokeConfigurations(ConfigInvoker.java:294)
at org.testng.internal.TestMethodWorker.invokeBeforeClassMethods(TestMethodWorker.java:176)
at org.testng.internal.TestMethodWorker.run(TestMethodWorker.java:122)
at java.util.ArrayList.forEach(ArrayList.java:1257)
at org.testng.TestRunner.privateRun(TestRunner.java:770)
at org.testng.TestRunner.run(TestRunner.java:591)
at org.testng.SuiteRunner.runTest(SuiteRunner.java:402)
at org.testng.SuiteRunner.runSequentially(SuiteRunner.java:396)
at org.testng.SuiteRunner.privateRun(SuiteRunner.java:355)
at org.testng.SuiteRunner.run(SuiteRunner.java:304)
at org.testng.SuiteRunnerWorker.runSuite(SuiteRunnerWorker.java:53)
at org.testng.SuiteRunnerWorker.run(SuiteRunnerWorker.java:96)
at org.testng.TestNG.runSuitesSequentially(TestNG.java:1180)
at org.testng.TestNG.runSuitesLocally(TestNG.java:1102)
at org.testng.TestNG.runSuites(TestNG.java:1032)
at org.testng.TestNG.run(TestNG.java:1000)
at org.testng.remote.AbstractRemoteTestNG.run(AbstractRemoteTestNG.java:115)
at org.testng.remote.RemoteTestNG.initAndRun(RemoteTestNG.java:251)
at org.testng.remote.RemoteTestNG.main(RemoteTestNG.java:77)
]]>
            </full-stacktrace>
          </exception> <!-- java.lang.RuntimeException -->
          <reporter-output>
          </reporter-output>
        </test-method> <!-- toActionItemApproveReject -->
        <test-method status="FAIL" signature="tearDown()[pri:0, instance:com.pss.dms.CCRejectionFlow.ActionItemApproveReject@971d0d8]" name="tearDown" is-config="true" duration-ms="-1652285683765" started-at="2022-05-11T21:44:43 IST" finished-at="1970-01-01T05:30:00 IST">
          <exception class="java.lang.RuntimeException">
            <message>
              <![CDATA[Test skipped due to a detected failure in the overall suite.]]>
            </message>
            <full-stacktrace>
              <![CDATA[java.lang.RuntimeException: Test skipped due to a detected failure in the overall suite.
at com.pss.dms.Listerners.SuiteFailingInvokedMethodListener.beforeInvocation(SuiteFailingInvokedMethodListener.java:17)
at org.testng.internal.invokers.InvokedMethodListenerInvoker$InvokeBeforeInvocationWithoutContextStrategy.callMethod(InvokedMethodListenerInvoker.java:88)
at org.testng.internal.invokers.InvokedMethodListenerInvoker.invokeListener(InvokedMethodListenerInvoker.java:61)
at org.testng.internal.BaseInvoker.runInvokedMethodListeners(BaseInvoker.java:55)
at org.testng.internal.ConfigInvoker.invokeConfigurations(ConfigInvoker.java:257)
at org.testng.internal.TestMethodWorker.invokeAfterClassMethods(TestMethodWorker.java:217)
at org.testng.internal.TestMethodWorker.run(TestMethodWorker.java:130)
at java.util.ArrayList.forEach(ArrayList.java:1257)
at org.testng.TestRunner.privateRun(TestRunner.java:770)
at org.testng.TestRunner.run(TestRunner.java:591)
at org.testng.SuiteRunner.runTest(SuiteRunner.java:402)
at org.testng.SuiteRunner.runSequentially(SuiteRunner.java:396)
at org.testng.SuiteRunner.privateRun(SuiteRunner.java:355)
at org.testng.SuiteRunner.run(SuiteRunner.java:304)
at org.testng.SuiteRunnerWorker.runSuite(SuiteRunnerWorker.java:53)
at org.testng.SuiteRunnerWorker.run(SuiteRunnerWorker.java:96)
at org.testng.TestNG.runSuitesSequentially(TestNG.java:1180)
at org.testng.TestNG.runSuitesLocally(TestNG.java:1102)
at org.testng.TestNG.runSuites(TestNG.java:1032)
at org.testng.TestNG.run(TestNG.java:1000)
at org.testng.remote.AbstractRemoteTestNG.run(AbstractRemoteTestNG.java:115)
at org.testng.remote.RemoteTestNG.initAndRun(RemoteTestNG.java:251)
at org.testng.remote.RemoteTestNG.main(RemoteTestNG.java:77)
]]>
            </full-stacktrace>
          </exception> <!-- java.lang.RuntimeException -->
          <reporter-output>
          </reporter-output>
        </test-method> <!-- tearDown -->
      </class> <!-- com.pss.dms.CCRejectionFlow.ActionItemApproveReject -->
    </test> <!-- CCWithDMSAndLMS ActionItemPerformandReview -->
    <test name="CCWithDMSAndLMS ActionItemReviewAndApprove" duration-ms="595" started-at="2022-05-11T21:44:43 IST" finished-at="2022-05-11T21:44:44 IST">
      <class name="com.pss.dms.CCRejectionFlow.ActionItemPerformAfterReject">
        <test-method status="FAIL" signature="setUp()[pri:0, instance:com.pss.dms.CCRejectionFlow.ActionItemPerformAfterReject@4206a205]" name="setUp" is-config="true" duration-ms="-1652285683808" started-at="2022-05-11T21:44:43 IST" finished-at="1970-01-01T05:30:00 IST">
          <exception class="java.lang.RuntimeException">
            <message>
              <![CDATA[Test skipped due to a detected failure in the overall suite.]]>
            </message>
            <full-stacktrace>
              <![CDATA[java.lang.RuntimeException: Test skipped due to a detected failure in the overall suite.
at com.pss.dms.Listerners.SuiteFailingInvokedMethodListener.beforeInvocation(SuiteFailingInvokedMethodListener.java:17)
at org.testng.internal.invokers.InvokedMethodListenerInvoker$InvokeBeforeInvocationWithoutContextStrategy.callMethod(InvokedMethodListenerInvoker.java:88)
at org.testng.internal.invokers.InvokedMethodListenerInvoker.invokeListener(InvokedMethodListenerInvoker.java:61)
at org.testng.internal.BaseInvoker.runInvokedMethodListeners(BaseInvoker.java:55)
at org.testng.internal.ConfigInvoker.invokeConfigurationMethod(ConfigInvoker.java:325)
at org.testng.internal.ConfigInvoker.invokeConfigurations(ConfigInvoker.java:294)
at org.testng.internal.TestMethodWorker.invokeBeforeClassMethods(TestMethodWorker.java:176)
at org.testng.internal.TestMethodWorker.run(TestMethodWorker.java:122)
at java.util.ArrayList.forEach(ArrayList.java:1257)
at org.testng.TestRunner.privateRun(TestRunner.java:770)
at org.testng.TestRunner.run(TestRunner.java:591)
at org.testng.SuiteRunner.runTest(SuiteRunner.java:402)
at org.testng.SuiteRunner.runSequentially(SuiteRunner.java:396)
at org.testng.SuiteRunner.privateRun(SuiteRunner.java:355)
at org.testng.SuiteRunner.run(SuiteRunner.java:304)
at org.testng.SuiteRunnerWorker.runSuite(SuiteRunnerWorker.java:53)
at org.testng.SuiteRunnerWorker.run(SuiteRunnerWorker.java:96)
at org.testng.TestNG.runSuitesSequentially(TestNG.java:1180)
at org.testng.TestNG.runSuitesLocally(TestNG.java:1102)
at org.testng.TestNG.runSuites(TestNG.java:1032)
at org.testng.TestNG.run(TestNG.java:1000)
at org.testng.remote.AbstractRemoteTestNG.run(AbstractRemoteTestNG.java:115)
at org.testng.remote.RemoteTestNG.initAndRun(RemoteTestNG.java:251)
at org.testng.remote.RemoteTestNG.main(RemoteTestNG.java:77)
]]>
            </full-stacktrace>
          </exception> <!-- java.lang.RuntimeException -->
          <reporter-output>
          </reporter-output>
        </test-method> <!-- setUp -->
        <test-method status="SKIP" signature="toActionItemPerformAfterReject()[pri:0, instance:com.pss.dms.CCRejectionFlow.ActionItemPerformAfterReject@4206a205]" name="toActionItemPerformAfterReject" duration-ms="0" started-at="2022-05-11T21:44:43 IST" finished-at="2022-05-11T21:44:43 IST">
          <exception class="java.lang.RuntimeException">
            <message>
              <![CDATA[Test skipped due to a detected failure in the overall suite.]]>
            </message>
            <full-stacktrace>
              <![CDATA[java.lang.RuntimeException: Test skipped due to a detected failure in the overall suite.
at com.pss.dms.Listerners.SuiteFailingInvokedMethodListener.beforeInvocation(SuiteFailingInvokedMethodListener.java:17)
at org.testng.internal.invokers.InvokedMethodListenerInvoker$InvokeBeforeInvocationWithoutContextStrategy.callMethod(InvokedMethodListenerInvoker.java:88)
at org.testng.internal.invokers.InvokedMethodListenerInvoker.invokeListener(InvokedMethodListenerInvoker.java:61)
at org.testng.internal.BaseInvoker.runInvokedMethodListeners(BaseInvoker.java:55)
at org.testng.internal.ConfigInvoker.invokeConfigurationMethod(ConfigInvoker.java:325)
at org.testng.internal.ConfigInvoker.invokeConfigurations(ConfigInvoker.java:294)
at org.testng.internal.TestMethodWorker.invokeBeforeClassMethods(TestMethodWorker.java:176)
at org.testng.internal.TestMethodWorker.run(TestMethodWorker.java:122)
at java.util.ArrayList.forEach(ArrayList.java:1257)
at org.testng.TestRunner.privateRun(TestRunner.java:770)
at org.testng.TestRunner.run(TestRunner.java:591)
at org.testng.SuiteRunner.runTest(SuiteRunner.java:402)
at org.testng.SuiteRunner.runSequentially(SuiteRunner.java:396)
at org.testng.SuiteRunner.privateRun(SuiteRunner.java:355)
at org.testng.SuiteRunner.run(SuiteRunner.java:304)
at org.testng.SuiteRunnerWorker.runSuite(SuiteRunnerWorker.java:53)
at org.testng.SuiteRunnerWorker.run(SuiteRunnerWorker.java:96)
at org.testng.TestNG.runSuitesSequentially(TestNG.java:1180)
at org.testng.TestNG.runSuitesLocally(TestNG.java:1102)
at org.testng.TestNG.runSuites(TestNG.java:1032)
at org.testng.TestNG.run(TestNG.java:1000)
at org.testng.remote.AbstractRemoteTestNG.run(AbstractRemoteTestNG.java:115)
at org.testng.remote.RemoteTestNG.initAndRun(RemoteTestNG.java:251)
at org.testng.remote.RemoteTestNG.main(RemoteTestNG.java:77)
]]>
            </full-stacktrace>
          </exception> <!-- java.lang.RuntimeException -->
          <reporter-output>
          </reporter-output>
        </test-method> <!-- toActionItemPerformAfterReject -->
        <test-method status="FAIL" signature="toActionItemPerformAfterReject()[pri:0, instance:com.pss.dms.CCRejectionFlow.ActionItemPerformAfterReject@4206a205]" name="toActionItemPerformAfterReject" duration-ms="2" started-at="2022-05-11T21:44:43 IST" finished-at="2022-05-11T21:44:43 IST">
          <exception class="java.lang.RuntimeException">
            <message>
              <![CDATA[Test skipped due to a detected failure in the overall suite.]]>
            </message>
            <full-stacktrace>
              <![CDATA[java.lang.RuntimeException: Test skipped due to a detected failure in the overall suite.
at com.pss.dms.Listerners.SuiteFailingInvokedMethodListener.beforeInvocation(SuiteFailingInvokedMethodListener.java:17)
at org.testng.internal.invokers.InvokedMethodListenerInvoker$InvokeBeforeInvocationWithoutContextStrategy.callMethod(InvokedMethodListenerInvoker.java:88)
at org.testng.internal.invokers.InvokedMethodListenerInvoker.invokeListener(InvokedMethodListenerInvoker.java:61)
at org.testng.internal.BaseInvoker.runInvokedMethodListeners(BaseInvoker.java:55)
at org.testng.internal.TestInvoker.invokeListenersForSkippedTestResult(TestInvoker.java:429)
at org.testng.internal.TestInvoker.invokeMethod(TestInvoker.java:529)
at org.testng.internal.TestInvoker.invokeTestMethod(TestInvoker.java:172)
at org.testng.internal.MethodRunner.runInSequence(MethodRunner.java:46)
at org.testng.internal.TestInvoker$MethodInvocationAgent.invoke(TestInvoker.java:804)
at org.testng.internal.TestInvoker.invokeTestMethods(TestInvoker.java:145)
at org.testng.internal.TestMethodWorker.invokeTestMethods(TestMethodWorker.java:146)
at org.testng.internal.TestMethodWorker.run(TestMethodWorker.java:128)
at java.util.ArrayList.forEach(ArrayList.java:1257)
at org.testng.TestRunner.privateRun(TestRunner.java:770)
at org.testng.TestRunner.run(TestRunner.java:591)
at org.testng.SuiteRunner.runTest(SuiteRunner.java:402)
at org.testng.SuiteRunner.runSequentially(SuiteRunner.java:396)
at org.testng.SuiteRunner.privateRun(SuiteRunner.java:355)
at org.testng.SuiteRunner.run(SuiteRunner.java:304)
at org.testng.SuiteRunnerWorker.runSuite(SuiteRunnerWorker.java:53)
at org.testng.SuiteRunnerWorker.run(SuiteRunnerWorker.java:96)
at org.testng.TestNG.runSuitesSequentially(TestNG.java:1180)
at org.testng.TestNG.runSuitesLocally(TestNG.java:1102)
at org.testng.TestNG.runSuites(TestNG.java:1032)
at org.testng.TestNG.run(TestNG.java:1000)
at org.testng.remote.AbstractRemoteTestNG.run(AbstractRemoteTestNG.java:115)
at org.testng.remote.RemoteTestNG.initAndRun(RemoteTestNG.java:251)
at org.testng.remote.RemoteTestNG.main(RemoteTestNG.java:77)
]]>
            </full-stacktrace>
          </exception> <!-- java.lang.RuntimeException -->
          <reporter-output>
          </reporter-output>
        </test-method> <!-- toActionItemPerformAfterReject -->
        <test-method status="FAIL" signature="tearDown()[pri:0, instance:com.pss.dms.CCRejectionFlow.ActionItemPerformAfterReject@4206a205]" name="tearDown" is-config="true" duration-ms="-1652285683952" started-at="2022-05-11T21:44:43 IST" finished-at="1970-01-01T05:30:00 IST">
          <exception class="java.lang.RuntimeException">
            <message>
              <![CDATA[Test skipped due to a detected failure in the overall suite.]]>
            </message>
            <full-stacktrace>
              <![CDATA[java.lang.RuntimeException: Test skipped due to a detected failure in the overall suite.
at com.pss.dms.Listerners.SuiteFailingInvokedMethodListener.beforeInvocation(SuiteFailingInvokedMethodListener.java:17)
at org.testng.internal.invokers.InvokedMethodListenerInvoker$InvokeBeforeInvocationWithoutContextStrategy.callMethod(InvokedMethodListenerInvoker.java:88)
at org.testng.internal.invokers.InvokedMethodListenerInvoker.invokeListener(InvokedMethodListenerInvoker.java:61)
at org.testng.internal.BaseInvoker.runInvokedMethodListeners(BaseInvoker.java:55)
at org.testng.internal.ConfigInvoker.invokeConfigurations(ConfigInvoker.java:257)
at org.testng.internal.TestMethodWorker.invokeAfterClassMethods(TestMethodWorker.java:217)
at org.testng.internal.TestMethodWorker.run(TestMethodWorker.java:130)
at java.util.ArrayList.forEach(ArrayList.java:1257)
at org.testng.TestRunner.privateRun(TestRunner.java:770)
at org.testng.TestRunner.run(TestRunner.java:591)
at org.testng.SuiteRunner.runTest(SuiteRunner.java:402)
at org.testng.SuiteRunner.runSequentially(SuiteRunner.java:396)
at org.testng.SuiteRunner.privateRun(SuiteRunner.java:355)
at org.testng.SuiteRunner.run(SuiteRunner.java:304)
at org.testng.SuiteRunnerWorker.runSuite(SuiteRunnerWorker.java:53)
at org.testng.SuiteRunnerWorker.run(SuiteRunnerWorker.java:96)
at org.testng.TestNG.runSuitesSequentially(TestNG.java:1180)
at org.testng.TestNG.runSuitesLocally(TestNG.java:1102)
at org.testng.TestNG.runSuites(TestNG.java:1032)
at org.testng.TestNG.run(TestNG.java:1000)
at org.testng.remote.AbstractRemoteTestNG.run(AbstractRemoteTestNG.java:115)
at org.testng.remote.RemoteTestNG.initAndRun(RemoteTestNG.java:251)
at org.testng.remote.RemoteTestNG.main(RemoteTestNG.java:77)
]]>
            </full-stacktrace>
          </exception> <!-- java.lang.RuntimeException -->
          <reporter-output>
          </reporter-output>
        </test-method> <!-- tearDown -->
      </class> <!-- com.pss.dms.CCRejectionFlow.ActionItemPerformAfterReject -->
      <class name="com.pss.dms.CCRejectionFlow.CCClosureReview">
        <test-method status="FAIL" signature="setUp()[pri:0, instance:com.pss.dms.CCRejectionFlow.CCClosureReview@7bb58ca3]" name="setUp" is-config="true" duration-ms="-1652285684253" started-at="2022-05-11T21:44:44 IST" finished-at="1970-01-01T05:30:00 IST">
          <exception class="java.lang.RuntimeException">
            <message>
              <![CDATA[Test skipped due to a detected failure in the overall suite.]]>
            </message>
            <full-stacktrace>
              <![CDATA[java.lang.RuntimeException: Test skipped due to a detected failure in the overall suite.
at com.pss.dms.Listerners.SuiteFailingInvokedMethodListener.beforeInvocation(SuiteFailingInvokedMethodListener.java:17)
at org.testng.internal.invokers.InvokedMethodListenerInvoker$InvokeBeforeInvocationWithoutContextStrategy.callMethod(InvokedMethodListenerInvoker.java:88)
at org.testng.internal.invokers.InvokedMethodListenerInvoker.invokeListener(InvokedMethodListenerInvoker.java:61)
at org.testng.internal.BaseInvoker.runInvokedMethodListeners(BaseInvoker.java:55)
at org.testng.internal.ConfigInvoker.invokeConfigurationMethod(ConfigInvoker.java:325)
at org.testng.internal.ConfigInvoker.invokeConfigurations(ConfigInvoker.java:294)
at org.testng.internal.TestMethodWorker.invokeBeforeClassMethods(TestMethodWorker.java:176)
at org.testng.internal.TestMethodWorker.run(TestMethodWorker.java:122)
at java.util.ArrayList.forEach(ArrayList.java:1257)
at org.testng.TestRunner.privateRun(TestRunner.java:770)
at org.testng.TestRunner.run(TestRunner.java:591)
at org.testng.SuiteRunner.runTest(SuiteRunner.java:402)
at org.testng.SuiteRunner.runSequentially(SuiteRunner.java:396)
at org.testng.SuiteRunner.privateRun(SuiteRunner.java:355)
at org.testng.SuiteRunner.run(SuiteRunner.java:304)
at org.testng.SuiteRunnerWorker.runSuite(SuiteRunnerWorker.java:53)
at org.testng.SuiteRunnerWorker.run(SuiteRunnerWorker.java:96)
at org.testng.TestNG.runSuitesSequentially(TestNG.java:1180)
at org.testng.TestNG.runSuitesLocally(TestNG.java:1102)
at org.testng.TestNG.runSuites(TestNG.java:1032)
at org.testng.TestNG.run(TestNG.java:1000)
at org.testng.remote.AbstractRemoteTestNG.run(AbstractRemoteTestNG.java:115)
at org.testng.remote.RemoteTestNG.initAndRun(RemoteTestNG.java:251)
at org.testng.remote.RemoteTestNG.main(RemoteTestNG.java:77)
]]>
            </full-stacktrace>
          </exception> <!-- java.lang.RuntimeException -->
          <reporter-output>
          </reporter-output>
        </test-method> <!-- setUp -->
        <test-method status="SKIP" signature="toCCClosureReview()[pri:0, instance:com.pss.dms.CCRejectionFlow.CCClosureReview@7bb58ca3]" name="toCCClosureReview" duration-ms="0" started-at="2022-05-11T21:44:44 IST" finished-at="2022-05-11T21:44:44 IST">
          <exception class="java.lang.RuntimeException">
            <message>
              <![CDATA[Test skipped due to a detected failure in the overall suite.]]>
            </message>
            <full-stacktrace>
              <![CDATA[java.lang.RuntimeException: Test skipped due to a detected failure in the overall suite.
at com.pss.dms.Listerners.SuiteFailingInvokedMethodListener.beforeInvocation(SuiteFailingInvokedMethodListener.java:17)
at org.testng.internal.invokers.InvokedMethodListenerInvoker$InvokeBeforeInvocationWithoutContextStrategy.callMethod(InvokedMethodListenerInvoker.java:88)
at org.testng.internal.invokers.InvokedMethodListenerInvoker.invokeListener(InvokedMethodListenerInvoker.java:61)
at org.testng.internal.BaseInvoker.runInvokedMethodListeners(BaseInvoker.java:55)
at org.testng.internal.ConfigInvoker.invokeConfigurationMethod(ConfigInvoker.java:325)
at org.testng.internal.ConfigInvoker.invokeConfigurations(ConfigInvoker.java:294)
at org.testng.internal.TestMethodWorker.invokeBeforeClassMethods(TestMethodWorker.java:176)
at org.testng.internal.TestMethodWorker.run(TestMethodWorker.java:122)
at java.util.ArrayList.forEach(ArrayList.java:1257)
at org.testng.TestRunner.privateRun(TestRunner.java:770)
at org.testng.TestRunner.run(TestRunner.java:591)
at org.testng.SuiteRunner.runTest(SuiteRunner.java:402)
at org.testng.SuiteRunner.runSequentially(SuiteRunner.java:396)
at org.testng.SuiteRunner.privateRun(SuiteRunner.java:355)
at org.testng.SuiteRunner.run(SuiteRunner.java:304)
at org.testng.SuiteRunnerWorker.runSuite(SuiteRunnerWorker.java:53)
at org.testng.SuiteRunnerWorker.run(SuiteRunnerWorker.java:96)
at org.testng.TestNG.runSuitesSequentially(TestNG.java:1180)
at org.testng.TestNG.runSuitesLocally(TestNG.java:1102)
at org.testng.TestNG.runSuites(TestNG.java:1032)
at org.testng.TestNG.run(TestNG.java:1000)
at org.testng.remote.AbstractRemoteTestNG.run(AbstractRemoteTestNG.java:115)
at org.testng.remote.RemoteTestNG.initAndRun(RemoteTestNG.java:251)
at org.testng.remote.RemoteTestNG.main(RemoteTestNG.java:77)
]]>
            </full-stacktrace>
          </exception> <!-- java.lang.RuntimeException -->
          <reporter-output>
          </reporter-output>
        </test-method> <!-- toCCClosureReview -->
        <test-method status="FAIL" signature="toCCClosureReview()[pri:0, instance:com.pss.dms.CCRejectionFlow.CCClosureReview@7bb58ca3]" name="toCCClosureReview" duration-ms="1" started-at="2022-05-11T21:44:44 IST" finished-at="2022-05-11T21:44:44 IST">
          <exception class="java.lang.RuntimeException">
            <message>
              <![CDATA[Test skipped due to a detected failure in the overall suite.]]>
            </message>
            <full-stacktrace>
              <![CDATA[java.lang.RuntimeException: Test skipped due to a detected failure in the overall suite.
at com.pss.dms.Listerners.SuiteFailingInvokedMethodListener.beforeInvocation(SuiteFailingInvokedMethodListener.java:17)
at org.testng.internal.invokers.InvokedMethodListenerInvoker$InvokeBeforeInvocationWithoutContextStrategy.callMethod(InvokedMethodListenerInvoker.java:88)
at org.testng.internal.invokers.InvokedMethodListenerInvoker.invokeListener(InvokedMethodListenerInvoker.java:61)
at org.testng.internal.BaseInvoker.runInvokedMethodListeners(BaseInvoker.java:55)
at org.testng.internal.TestInvoker.invokeListenersForSkippedTestResult(TestInvoker.java:429)
at org.testng.internal.TestInvoker.invokeMethod(TestInvoker.java:529)
at org.testng.internal.TestInvoker.invokeTestMethod(TestInvoker.java:172)
at org.testng.internal.MethodRunner.runInSequence(MethodRunner.java:46)
at org.testng.internal.TestInvoker$MethodInvocationAgent.invoke(TestInvoker.java:804)
at org.testng.internal.TestInvoker.invokeTestMethods(TestInvoker.java:145)
at org.testng.internal.TestMethodWorker.invokeTestMethods(TestMethodWorker.java:146)
at org.testng.internal.TestMethodWorker.run(TestMethodWorker.java:128)
at java.util.ArrayList.forEach(ArrayList.java:1257)
at org.testng.TestRunner.privateRun(TestRunner.java:770)
at org.testng.TestRunner.run(TestRunner.java:591)
at org.testng.SuiteRunner.runTest(SuiteRunner.java:402)
at org.testng.SuiteRunner.runSequentially(SuiteRunner.java:396)
at org.testng.SuiteRunner.privateRun(SuiteRunner.java:355)
at org.testng.SuiteRunner.run(SuiteRunner.java:304)
at org.testng.SuiteRunnerWorker.runSuite(SuiteRunnerWorker.java:53)
at org.testng.SuiteRunnerWorker.run(SuiteRunnerWorker.java:96)
at org.testng.TestNG.runSuitesSequentially(TestNG.java:1180)
at org.testng.TestNG.runSuitesLocally(TestNG.java:1102)
at org.testng.TestNG.runSuites(TestNG.java:1032)
at org.testng.TestNG.run(TestNG.java:1000)
at org.testng.remote.AbstractRemoteTestNG.run(AbstractRemoteTestNG.java:115)
at org.testng.remote.RemoteTestNG.initAndRun(RemoteTestNG.java:251)
at org.testng.remote.RemoteTestNG.main(RemoteTestNG.java:77)
]]>
            </full-stacktrace>
          </exception> <!-- java.lang.RuntimeException -->
          <reporter-output>
          </reporter-output>
        </test-method> <!-- toCCClosureReview -->
        <test-method status="FAIL" signature="tearDown()[pri:0, instance:com.pss.dms.CCRejectionFlow.CCClosureReview@7bb58ca3]" name="tearDown" is-config="true" duration-ms="-1652285684400" started-at="2022-05-11T21:44:44 IST" finished-at="1970-01-01T05:30:00 IST">
          <exception class="java.lang.RuntimeException">
            <message>
              <![CDATA[Test skipped due to a detected failure in the overall suite.]]>
            </message>
            <full-stacktrace>
              <![CDATA[java.lang.RuntimeException: Test skipped due to a detected failure in the overall suite.
at com.pss.dms.Listerners.SuiteFailingInvokedMethodListener.beforeInvocation(SuiteFailingInvokedMethodListener.java:17)
at org.testng.internal.invokers.InvokedMethodListenerInvoker$InvokeBeforeInvocationWithoutContextStrategy.callMethod(InvokedMethodListenerInvoker.java:88)
at org.testng.internal.invokers.InvokedMethodListenerInvoker.invokeListener(InvokedMethodListenerInvoker.java:61)
at org.testng.internal.BaseInvoker.runInvokedMethodListeners(BaseInvoker.java:55)
at org.testng.internal.ConfigInvoker.invokeConfigurations(ConfigInvoker.java:257)
at org.testng.internal.TestMethodWorker.invokeAfterClassMethods(TestMethodWorker.java:217)
at org.testng.internal.TestMethodWorker.run(TestMethodWorker.java:130)
at java.util.ArrayList.forEach(ArrayList.java:1257)
at org.testng.TestRunner.privateRun(TestRunner.java:770)
at org.testng.TestRunner.run(TestRunner.java:591)
at org.testng.SuiteRunner.runTest(SuiteRunner.java:402)
at org.testng.SuiteRunner.runSequentially(SuiteRunner.java:396)
at org.testng.SuiteRunner.privateRun(SuiteRunner.java:355)
at org.testng.SuiteRunner.run(SuiteRunner.java:304)
at org.testng.SuiteRunnerWorker.runSuite(SuiteRunnerWorker.java:53)
at org.testng.SuiteRunnerWorker.run(SuiteRunnerWorker.java:96)
at org.testng.TestNG.runSuitesSequentially(TestNG.java:1180)
at org.testng.TestNG.runSuitesLocally(TestNG.java:1102)
at org.testng.TestNG.runSuites(TestNG.java:1032)
at org.testng.TestNG.run(TestNG.java:1000)
at org.testng.remote.AbstractRemoteTestNG.run(AbstractRemoteTestNG.java:115)
at org.testng.remote.RemoteTestNG.initAndRun(RemoteTestNG.java:251)
at org.testng.remote.RemoteTestNG.main(RemoteTestNG.java:77)
]]>
            </full-stacktrace>
          </exception> <!-- java.lang.RuntimeException -->
          <reporter-output>
          </reporter-output>
        </test-method> <!-- tearDown -->
      </class> <!-- com.pss.dms.CCRejectionFlow.CCClosureReview -->
      <class name="com.pss.dms.CCRejectionFlow.ActionItemApprove">
        <test-method status="FAIL" signature="setUp()[pri:0, instance:com.pss.dms.CCRejectionFlow.ActionItemApprove@57175e74]" name="setUp" is-config="true" duration-ms="-1652285684097" started-at="2022-05-11T21:44:44 IST" finished-at="1970-01-01T05:30:00 IST">
          <exception class="java.lang.RuntimeException">
            <message>
              <![CDATA[Test skipped due to a detected failure in the overall suite.]]>
            </message>
            <full-stacktrace>
              <![CDATA[java.lang.RuntimeException: Test skipped due to a detected failure in the overall suite.
at com.pss.dms.Listerners.SuiteFailingInvokedMethodListener.beforeInvocation(SuiteFailingInvokedMethodListener.java:17)
at org.testng.internal.invokers.InvokedMethodListenerInvoker$InvokeBeforeInvocationWithoutContextStrategy.callMethod(InvokedMethodListenerInvoker.java:88)
at org.testng.internal.invokers.InvokedMethodListenerInvoker.invokeListener(InvokedMethodListenerInvoker.java:61)
at org.testng.internal.BaseInvoker.runInvokedMethodListeners(BaseInvoker.java:55)
at org.testng.internal.ConfigInvoker.invokeConfigurationMethod(ConfigInvoker.java:325)
at org.testng.internal.ConfigInvoker.invokeConfigurations(ConfigInvoker.java:294)
at org.testng.internal.TestMethodWorker.invokeBeforeClassMethods(TestMethodWorker.java:176)
at org.testng.internal.TestMethodWorker.run(TestMethodWorker.java:122)
at java.util.ArrayList.forEach(ArrayList.java:1257)
at org.testng.TestRunner.privateRun(TestRunner.java:770)
at org.testng.TestRunner.run(TestRunner.java:591)
at org.testng.SuiteRunner.runTest(SuiteRunner.java:402)
at org.testng.SuiteRunner.runSequentially(SuiteRunner.java:396)
at org.testng.SuiteRunner.privateRun(SuiteRunner.java:355)
at org.testng.SuiteRunner.run(SuiteRunner.java:304)
at org.testng.SuiteRunnerWorker.runSuite(SuiteRunnerWorker.java:53)
at org.testng.SuiteRunnerWorker.run(SuiteRunnerWorker.java:96)
at org.testng.TestNG.runSuitesSequentially(TestNG.java:1180)
at org.testng.TestNG.runSuitesLocally(TestNG.java:1102)
at org.testng.TestNG.runSuites(TestNG.java:1032)
at org.testng.TestNG.run(TestNG.java:1000)
at org.testng.remote.AbstractRemoteTestNG.run(AbstractRemoteTestNG.java:115)
at org.testng.remote.RemoteTestNG.initAndRun(RemoteTestNG.java:251)
at org.testng.remote.RemoteTestNG.main(RemoteTestNG.java:77)
]]>
            </full-stacktrace>
          </exception> <!-- java.lang.RuntimeException -->
          <reporter-output>
          </reporter-output>
        </test-method> <!-- setUp -->
        <test-method status="FAIL" signature="toActionItemApprove()[pri:0, instance:com.pss.dms.CCRejectionFlow.ActionItemApprove@57175e74]" name="toActionItemApprove" duration-ms="1" started-at="2022-05-11T21:44:44 IST" finished-at="2022-05-11T21:44:44 IST">
          <exception class="java.lang.RuntimeException">
            <message>
              <![CDATA[Test skipped due to a detected failure in the overall suite.]]>
            </message>
            <full-stacktrace>
              <![CDATA[java.lang.RuntimeException: Test skipped due to a detected failure in the overall suite.
at com.pss.dms.Listerners.SuiteFailingInvokedMethodListener.beforeInvocation(SuiteFailingInvokedMethodListener.java:17)
at org.testng.internal.invokers.InvokedMethodListenerInvoker$InvokeBeforeInvocationWithoutContextStrategy.callMethod(InvokedMethodListenerInvoker.java:88)
at org.testng.internal.invokers.InvokedMethodListenerInvoker.invokeListener(InvokedMethodListenerInvoker.java:61)
at org.testng.internal.BaseInvoker.runInvokedMethodListeners(BaseInvoker.java:55)
at org.testng.internal.TestInvoker.invokeListenersForSkippedTestResult(TestInvoker.java:429)
at org.testng.internal.TestInvoker.invokeMethod(TestInvoker.java:529)
at org.testng.internal.TestInvoker.invokeTestMethod(TestInvoker.java:172)
at org.testng.internal.MethodRunner.runInSequence(MethodRunner.java:46)
at org.testng.internal.TestInvoker$MethodInvocationAgent.invoke(TestInvoker.java:804)
at org.testng.internal.TestInvoker.invokeTestMethods(TestInvoker.java:145)
at org.testng.internal.TestMethodWorker.invokeTestMethods(TestMethodWorker.java:146)
at org.testng.internal.TestMethodWorker.run(TestMethodWorker.java:128)
at java.util.ArrayList.forEach(ArrayList.java:1257)
at org.testng.TestRunner.privateRun(TestRunner.java:770)
at org.testng.TestRunner.run(TestRunner.java:591)
at org.testng.SuiteRunner.runTest(SuiteRunner.java:402)
at org.testng.SuiteRunner.runSequentially(SuiteRunner.java:396)
at org.testng.SuiteRunner.privateRun(SuiteRunner.java:355)
at org.testng.SuiteRunner.run(SuiteRunner.java:304)
at org.testng.SuiteRunnerWorker.runSuite(SuiteRunnerWorker.java:53)
at org.testng.SuiteRunnerWorker.run(SuiteRunnerWorker.java:96)
at org.testng.TestNG.runSuitesSequentially(TestNG.java:1180)
at org.testng.TestNG.runSuitesLocally(TestNG.java:1102)
at org.testng.TestNG.runSuites(TestNG.java:1032)
at org.testng.TestNG.run(TestNG.java:1000)
at org.testng.remote.AbstractRemoteTestNG.run(AbstractRemoteTestNG.java:115)
at org.testng.remote.RemoteTestNG.initAndRun(RemoteTestNG.java:251)
at org.testng.remote.RemoteTestNG.main(RemoteTestNG.java:77)
]]>
            </full-stacktrace>
          </exception> <!-- java.lang.RuntimeException -->
          <reporter-output>
          </reporter-output>
        </test-method> <!-- toActionItemApprove -->
        <test-method status="SKIP" signature="toActionItemApprove()[pri:0, instance:com.pss.dms.CCRejectionFlow.ActionItemApprove@57175e74]" name="toActionItemApprove" duration-ms="0" started-at="2022-05-11T21:44:44 IST" finished-at="2022-05-11T21:44:44 IST">
          <exception class="java.lang.RuntimeException">
            <message>
              <![CDATA[Test skipped due to a detected failure in the overall suite.]]>
            </message>
            <full-stacktrace>
              <![CDATA[java.lang.RuntimeException: Test skipped due to a detected failure in the overall suite.
at com.pss.dms.Listerners.SuiteFailingInvokedMethodListener.beforeInvocation(SuiteFailingInvokedMethodListener.java:17)
at org.testng.internal.invokers.InvokedMethodListenerInvoker$InvokeBeforeInvocationWithoutContextStrategy.callMethod(InvokedMethodListenerInvoker.java:88)
at org.testng.internal.invokers.InvokedMethodListenerInvoker.invokeListener(InvokedMethodListenerInvoker.java:61)
at org.testng.internal.BaseInvoker.runInvokedMethodListeners(BaseInvoker.java:55)
at org.testng.internal.ConfigInvoker.invokeConfigurationMethod(ConfigInvoker.java:325)
at org.testng.internal.ConfigInvoker.invokeConfigurations(ConfigInvoker.java:294)
at org.testng.internal.TestMethodWorker.invokeBeforeClassMethods(TestMethodWorker.java:176)
at org.testng.internal.TestMethodWorker.run(TestMethodWorker.java:122)
at java.util.ArrayList.forEach(ArrayList.java:1257)
at org.testng.TestRunner.privateRun(TestRunner.java:770)
at org.testng.TestRunner.run(TestRunner.java:591)
at org.testng.SuiteRunner.runTest(SuiteRunner.java:402)
at org.testng.SuiteRunner.runSequentially(SuiteRunner.java:396)
at org.testng.SuiteRunner.privateRun(SuiteRunner.java:355)
at org.testng.SuiteRunner.run(SuiteRunner.java:304)
at org.testng.SuiteRunnerWorker.runSuite(SuiteRunnerWorker.java:53)
at org.testng.SuiteRunnerWorker.run(SuiteRunnerWorker.java:96)
at org.testng.TestNG.runSuitesSequentially(TestNG.java:1180)
at org.testng.TestNG.runSuitesLocally(TestNG.java:1102)
at org.testng.TestNG.runSuites(TestNG.java:1032)
at org.testng.TestNG.run(TestNG.java:1000)
at org.testng.remote.AbstractRemoteTestNG.run(AbstractRemoteTestNG.java:115)
at org.testng.remote.RemoteTestNG.initAndRun(RemoteTestNG.java:251)
at org.testng.remote.RemoteTestNG.main(RemoteTestNG.java:77)
]]>
            </full-stacktrace>
          </exception> <!-- java.lang.RuntimeException -->
          <reporter-output>
          </reporter-output>
        </test-method> <!-- toActionItemApprove -->
        <test-method status="FAIL" signature="tearDown()[pri:0, instance:com.pss.dms.CCRejectionFlow.ActionItemApprove@57175e74]" name="tearDown" is-config="true" duration-ms="-1652285684252" started-at="2022-05-11T21:44:44 IST" finished-at="1970-01-01T05:30:00 IST">
          <exception class="java.lang.RuntimeException">
            <message>
              <![CDATA[Test skipped due to a detected failure in the overall suite.]]>
            </message>
            <full-stacktrace>
              <![CDATA[java.lang.RuntimeException: Test skipped due to a detected failure in the overall suite.
at com.pss.dms.Listerners.SuiteFailingInvokedMethodListener.beforeInvocation(SuiteFailingInvokedMethodListener.java:17)
at org.testng.internal.invokers.InvokedMethodListenerInvoker$InvokeBeforeInvocationWithoutContextStrategy.callMethod(InvokedMethodListenerInvoker.java:88)
at org.testng.internal.invokers.InvokedMethodListenerInvoker.invokeListener(InvokedMethodListenerInvoker.java:61)
at org.testng.internal.BaseInvoker.runInvokedMethodListeners(BaseInvoker.java:55)
at org.testng.internal.ConfigInvoker.invokeConfigurations(ConfigInvoker.java:257)
at org.testng.internal.TestMethodWorker.invokeAfterClassMethods(TestMethodWorker.java:217)
at org.testng.internal.TestMethodWorker.run(TestMethodWorker.java:130)
at java.util.ArrayList.forEach(ArrayList.java:1257)
at org.testng.TestRunner.privateRun(TestRunner.java:770)
at org.testng.TestRunner.run(TestRunner.java:591)
at org.testng.SuiteRunner.runTest(SuiteRunner.java:402)
at org.testng.SuiteRunner.runSequentially(SuiteRunner.java:396)
at org.testng.SuiteRunner.privateRun(SuiteRunner.java:355)
at org.testng.SuiteRunner.run(SuiteRunner.java:304)
at org.testng.SuiteRunnerWorker.runSuite(SuiteRunnerWorker.java:53)
at org.testng.SuiteRunnerWorker.run(SuiteRunnerWorker.java:96)
at org.testng.TestNG.runSuitesSequentially(TestNG.java:1180)
at org.testng.TestNG.runSuitesLocally(TestNG.java:1102)
at org.testng.TestNG.runSuites(TestNG.java:1032)
at org.testng.TestNG.run(TestNG.java:1000)
at org.testng.remote.AbstractRemoteTestNG.run(AbstractRemoteTestNG.java:115)
at org.testng.remote.RemoteTestNG.initAndRun(RemoteTestNG.java:251)
at org.testng.remote.RemoteTestNG.main(RemoteTestNG.java:77)
]]>
            </full-stacktrace>
          </exception> <!-- java.lang.RuntimeException -->
          <reporter-output>
          </reporter-output>
        </test-method> <!-- tearDown -->
      </class> <!-- com.pss.dms.CCRejectionFlow.ActionItemApprove -->
      <class name="com.pss.dms.CCRejectionFlow.ActionItemReview">
        <test-method status="FAIL" signature="setUp()[pri:0, instance:com.pss.dms.CCRejectionFlow.ActionItemReview@29ba4338]" name="setUp" is-config="true" duration-ms="-1652285683954" started-at="2022-05-11T21:44:43 IST" finished-at="1970-01-01T05:30:00 IST">
          <exception class="java.lang.RuntimeException">
            <message>
              <![CDATA[Test skipped due to a detected failure in the overall suite.]]>
            </message>
            <full-stacktrace>
              <![CDATA[java.lang.RuntimeException: Test skipped due to a detected failure in the overall suite.
at com.pss.dms.Listerners.SuiteFailingInvokedMethodListener.beforeInvocation(SuiteFailingInvokedMethodListener.java:17)
at org.testng.internal.invokers.InvokedMethodListenerInvoker$InvokeBeforeInvocationWithoutContextStrategy.callMethod(InvokedMethodListenerInvoker.java:88)
at org.testng.internal.invokers.InvokedMethodListenerInvoker.invokeListener(InvokedMethodListenerInvoker.java:61)
at org.testng.internal.BaseInvoker.runInvokedMethodListeners(BaseInvoker.java:55)
at org.testng.internal.ConfigInvoker.invokeConfigurationMethod(ConfigInvoker.java:325)
at org.testng.internal.ConfigInvoker.invokeConfigurations(ConfigInvoker.java:294)
at org.testng.internal.TestMethodWorker.invokeBeforeClassMethods(TestMethodWorker.java:176)
at org.testng.internal.TestMethodWorker.run(TestMethodWorker.java:122)
at java.util.ArrayList.forEach(ArrayList.java:1257)
at org.testng.TestRunner.privateRun(TestRunner.java:770)
at org.testng.TestRunner.run(TestRunner.java:591)
at org.testng.SuiteRunner.runTest(SuiteRunner.java:402)
at org.testng.SuiteRunner.runSequentially(SuiteRunner.java:396)
at org.testng.SuiteRunner.privateRun(SuiteRunner.java:355)
at org.testng.SuiteRunner.run(SuiteRunner.java:304)
at org.testng.SuiteRunnerWorker.runSuite(SuiteRunnerWorker.java:53)
at org.testng.SuiteRunnerWorker.run(SuiteRunnerWorker.java:96)
at org.testng.TestNG.runSuitesSequentially(TestNG.java:1180)
at org.testng.TestNG.runSuitesLocally(TestNG.java:1102)
at org.testng.TestNG.runSuites(TestNG.java:1032)
at org.testng.TestNG.run(TestNG.java:1000)
at org.testng.remote.AbstractRemoteTestNG.run(AbstractRemoteTestNG.java:115)
at org.testng.remote.RemoteTestNG.initAndRun(RemoteTestNG.java:251)
at org.testng.remote.RemoteTestNG.main(RemoteTestNG.java:77)
]]>
            </full-stacktrace>
          </exception> <!-- java.lang.RuntimeException -->
          <reporter-output>
          </reporter-output>
        </test-method> <!-- setUp -->
        <test-method status="FAIL" signature="toActionItemReview()[pri:0, instance:com.pss.dms.CCRejectionFlow.ActionItemReview@29ba4338]" name="toActionItemReview" duration-ms="2" started-at="2022-05-11T21:44:43 IST" finished-at="2022-05-11T21:44:43 IST">
          <exception class="java.lang.RuntimeException">
            <message>
              <![CDATA[Test skipped due to a detected failure in the overall suite.]]>
            </message>
            <full-stacktrace>
              <![CDATA[java.lang.RuntimeException: Test skipped due to a detected failure in the overall suite.
at com.pss.dms.Listerners.SuiteFailingInvokedMethodListener.beforeInvocation(SuiteFailingInvokedMethodListener.java:17)
at org.testng.internal.invokers.InvokedMethodListenerInvoker$InvokeBeforeInvocationWithoutContextStrategy.callMethod(InvokedMethodListenerInvoker.java:88)
at org.testng.internal.invokers.InvokedMethodListenerInvoker.invokeListener(InvokedMethodListenerInvoker.java:61)
at org.testng.internal.BaseInvoker.runInvokedMethodListeners(BaseInvoker.java:55)
at org.testng.internal.TestInvoker.invokeListenersForSkippedTestResult(TestInvoker.java:429)
at org.testng.internal.TestInvoker.invokeMethod(TestInvoker.java:529)
at org.testng.internal.TestInvoker.invokeTestMethod(TestInvoker.java:172)
at org.testng.internal.MethodRunner.runInSequence(MethodRunner.java:46)
at org.testng.internal.TestInvoker$MethodInvocationAgent.invoke(TestInvoker.java:804)
at org.testng.internal.TestInvoker.invokeTestMethods(TestInvoker.java:145)
at org.testng.internal.TestMethodWorker.invokeTestMethods(TestMethodWorker.java:146)
at org.testng.internal.TestMethodWorker.run(TestMethodWorker.java:128)
at java.util.ArrayList.forEach(ArrayList.java:1257)
at org.testng.TestRunner.privateRun(TestRunner.java:770)
at org.testng.TestRunner.run(TestRunner.java:591)
at org.testng.SuiteRunner.runTest(SuiteRunner.java:402)
at org.testng.SuiteRunner.runSequentially(SuiteRunner.java:396)
at org.testng.SuiteRunner.privateRun(SuiteRunner.java:355)
at org.testng.SuiteRunner.run(SuiteRunner.java:304)
at org.testng.SuiteRunnerWorker.runSuite(SuiteRunnerWorker.java:53)
at org.testng.SuiteRunnerWorker.run(SuiteRunnerWorker.java:96)
at org.testng.TestNG.runSuitesSequentially(TestNG.java:1180)
at org.testng.TestNG.runSuitesLocally(TestNG.java:1102)
at org.testng.TestNG.runSuites(TestNG.java:1032)
at org.testng.TestNG.run(TestNG.java:1000)
at org.testng.remote.AbstractRemoteTestNG.run(AbstractRemoteTestNG.java:115)
at org.testng.remote.RemoteTestNG.initAndRun(RemoteTestNG.java:251)
at org.testng.remote.RemoteTestNG.main(RemoteTestNG.java:77)
]]>
            </full-stacktrace>
          </exception> <!-- java.lang.RuntimeException -->
          <reporter-output>
          </reporter-output>
        </test-method> <!-- toActionItemReview -->
        <test-method status="SKIP" signature="toActionItemReview()[pri:0, instance:com.pss.dms.CCRejectionFlow.ActionItemReview@29ba4338]" name="toActionItemReview" duration-ms="0" started-at="2022-05-11T21:44:43 IST" finished-at="2022-05-11T21:44:43 IST">
          <exception class="java.lang.RuntimeException">
            <message>
              <![CDATA[Test skipped due to a detected failure in the overall suite.]]>
            </message>
            <full-stacktrace>
              <![CDATA[java.lang.RuntimeException: Test skipped due to a detected failure in the overall suite.
at com.pss.dms.Listerners.SuiteFailingInvokedMethodListener.beforeInvocation(SuiteFailingInvokedMethodListener.java:17)
at org.testng.internal.invokers.InvokedMethodListenerInvoker$InvokeBeforeInvocationWithoutContextStrategy.callMethod(InvokedMethodListenerInvoker.java:88)
at org.testng.internal.invokers.InvokedMethodListenerInvoker.invokeListener(InvokedMethodListenerInvoker.java:61)
at org.testng.internal.BaseInvoker.runInvokedMethodListeners(BaseInvoker.java:55)
at org.testng.internal.ConfigInvoker.invokeConfigurationMethod(ConfigInvoker.java:325)
at org.testng.internal.ConfigInvoker.invokeConfigurations(ConfigInvoker.java:294)
at org.testng.internal.TestMethodWorker.invokeBeforeClassMethods(TestMethodWorker.java:176)
at org.testng.internal.TestMethodWorker.run(TestMethodWorker.java:122)
at java.util.ArrayList.forEach(ArrayList.java:1257)
at org.testng.TestRunner.privateRun(TestRunner.java:770)
at org.testng.TestRunner.run(TestRunner.java:591)
at org.testng.SuiteRunner.runTest(SuiteRunner.java:402)
at org.testng.SuiteRunner.runSequentially(SuiteRunner.java:396)
at org.testng.SuiteRunner.privateRun(SuiteRunner.java:355)
at org.testng.SuiteRunner.run(SuiteRunner.java:304)
at org.testng.SuiteRunnerWorker.runSuite(SuiteRunnerWorker.java:53)
at org.testng.SuiteRunnerWorker.run(SuiteRunnerWorker.java:96)
at org.testng.TestNG.runSuitesSequentially(TestNG.java:1180)
at org.testng.TestNG.runSuitesLocally(TestNG.java:1102)
at org.testng.TestNG.runSuites(TestNG.java:1032)
at org.testng.TestNG.run(TestNG.java:1000)
at org.testng.remote.AbstractRemoteTestNG.run(AbstractRemoteTestNG.java:115)
at org.testng.remote.RemoteTestNG.initAndRun(RemoteTestNG.java:251)
at org.testng.remote.RemoteTestNG.main(RemoteTestNG.java:77)
]]>
            </full-stacktrace>
          </exception> <!-- java.lang.RuntimeException -->
          <reporter-output>
          </reporter-output>
        </test-method> <!-- toActionItemReview -->
        <test-method status="FAIL" signature="tearDown()[pri:0, instance:com.pss.dms.CCRejectionFlow.ActionItemReview@29ba4338]" name="tearDown" is-config="true" duration-ms="-1652285684095" started-at="2022-05-11T21:44:44 IST" finished-at="1970-01-01T05:30:00 IST">
          <exception class="java.lang.RuntimeException">
            <message>
              <![CDATA[Test skipped due to a detected failure in the overall suite.]]>
            </message>
            <full-stacktrace>
              <![CDATA[java.lang.RuntimeException: Test skipped due to a detected failure in the overall suite.
at com.pss.dms.Listerners.SuiteFailingInvokedMethodListener.beforeInvocation(SuiteFailingInvokedMethodListener.java:17)
at org.testng.internal.invokers.InvokedMethodListenerInvoker$InvokeBeforeInvocationWithoutContextStrategy.callMethod(InvokedMethodListenerInvoker.java:88)
at org.testng.internal.invokers.InvokedMethodListenerInvoker.invokeListener(InvokedMethodListenerInvoker.java:61)
at org.testng.internal.BaseInvoker.runInvokedMethodListeners(BaseInvoker.java:55)
at org.testng.internal.ConfigInvoker.invokeConfigurations(ConfigInvoker.java:257)
at org.testng.internal.TestMethodWorker.invokeAfterClassMethods(TestMethodWorker.java:217)
at org.testng.internal.TestMethodWorker.run(TestMethodWorker.java:130)
at java.util.ArrayList.forEach(ArrayList.java:1257)
at org.testng.TestRunner.privateRun(TestRunner.java:770)
at org.testng.TestRunner.run(TestRunner.java:591)
at org.testng.SuiteRunner.runTest(SuiteRunner.java:402)
at org.testng.SuiteRunner.runSequentially(SuiteRunner.java:396)
at org.testng.SuiteRunner.privateRun(SuiteRunner.java:355)
at org.testng.SuiteRunner.run(SuiteRunner.java:304)
at org.testng.SuiteRunnerWorker.runSuite(SuiteRunnerWorker.java:53)
at org.testng.SuiteRunnerWorker.run(SuiteRunnerWorker.java:96)
at org.testng.TestNG.runSuitesSequentially(TestNG.java:1180)
at org.testng.TestNG.runSuitesLocally(TestNG.java:1102)
at org.testng.TestNG.runSuites(TestNG.java:1032)
at org.testng.TestNG.run(TestNG.java:1000)
at org.testng.remote.AbstractRemoteTestNG.run(AbstractRemoteTestNG.java:115)
at org.testng.remote.RemoteTestNG.initAndRun(RemoteTestNG.java:251)
at org.testng.remote.RemoteTestNG.main(RemoteTestNG.java:77)
]]>
            </full-stacktrace>
          </exception> <!-- java.lang.RuntimeException -->
          <reporter-output>
          </reporter-output>
        </test-method> <!-- tearDown -->
      </class> <!-- com.pss.dms.CCRejectionFlow.ActionItemReview -->
    </test> <!-- CCWithDMSAndLMS ActionItemReviewAndApprove -->
    <test name="CCWithDMSAndLMS CCClosure ReviewAndApprove" duration-ms="449" started-at="2022-05-11T21:44:44 IST" finished-at="2022-05-11T21:44:44 IST">
      <class name="com.pss.dms.CCRejectionFlow.CCclosureApproveRevert">
        <test-method status="FAIL" signature="setUp()[pri:0, instance:com.pss.dms.CCRejectionFlow.CCclosureApproveRevert@7f77e91b]" name="setUp" is-config="true" duration-ms="-1652285684438" started-at="2022-05-11T21:44:44 IST" finished-at="1970-01-01T05:30:00 IST">
          <exception class="java.lang.RuntimeException">
            <message>
              <![CDATA[Test skipped due to a detected failure in the overall suite.]]>
            </message>
            <full-stacktrace>
              <![CDATA[java.lang.RuntimeException: Test skipped due to a detected failure in the overall suite.
at com.pss.dms.Listerners.SuiteFailingInvokedMethodListener.beforeInvocation(SuiteFailingInvokedMethodListener.java:17)
at org.testng.internal.invokers.InvokedMethodListenerInvoker$InvokeBeforeInvocationWithoutContextStrategy.callMethod(InvokedMethodListenerInvoker.java:88)
at org.testng.internal.invokers.InvokedMethodListenerInvoker.invokeListener(InvokedMethodListenerInvoker.java:61)
at org.testng.internal.BaseInvoker.runInvokedMethodListeners(BaseInvoker.java:55)
at org.testng.internal.ConfigInvoker.invokeConfigurationMethod(ConfigInvoker.java:325)
at org.testng.internal.ConfigInvoker.invokeConfigurations(ConfigInvoker.java:294)
at org.testng.internal.TestMethodWorker.invokeBeforeClassMethods(TestMethodWorker.java:176)
at org.testng.internal.TestMethodWorker.run(TestMethodWorker.java:122)
at java.util.ArrayList.forEach(ArrayList.java:1257)
at org.testng.TestRunner.privateRun(TestRunner.java:770)
at org.testng.TestRunner.run(TestRunner.java:591)
at org.testng.SuiteRunner.runTest(SuiteRunner.java:402)
at org.testng.SuiteRunner.runSequentially(SuiteRunner.java:396)
at org.testng.SuiteRunner.privateRun(SuiteRunner.java:355)
at org.testng.SuiteRunner.run(SuiteRunner.java:304)
at org.testng.SuiteRunnerWorker.runSuite(SuiteRunnerWorker.java:53)
at org.testng.SuiteRunnerWorker.run(SuiteRunnerWorker.java:96)
at org.testng.TestNG.runSuitesSequentially(TestNG.java:1180)
at org.testng.TestNG.runSuitesLocally(TestNG.java:1102)
at org.testng.TestNG.runSuites(TestNG.java:1032)
at org.testng.TestNG.run(TestNG.java:1000)
at org.testng.remote.AbstractRemoteTestNG.run(AbstractRemoteTestNG.java:115)
at org.testng.remote.RemoteTestNG.initAndRun(RemoteTestNG.java:251)
at org.testng.remote.RemoteTestNG.main(RemoteTestNG.java:77)
]]>
            </full-stacktrace>
          </exception> <!-- java.lang.RuntimeException -->
          <reporter-output>
          </reporter-output>
        </test-method> <!-- setUp -->
        <test-method status="FAIL" signature="toClosureApproveReject()[pri:0, instance:com.pss.dms.CCRejectionFlow.CCclosureApproveRevert@7f77e91b]" name="toClosureApproveReject" duration-ms="2" started-at="2022-05-11T21:44:44 IST" finished-at="2022-05-11T21:44:44 IST">
          <exception class="java.lang.RuntimeException">
            <message>
              <![CDATA[Test skipped due to a detected failure in the overall suite.]]>
            </message>
            <full-stacktrace>
              <![CDATA[java.lang.RuntimeException: Test skipped due to a detected failure in the overall suite.
at com.pss.dms.Listerners.SuiteFailingInvokedMethodListener.beforeInvocation(SuiteFailingInvokedMethodListener.java:17)
at org.testng.internal.invokers.InvokedMethodListenerInvoker$InvokeBeforeInvocationWithoutContextStrategy.callMethod(InvokedMethodListenerInvoker.java:88)
at org.testng.internal.invokers.InvokedMethodListenerInvoker.invokeListener(InvokedMethodListenerInvoker.java:61)
at org.testng.internal.BaseInvoker.runInvokedMethodListeners(BaseInvoker.java:55)
at org.testng.internal.TestInvoker.invokeListenersForSkippedTestResult(TestInvoker.java:429)
at org.testng.internal.TestInvoker.invokeMethod(TestInvoker.java:529)
at org.testng.internal.TestInvoker.invokeTestMethod(TestInvoker.java:172)
at org.testng.internal.MethodRunner.runInSequence(MethodRunner.java:46)
at org.testng.internal.TestInvoker$MethodInvocationAgent.invoke(TestInvoker.java:804)
at org.testng.internal.TestInvoker.invokeTestMethods(TestInvoker.java:145)
at org.testng.internal.TestMethodWorker.invokeTestMethods(TestMethodWorker.java:146)
at org.testng.internal.TestMethodWorker.run(TestMethodWorker.java:128)
at java.util.ArrayList.forEach(ArrayList.java:1257)
at org.testng.TestRunner.privateRun(TestRunner.java:770)
at org.testng.TestRunner.run(TestRunner.java:591)
at org.testng.SuiteRunner.runTest(SuiteRunner.java:402)
at org.testng.SuiteRunner.runSequentially(SuiteRunner.java:396)
at org.testng.SuiteRunner.privateRun(SuiteRunner.java:355)
at org.testng.SuiteRunner.run(SuiteRunner.java:304)
at org.testng.SuiteRunnerWorker.runSuite(SuiteRunnerWorker.java:53)
at org.testng.SuiteRunnerWorker.run(SuiteRunnerWorker.java:96)
at org.testng.TestNG.runSuitesSequentially(TestNG.java:1180)
at org.testng.TestNG.runSuitesLocally(TestNG.java:1102)
at org.testng.TestNG.runSuites(TestNG.java:1032)
at org.testng.TestNG.run(TestNG.java:1000)
at org.testng.remote.AbstractRemoteTestNG.run(AbstractRemoteTestNG.java:115)
at org.testng.remote.RemoteTestNG.initAndRun(RemoteTestNG.java:251)
at org.testng.remote.RemoteTestNG.main(RemoteTestNG.java:77)
]]>
            </full-stacktrace>
          </exception> <!-- java.lang.RuntimeException -->
          <reporter-output>
          </reporter-output>
        </test-method> <!-- toClosureApproveReject -->
        <test-method status="SKIP" signature="toClosureApproveReject()[pri:0, instance:com.pss.dms.CCRejectionFlow.CCclosureApproveRevert@7f77e91b]" name="toClosureApproveReject" duration-ms="0" started-at="2022-05-11T21:44:44 IST" finished-at="2022-05-11T21:44:44 IST">
          <exception class="java.lang.RuntimeException">
            <message>
              <![CDATA[Test skipped due to a detected failure in the overall suite.]]>
            </message>
            <full-stacktrace>
              <![CDATA[java.lang.RuntimeException: Test skipped due to a detected failure in the overall suite.
at com.pss.dms.Listerners.SuiteFailingInvokedMethodListener.beforeInvocation(SuiteFailingInvokedMethodListener.java:17)
at org.testng.internal.invokers.InvokedMethodListenerInvoker$InvokeBeforeInvocationWithoutContextStrategy.callMethod(InvokedMethodListenerInvoker.java:88)
at org.testng.internal.invokers.InvokedMethodListenerInvoker.invokeListener(InvokedMethodListenerInvoker.java:61)
at org.testng.internal.BaseInvoker.runInvokedMethodListeners(BaseInvoker.java:55)
at org.testng.internal.ConfigInvoker.invokeConfigurationMethod(ConfigInvoker.java:325)
at org.testng.internal.ConfigInvoker.invokeConfigurations(ConfigInvoker.java:294)
at org.testng.internal.TestMethodWorker.invokeBeforeClassMethods(TestMethodWorker.java:176)
at org.testng.internal.TestMethodWorker.run(TestMethodWorker.java:122)
at java.util.ArrayList.forEach(ArrayList.java:1257)
at org.testng.TestRunner.privateRun(TestRunner.java:770)
at org.testng.TestRunner.run(TestRunner.java:591)
at org.testng.SuiteRunner.runTest(SuiteRunner.java:402)
at org.testng.SuiteRunner.runSequentially(SuiteRunner.java:396)
at org.testng.SuiteRunner.privateRun(SuiteRunner.java:355)
at org.testng.SuiteRunner.run(SuiteRunner.java:304)
at org.testng.SuiteRunnerWorker.runSuite(SuiteRunnerWorker.java:53)
at org.testng.SuiteRunnerWorker.run(SuiteRunnerWorker.java:96)
at org.testng.TestNG.runSuitesSequentially(TestNG.java:1180)
at org.testng.TestNG.runSuitesLocally(TestNG.java:1102)
at org.testng.TestNG.runSuites(TestNG.java:1032)
at org.testng.TestNG.run(TestNG.java:1000)
at org.testng.remote.AbstractRemoteTestNG.run(AbstractRemoteTestNG.java:115)
at org.testng.remote.RemoteTestNG.initAndRun(RemoteTestNG.java:251)
at org.testng.remote.RemoteTestNG.main(RemoteTestNG.java:77)
]]>
            </full-stacktrace>
          </exception> <!-- java.lang.RuntimeException -->
          <reporter-output>
          </reporter-output>
        </test-method> <!-- toClosureApproveReject -->
        <test-method status="FAIL" signature="tearDown()[pri:0, instance:com.pss.dms.CCRejectionFlow.CCclosureApproveRevert@7f77e91b]" name="tearDown" is-config="true" duration-ms="-1652285684590" started-at="2022-05-11T21:44:44 IST" finished-at="1970-01-01T05:30:00 IST">
          <exception class="java.lang.RuntimeException">
            <message>
              <![CDATA[Test skipped due to a detected failure in the overall suite.]]>
            </message>
            <full-stacktrace>
              <![CDATA[java.lang.RuntimeException: Test skipped due to a detected failure in the overall suite.
at com.pss.dms.Listerners.SuiteFailingInvokedMethodListener.beforeInvocation(SuiteFailingInvokedMethodListener.java:17)
at org.testng.internal.invokers.InvokedMethodListenerInvoker$InvokeBeforeInvocationWithoutContextStrategy.callMethod(InvokedMethodListenerInvoker.java:88)
at org.testng.internal.invokers.InvokedMethodListenerInvoker.invokeListener(InvokedMethodListenerInvoker.java:61)
at org.testng.internal.BaseInvoker.runInvokedMethodListeners(BaseInvoker.java:55)
at org.testng.internal.ConfigInvoker.invokeConfigurations(ConfigInvoker.java:257)
at org.testng.internal.TestMethodWorker.invokeAfterClassMethods(TestMethodWorker.java:217)
at org.testng.internal.TestMethodWorker.run(TestMethodWorker.java:130)
at java.util.ArrayList.forEach(ArrayList.java:1257)
at org.testng.TestRunner.privateRun(TestRunner.java:770)
at org.testng.TestRunner.run(TestRunner.java:591)
at org.testng.SuiteRunner.runTest(SuiteRunner.java:402)
at org.testng.SuiteRunner.runSequentially(SuiteRunner.java:396)
at org.testng.SuiteRunner.privateRun(SuiteRunner.java:355)
at org.testng.SuiteRunner.run(SuiteRunner.java:304)
at org.testng.SuiteRunnerWorker.runSuite(SuiteRunnerWorker.java:53)
at org.testng.SuiteRunnerWorker.run(SuiteRunnerWorker.java:96)
at org.testng.TestNG.runSuitesSequentially(TestNG.java:1180)
at org.testng.TestNG.runSuitesLocally(TestNG.java:1102)
at org.testng.TestNG.runSuites(TestNG.java:1032)
at org.testng.TestNG.run(TestNG.java:1000)
at org.testng.remote.AbstractRemoteTestNG.run(AbstractRemoteTestNG.java:115)
at org.testng.remote.RemoteTestNG.initAndRun(RemoteTestNG.java:251)
at org.testng.remote.RemoteTestNG.main(RemoteTestNG.java:77)
]]>
            </full-stacktrace>
          </exception> <!-- java.lang.RuntimeException -->
          <reporter-output>
          </reporter-output>
        </test-method> <!-- tearDown -->
      </class> <!-- com.pss.dms.CCRejectionFlow.CCclosureApproveRevert -->
      <class name="com.pss.dms.CCRejectionFlow.CCClosureReview">
        <test-method status="FAIL" signature="setUp()[pri:0, instance:com.pss.dms.CCRejectionFlow.CCClosureReview@44a664f2]" name="setUp" is-config="true" duration-ms="-1652285684591" started-at="2022-05-11T21:44:44 IST" finished-at="1970-01-01T05:30:00 IST">
          <exception class="java.lang.RuntimeException">
            <message>
              <![CDATA[Test skipped due to a detected failure in the overall suite.]]>
            </message>
            <full-stacktrace>
              <![CDATA[java.lang.RuntimeException: Test skipped due to a detected failure in the overall suite.
at com.pss.dms.Listerners.SuiteFailingInvokedMethodListener.beforeInvocation(SuiteFailingInvokedMethodListener.java:17)
at org.testng.internal.invokers.InvokedMethodListenerInvoker$InvokeBeforeInvocationWithoutContextStrategy.callMethod(InvokedMethodListenerInvoker.java:88)
at org.testng.internal.invokers.InvokedMethodListenerInvoker.invokeListener(InvokedMethodListenerInvoker.java:61)
at org.testng.internal.BaseInvoker.runInvokedMethodListeners(BaseInvoker.java:55)
at org.testng.internal.ConfigInvoker.invokeConfigurationMethod(ConfigInvoker.java:325)
at org.testng.internal.ConfigInvoker.invokeConfigurations(ConfigInvoker.java:294)
at org.testng.internal.TestMethodWorker.invokeBeforeClassMethods(TestMethodWorker.java:176)
at org.testng.internal.TestMethodWorker.run(TestMethodWorker.java:122)
at java.util.ArrayList.forEach(ArrayList.java:1257)
at org.testng.TestRunner.privateRun(TestRunner.java:770)
at org.testng.TestRunner.run(TestRunner.java:591)
at org.testng.SuiteRunner.runTest(SuiteRunner.java:402)
at org.testng.SuiteRunner.runSequentially(SuiteRunner.java:396)
at org.testng.SuiteRunner.privateRun(SuiteRunner.java:355)
at org.testng.SuiteRunner.run(SuiteRunner.java:304)
at org.testng.SuiteRunnerWorker.runSuite(SuiteRunnerWorker.java:53)
at org.testng.SuiteRunnerWorker.run(SuiteRunnerWorker.java:96)
at org.testng.TestNG.runSuitesSequentially(TestNG.java:1180)
at org.testng.TestNG.runSuitesLocally(TestNG.java:1102)
at org.testng.TestNG.runSuites(TestNG.java:1032)
at org.testng.TestNG.run(TestNG.java:1000)
at org.testng.remote.AbstractRemoteTestNG.run(AbstractRemoteTestNG.java:115)
at org.testng.remote.RemoteTestNG.initAndRun(RemoteTestNG.java:251)
at org.testng.remote.RemoteTestNG.main(RemoteTestNG.java:77)
]]>
            </full-stacktrace>
          </exception> <!-- java.lang.RuntimeException -->
          <reporter-output>
          </reporter-output>
        </test-method> <!-- setUp -->
        <test-method status="SKIP" signature="toCCClosureReview()[pri:0, instance:com.pss.dms.CCRejectionFlow.CCClosureReview@44a664f2]" name="toCCClosureReview" duration-ms="0" started-at="2022-05-11T21:44:44 IST" finished-at="2022-05-11T21:44:44 IST">
          <exception class="java.lang.RuntimeException">
            <message>
              <![CDATA[Test skipped due to a detected failure in the overall suite.]]>
            </message>
            <full-stacktrace>
              <![CDATA[java.lang.RuntimeException: Test skipped due to a detected failure in the overall suite.
at com.pss.dms.Listerners.SuiteFailingInvokedMethodListener.beforeInvocation(SuiteFailingInvokedMethodListener.java:17)
at org.testng.internal.invokers.InvokedMethodListenerInvoker$InvokeBeforeInvocationWithoutContextStrategy.callMethod(InvokedMethodListenerInvoker.java:88)
at org.testng.internal.invokers.InvokedMethodListenerInvoker.invokeListener(InvokedMethodListenerInvoker.java:61)
at org.testng.internal.BaseInvoker.runInvokedMethodListeners(BaseInvoker.java:55)
at org.testng.internal.ConfigInvoker.invokeConfigurationMethod(ConfigInvoker.java:325)
at org.testng.internal.ConfigInvoker.invokeConfigurations(ConfigInvoker.java:294)
at org.testng.internal.TestMethodWorker.invokeBeforeClassMethods(TestMethodWorker.java:176)
at org.testng.internal.TestMethodWorker.run(TestMethodWorker.java:122)
at java.util.ArrayList.forEach(ArrayList.java:1257)
at org.testng.TestRunner.privateRun(TestRunner.java:770)
at org.testng.TestRunner.run(TestRunner.java:591)
at org.testng.SuiteRunner.runTest(SuiteRunner.java:402)
at org.testng.SuiteRunner.runSequentially(SuiteRunner.java:396)
at org.testng.SuiteRunner.privateRun(SuiteRunner.java:355)
at org.testng.SuiteRunner.run(SuiteRunner.java:304)
at org.testng.SuiteRunnerWorker.runSuite(SuiteRunnerWorker.java:53)
at org.testng.SuiteRunnerWorker.run(SuiteRunnerWorker.java:96)
at org.testng.TestNG.runSuitesSequentially(TestNG.java:1180)
at org.testng.TestNG.runSuitesLocally(TestNG.java:1102)
at org.testng.TestNG.runSuites(TestNG.java:1032)
at org.testng.TestNG.run(TestNG.java:1000)
at org.testng.remote.AbstractRemoteTestNG.run(AbstractRemoteTestNG.java:115)
at org.testng.remote.RemoteTestNG.initAndRun(RemoteTestNG.java:251)
at org.testng.remote.RemoteTestNG.main(RemoteTestNG.java:77)
]]>
            </full-stacktrace>
          </exception> <!-- java.lang.RuntimeException -->
          <reporter-output>
          </reporter-output>
        </test-method> <!-- toCCClosureReview -->
        <test-method status="FAIL" signature="toCCClosureReview()[pri:0, instance:com.pss.dms.CCRejectionFlow.CCClosureReview@44a664f2]" name="toCCClosureReview" duration-ms="4" started-at="2022-05-11T21:44:44 IST" finished-at="2022-05-11T21:44:44 IST">
          <exception class="java.lang.RuntimeException">
            <message>
              <![CDATA[Test skipped due to a detected failure in the overall suite.]]>
            </message>
            <full-stacktrace>
              <![CDATA[java.lang.RuntimeException: Test skipped due to a detected failure in the overall suite.
at com.pss.dms.Listerners.SuiteFailingInvokedMethodListener.beforeInvocation(SuiteFailingInvokedMethodListener.java:17)
at org.testng.internal.invokers.InvokedMethodListenerInvoker$InvokeBeforeInvocationWithoutContextStrategy.callMethod(InvokedMethodListenerInvoker.java:88)
at org.testng.internal.invokers.InvokedMethodListenerInvoker.invokeListener(InvokedMethodListenerInvoker.java:61)
at org.testng.internal.BaseInvoker.runInvokedMethodListeners(BaseInvoker.java:55)
at org.testng.internal.TestInvoker.invokeListenersForSkippedTestResult(TestInvoker.java:429)
at org.testng.internal.TestInvoker.invokeMethod(TestInvoker.java:529)
at org.testng.internal.TestInvoker.invokeTestMethod(TestInvoker.java:172)
at org.testng.internal.MethodRunner.runInSequence(MethodRunner.java:46)
at org.testng.internal.TestInvoker$MethodInvocationAgent.invoke(TestInvoker.java:804)
at org.testng.internal.TestInvoker.invokeTestMethods(TestInvoker.java:145)
at org.testng.internal.TestMethodWorker.invokeTestMethods(TestMethodWorker.java:146)
at org.testng.internal.TestMethodWorker.run(TestMethodWorker.java:128)
at java.util.ArrayList.forEach(ArrayList.java:1257)
at org.testng.TestRunner.privateRun(TestRunner.java:770)
at org.testng.TestRunner.run(TestRunner.java:591)
at org.testng.SuiteRunner.runTest(SuiteRunner.java:402)
at org.testng.SuiteRunner.runSequentially(SuiteRunner.java:396)
at org.testng.SuiteRunner.privateRun(SuiteRunner.java:355)
at org.testng.SuiteRunner.run(SuiteRunner.java:304)
at org.testng.SuiteRunnerWorker.runSuite(SuiteRunnerWorker.java:53)
at org.testng.SuiteRunnerWorker.run(SuiteRunnerWorker.java:96)
at org.testng.TestNG.runSuitesSequentially(TestNG.java:1180)
at org.testng.TestNG.runSuitesLocally(TestNG.java:1102)
at org.testng.TestNG.runSuites(TestNG.java:1032)
at org.testng.TestNG.run(TestNG.java:1000)
at org.testng.remote.AbstractRemoteTestNG.run(AbstractRemoteTestNG.java:115)
at org.testng.remote.RemoteTestNG.initAndRun(RemoteTestNG.java:251)
at org.testng.remote.RemoteTestNG.main(RemoteTestNG.java:77)
]]>
            </full-stacktrace>
          </exception> <!-- java.lang.RuntimeException -->
          <reporter-output>
          </reporter-output>
        </test-method> <!-- toCCClosureReview -->
        <test-method status="FAIL" signature="tearDown()[pri:0, instance:com.pss.dms.CCRejectionFlow.CCClosureReview@44a664f2]" name="tearDown" is-config="true" duration-ms="-1652285684729" started-at="2022-05-11T21:44:44 IST" finished-at="1970-01-01T05:30:00 IST">
          <exception class="java.lang.RuntimeException">
            <message>
              <![CDATA[Test skipped due to a detected failure in the overall suite.]]>
            </message>
            <full-stacktrace>
              <![CDATA[java.lang.RuntimeException: Test skipped due to a detected failure in the overall suite.
at com.pss.dms.Listerners.SuiteFailingInvokedMethodListener.beforeInvocation(SuiteFailingInvokedMethodListener.java:17)
at org.testng.internal.invokers.InvokedMethodListenerInvoker$InvokeBeforeInvocationWithoutContextStrategy.callMethod(InvokedMethodListenerInvoker.java:88)
at org.testng.internal.invokers.InvokedMethodListenerInvoker.invokeListener(InvokedMethodListenerInvoker.java:61)
at org.testng.internal.BaseInvoker.runInvokedMethodListeners(BaseInvoker.java:55)
at org.testng.internal.ConfigInvoker.invokeConfigurations(ConfigInvoker.java:257)
at org.testng.internal.TestMethodWorker.invokeAfterClassMethods(TestMethodWorker.java:217)
at org.testng.internal.TestMethodWorker.run(TestMethodWorker.java:130)
at java.util.ArrayList.forEach(ArrayList.java:1257)
at org.testng.TestRunner.privateRun(TestRunner.java:770)
at org.testng.TestRunner.run(TestRunner.java:591)
at org.testng.SuiteRunner.runTest(SuiteRunner.java:402)
at org.testng.SuiteRunner.runSequentially(SuiteRunner.java:396)
at org.testng.SuiteRunner.privateRun(SuiteRunner.java:355)
at org.testng.SuiteRunner.run(SuiteRunner.java:304)
at org.testng.SuiteRunnerWorker.runSuite(SuiteRunnerWorker.java:53)
at org.testng.SuiteRunnerWorker.run(SuiteRunnerWorker.java:96)
at org.testng.TestNG.runSuitesSequentially(TestNG.java:1180)
at org.testng.TestNG.runSuitesLocally(TestNG.java:1102)
at org.testng.TestNG.runSuites(TestNG.java:1032)
at org.testng.TestNG.run(TestNG.java:1000)
at org.testng.remote.AbstractRemoteTestNG.run(AbstractRemoteTestNG.java:115)
at org.testng.remote.RemoteTestNG.initAndRun(RemoteTestNG.java:251)
at org.testng.remote.RemoteTestNG.main(RemoteTestNG.java:77)
]]>
            </full-stacktrace>
          </exception> <!-- java.lang.RuntimeException -->
          <reporter-output>
          </reporter-output>
        </test-method> <!-- tearDown -->
      </class> <!-- com.pss.dms.CCRejectionFlow.CCClosureReview -->
      <class name="com.pss.dms.CCRejectionFlow.CCclosureApprove">
        <test-method status="FAIL" signature="setUp()[pri:0, instance:com.pss.dms.CCRejectionFlow.CCclosureApprove@7f9fcf7f]" name="setUp" is-config="true" duration-ms="-1652285684730" started-at="2022-05-11T21:44:44 IST" finished-at="1970-01-01T05:30:00 IST">
          <exception class="java.lang.RuntimeException">
            <message>
              <![CDATA[Test skipped due to a detected failure in the overall suite.]]>
            </message>
            <full-stacktrace>
              <![CDATA[java.lang.RuntimeException: Test skipped due to a detected failure in the overall suite.
at com.pss.dms.Listerners.SuiteFailingInvokedMethodListener.beforeInvocation(SuiteFailingInvokedMethodListener.java:17)
at org.testng.internal.invokers.InvokedMethodListenerInvoker$InvokeBeforeInvocationWithoutContextStrategy.callMethod(InvokedMethodListenerInvoker.java:88)
at org.testng.internal.invokers.InvokedMethodListenerInvoker.invokeListener(InvokedMethodListenerInvoker.java:61)
at org.testng.internal.BaseInvoker.runInvokedMethodListeners(BaseInvoker.java:55)
at org.testng.internal.ConfigInvoker.invokeConfigurationMethod(ConfigInvoker.java:325)
at org.testng.internal.ConfigInvoker.invokeConfigurations(ConfigInvoker.java:294)
at org.testng.internal.TestMethodWorker.invokeBeforeClassMethods(TestMethodWorker.java:176)
at org.testng.internal.TestMethodWorker.run(TestMethodWorker.java:122)
at java.util.ArrayList.forEach(ArrayList.java:1257)
at org.testng.TestRunner.privateRun(TestRunner.java:770)
at org.testng.TestRunner.run(TestRunner.java:591)
at org.testng.SuiteRunner.runTest(SuiteRunner.java:402)
at org.testng.SuiteRunner.runSequentially(SuiteRunner.java:396)
at org.testng.SuiteRunner.privateRun(SuiteRunner.java:355)
at org.testng.SuiteRunner.run(SuiteRunner.java:304)
at org.testng.SuiteRunnerWorker.runSuite(SuiteRunnerWorker.java:53)
at org.testng.SuiteRunnerWorker.run(SuiteRunnerWorker.java:96)
at org.testng.TestNG.runSuitesSequentially(TestNG.java:1180)
at org.testng.TestNG.runSuitesLocally(TestNG.java:1102)
at org.testng.TestNG.runSuites(TestNG.java:1032)
at org.testng.TestNG.run(TestNG.java:1000)
at org.testng.remote.AbstractRemoteTestNG.run(AbstractRemoteTestNG.java:115)
at org.testng.remote.RemoteTestNG.initAndRun(RemoteTestNG.java:251)
at org.testng.remote.RemoteTestNG.main(RemoteTestNG.java:77)
]]>
            </full-stacktrace>
          </exception> <!-- java.lang.RuntimeException -->
          <reporter-output>
          </reporter-output>
        </test-method> <!-- setUp -->
        <test-method status="FAIL" signature="toCCClosureApprove()[pri:0, instance:com.pss.dms.CCRejectionFlow.CCclosureApprove@7f9fcf7f]" name="toCCClosureApprove" duration-ms="3" started-at="2022-05-11T21:44:44 IST" finished-at="2022-05-11T21:44:44 IST">
          <exception class="java.lang.RuntimeException">
            <message>
              <![CDATA[Test skipped due to a detected failure in the overall suite.]]>
            </message>
            <full-stacktrace>
              <![CDATA[java.lang.RuntimeException: Test skipped due to a detected failure in the overall suite.
at com.pss.dms.Listerners.SuiteFailingInvokedMethodListener.beforeInvocation(SuiteFailingInvokedMethodListener.java:17)
at org.testng.internal.invokers.InvokedMethodListenerInvoker$InvokeBeforeInvocationWithoutContextStrategy.callMethod(InvokedMethodListenerInvoker.java:88)
at org.testng.internal.invokers.InvokedMethodListenerInvoker.invokeListener(InvokedMethodListenerInvoker.java:61)
at org.testng.internal.BaseInvoker.runInvokedMethodListeners(BaseInvoker.java:55)
at org.testng.internal.TestInvoker.invokeListenersForSkippedTestResult(TestInvoker.java:429)
at org.testng.internal.TestInvoker.invokeMethod(TestInvoker.java:529)
at org.testng.internal.TestInvoker.invokeTestMethod(TestInvoker.java:172)
at org.testng.internal.MethodRunner.runInSequence(MethodRunner.java:46)
at org.testng.internal.TestInvoker$MethodInvocationAgent.invoke(TestInvoker.java:804)
at org.testng.internal.TestInvoker.invokeTestMethods(TestInvoker.java:145)
at org.testng.internal.TestMethodWorker.invokeTestMethods(TestMethodWorker.java:146)
at org.testng.internal.TestMethodWorker.run(TestMethodWorker.java:128)
at java.util.ArrayList.forEach(ArrayList.java:1257)
at org.testng.TestRunner.privateRun(TestRunner.java:770)
at org.testng.TestRunner.run(TestRunner.java:591)
at org.testng.SuiteRunner.runTest(SuiteRunner.java:402)
at org.testng.SuiteRunner.runSequentially(SuiteRunner.java:396)
at org.testng.SuiteRunner.privateRun(SuiteRunner.java:355)
at org.testng.SuiteRunner.run(SuiteRunner.java:304)
at org.testng.SuiteRunnerWorker.runSuite(SuiteRunnerWorker.java:53)
at org.testng.SuiteRunnerWorker.run(SuiteRunnerWorker.java:96)
at org.testng.TestNG.runSuitesSequentially(TestNG.java:1180)
at org.testng.TestNG.runSuitesLocally(TestNG.java:1102)
at org.testng.TestNG.runSuites(TestNG.java:1032)
at org.testng.TestNG.run(TestNG.java:1000)
at org.testng.remote.AbstractRemoteTestNG.run(AbstractRemoteTestNG.java:115)
at org.testng.remote.RemoteTestNG.initAndRun(RemoteTestNG.java:251)
at org.testng.remote.RemoteTestNG.main(RemoteTestNG.java:77)
]]>
            </full-stacktrace>
          </exception> <!-- java.lang.RuntimeException -->
          <reporter-output>
          </reporter-output>
        </test-method> <!-- toCCClosureApprove -->
        <test-method status="SKIP" signature="toCCClosureApprove()[pri:0, instance:com.pss.dms.CCRejectionFlow.CCclosureApprove@7f9fcf7f]" name="toCCClosureApprove" duration-ms="0" started-at="2022-05-11T21:44:44 IST" finished-at="2022-05-11T21:44:44 IST">
          <exception class="java.lang.RuntimeException">
            <message>
              <![CDATA[Test skipped due to a detected failure in the overall suite.]]>
            </message>
            <full-stacktrace>
              <![CDATA[java.lang.RuntimeException: Test skipped due to a detected failure in the overall suite.
at com.pss.dms.Listerners.SuiteFailingInvokedMethodListener.beforeInvocation(SuiteFailingInvokedMethodListener.java:17)
at org.testng.internal.invokers.InvokedMethodListenerInvoker$InvokeBeforeInvocationWithoutContextStrategy.callMethod(InvokedMethodListenerInvoker.java:88)
at org.testng.internal.invokers.InvokedMethodListenerInvoker.invokeListener(InvokedMethodListenerInvoker.java:61)
at org.testng.internal.BaseInvoker.runInvokedMethodListeners(BaseInvoker.java:55)
at org.testng.internal.ConfigInvoker.invokeConfigurationMethod(ConfigInvoker.java:325)
at org.testng.internal.ConfigInvoker.invokeConfigurations(ConfigInvoker.java:294)
at org.testng.internal.TestMethodWorker.invokeBeforeClassMethods(TestMethodWorker.java:176)
at org.testng.internal.TestMethodWorker.run(TestMethodWorker.java:122)
at java.util.ArrayList.forEach(ArrayList.java:1257)
at org.testng.TestRunner.privateRun(TestRunner.java:770)
at org.testng.TestRunner.run(TestRunner.java:591)
at org.testng.SuiteRunner.runTest(SuiteRunner.java:402)
at org.testng.SuiteRunner.runSequentially(SuiteRunner.java:396)
at org.testng.SuiteRunner.privateRun(SuiteRunner.java:355)
at org.testng.SuiteRunner.run(SuiteRunner.java:304)
at org.testng.SuiteRunnerWorker.runSuite(SuiteRunnerWorker.java:53)
at org.testng.SuiteRunnerWorker.run(SuiteRunnerWorker.java:96)
at org.testng.TestNG.runSuitesSequentially(TestNG.java:1180)
at org.testng.TestNG.runSuitesLocally(TestNG.java:1102)
at org.testng.TestNG.runSuites(TestNG.java:1032)
at org.testng.TestNG.run(TestNG.java:1000)
at org.testng.remote.AbstractRemoteTestNG.run(AbstractRemoteTestNG.java:115)
at org.testng.remote.RemoteTestNG.initAndRun(RemoteTestNG.java:251)
at org.testng.remote.RemoteTestNG.main(RemoteTestNG.java:77)
]]>
            </full-stacktrace>
          </exception> <!-- java.lang.RuntimeException -->
          <reporter-output>
          </reporter-output>
        </test-method> <!-- toCCClosureApprove -->
        <test-method status="FAIL" signature="tearDown()[pri:0, instance:com.pss.dms.CCRejectionFlow.CCclosureApprove@7f9fcf7f]" name="tearDown" is-config="true" duration-ms="-1652285684884" started-at="2022-05-11T21:44:44 IST" finished-at="1970-01-01T05:30:00 IST">
          <exception class="java.lang.RuntimeException">
            <message>
              <![CDATA[Test skipped due to a detected failure in the overall suite.]]>
            </message>
            <full-stacktrace>
              <![CDATA[java.lang.RuntimeException: Test skipped due to a detected failure in the overall suite.
at com.pss.dms.Listerners.SuiteFailingInvokedMethodListener.beforeInvocation(SuiteFailingInvokedMethodListener.java:17)
at org.testng.internal.invokers.InvokedMethodListenerInvoker$InvokeBeforeInvocationWithoutContextStrategy.callMethod(InvokedMethodListenerInvoker.java:88)
at org.testng.internal.invokers.InvokedMethodListenerInvoker.invokeListener(InvokedMethodListenerInvoker.java:61)
at org.testng.internal.BaseInvoker.runInvokedMethodListeners(BaseInvoker.java:55)
at org.testng.internal.ConfigInvoker.invokeConfigurations(ConfigInvoker.java:257)
at org.testng.internal.TestMethodWorker.invokeAfterClassMethods(TestMethodWorker.java:217)
at org.testng.internal.TestMethodWorker.run(TestMethodWorker.java:130)
at java.util.ArrayList.forEach(ArrayList.java:1257)
at org.testng.TestRunner.privateRun(TestRunner.java:770)
at org.testng.TestRunner.run(TestRunner.java:591)
at org.testng.SuiteRunner.runTest(SuiteRunner.java:402)
at org.testng.SuiteRunner.runSequentially(SuiteRunner.java:396)
at org.testng.SuiteRunner.privateRun(SuiteRunner.java:355)
at org.testng.SuiteRunner.run(SuiteRunner.java:304)
at org.testng.SuiteRunnerWorker.runSuite(SuiteRunnerWorker.java:53)
at org.testng.SuiteRunnerWorker.run(SuiteRunnerWorker.java:96)
at org.testng.TestNG.runSuitesSequentially(TestNG.java:1180)
at org.testng.TestNG.runSuitesLocally(TestNG.java:1102)
at org.testng.TestNG.runSuites(TestNG.java:1032)
at org.testng.TestNG.run(TestNG.java:1000)
at org.testng.remote.AbstractRemoteTestNG.run(AbstractRemoteTestNG.java:115)
at org.testng.remote.RemoteTestNG.initAndRun(RemoteTestNG.java:251)
at org.testng.remote.RemoteTestNG.main(RemoteTestNG.java:77)
]]>
            </full-stacktrace>
          </exception> <!-- java.lang.RuntimeException -->
          <reporter-output>
          </reporter-output>
        </test-method> <!-- tearDown -->
      </class> <!-- com.pss.dms.CCRejectionFlow.CCclosureApprove -->
    </test> <!-- CCWithDMSAndLMS CCClosure ReviewAndApprove -->
    <test name="LMS Exclude" duration-ms="1" started-at="2022-05-11T21:44:44 IST" finished-at="2022-05-11T21:44:44 IST">
    </test> <!-- LMS Exclude -->
  </suite> <!-- com.mycompany_DmsSeleniumMavenApp_jar_1.0-SNAPSHOT -->
</testng-results>
